#
# There is insufficient memory for the Java Runtime Environment to continue.
# Native memory allocation (mmap) failed to map 283115520 bytes for G1 virtual space
# Possible reasons:
#   The system is out of physical RAM or swap space
#   The process is running with CompressedOops enabled, and the Java Heap may be blocking the growth of the native heap
# Possible solutions:
#   Reduce memory load on the system
#   Increase physical memory or swap space
#   Check if swap backing store is full
#   Decrease Java heap size (-Xmx/-Xms)
#   Decrease number of Java threads
#   Decrease Java thread stack sizes (-Xss)
#   Set larger code cache with -XX:ReservedCodeCacheSize=
#   JVM is running with Zero Based Compressed Oops mode in which the Java heap is
#     placed in the first 32GB address space. The Java Heap base address is the
#     maximum limit for the native heap growth. Please use -XX:HeapBaseMinAddress
#     to set the Java Heap base and to place the Java Heap above 32GB virtual address.
# This output file may be truncated or incomplete.
#
#  Out of Memory Error (os_windows.cpp:3532), pid=15480, tid=10728
#
# JRE version: Java(TM) SE Runtime Environment (17.0.2+8) (build 17.0.2+8-LTS-86)
# Java VM: Java HotSpot(TM) 64-Bit Server VM (17.0.2+8-LTS-86, mixed mode, sharing, tiered, compressed oops, compressed class ptrs, g1 gc, windows-amd64)
# No core dump will be written. Minidumps are not enabled by default on client versions of Windows
#

---------------  S U M M A R Y ------------

Command Line: -Dfabric.dli.config=C:\Users\stijn\Desktop\Upgraded-Vanilla-Companion-Mod\.gradle\loom-cache\launch.cfg -Dfabric.dli.env=client -Dfabric.dli.main=net.fabricmc.loader.impl.launch.knot.KnotClient -javaagent:C:\Users\stijn\AppData\Local\JetBrains\Toolbox\apps\IDEA-U\ch-0\223.8617.56\lib\idea_rt.jar=64982:C:\Users\stijn\AppData\Local\JetBrains\Toolbox\apps\IDEA-U\ch-0\223.8617.56\bin -Dfile.encoding=UTF-8 net.fabricmc.devlaunchinjector.Main

Host: Intel(R) Core(TM) i7-8750H CPU @ 2.20GHz, 12 cores, 15G,  Windows 10 , 64 bit Build 19041 (10.0.19041.2788)
Time: Wed May 10 12:33:32 2023 W. Europe Daylight Time elapsed time: 2.683773 seconds (0d 0h 0m 2s)

---------------  T H R E A D  ---------------

Current thread (0x000001c2ef0b8de0):  VMThread "VM Thread" [stack: 0x00000033ab900000,0x00000033aba00000] [id=10728]

Stack: [0x00000033ab900000,0x00000033aba00000]
Native frames: (J=compiled Java code, j=interpreted, Vv=VM code, C=native code)
V  [jvm.dll+0x670baa]
V  [jvm.dll+0x7cfcb4]
V  [jvm.dll+0x7d145e]
V  [jvm.dll+0x7d1ac3]
V  [jvm.dll+0x242bc5]
V  [jvm.dll+0x66dac9]
V  [jvm.dll+0x662412]
V  [jvm.dll+0x300c0b]
V  [jvm.dll+0x3081a6]
V  [jvm.dll+0x357d0e]
V  [jvm.dll+0x357f3f]
V  [jvm.dll+0x2d7ec8]
V  [jvm.dll+0x2d6194]
V  [jvm.dll+0x2d579c]
V  [jvm.dll+0x3190eb]
V  [jvm.dll+0x7d5f9b]
V  [jvm.dll+0x7d6cd4]
V  [jvm.dll+0x7d71ec]
V  [jvm.dll+0x7d75c4]
V  [jvm.dll+0x7d7690]
V  [jvm.dll+0x77ff7a]
V  [jvm.dll+0x66fa35]
C  [ucrtbase.dll+0x21bb2]
C  [KERNEL32.DLL+0x17604]
C  [ntdll.dll+0x526a1]

VM_Operation (0x00000033adbfe710): G1CollectForAllocation, mode: safepoint, requested by thread 0x000001c2f0e39460


---------------  P R O C E S S  ---------------

Threads class SMR info:
_java_thread_list=0x000001c2f0f33dd0, length=27, elements={
0x000001c2cbf4bd30, 0x000001c2ef0bd170, 0x000001c2ef0bdfe0, 0x000001c2ef0d1aa0,
0x000001c2ef0d2560, 0x000001c2ef0d4f20, 0x000001c2ef0d7480, 0x000001c2ef0d9960,
0x000001c2ef0e7e40, 0x000001c2efc10060, 0x000001c2efcf5c50, 0x000001c2ef0e64f0,
0x000001c2f0645e10, 0x000001c2f0878110, 0x000001c2ef0e7930, 0x000001c2f0e3bae0,
0x000001c2f0e3b140, 0x000001c2f0e3bfb0, 0x000001c2f0e38f90, 0x000001c2f0e3b610,
0x000001c2f0e3c480, 0x000001c2f0e39930, 0x000001c2f0e3c950, 0x000001c2f0e3ac70,
0x000001c2f0e39460, 0x000001c2f0e39e00, 0x000001c2f0e3a2d0
}

Java Threads: ( => current thread )
  0x000001c2cbf4bd30 JavaThread "main" [_thread_blocked, id=14436, stack(0x00000033ab300000,0x00000033ab400000)]
  0x000001c2ef0bd170 JavaThread "Reference Handler" daemon [_thread_blocked, id=11612, stack(0x00000033aba00000,0x00000033abb00000)]
  0x000001c2ef0bdfe0 JavaThread "Finalizer" daemon [_thread_blocked, id=1356, stack(0x00000033abb00000,0x00000033abc00000)]
  0x000001c2ef0d1aa0 JavaThread "Signal Dispatcher" daemon [_thread_blocked, id=2060, stack(0x00000033abc00000,0x00000033abd00000)]
  0x000001c2ef0d2560 JavaThread "Attach Listener" daemon [_thread_blocked, id=8524, stack(0x00000033abd00000,0x00000033abe00000)]
  0x000001c2ef0d4f20 JavaThread "Service Thread" daemon [_thread_blocked, id=18236, stack(0x00000033abe00000,0x00000033abf00000)]
  0x000001c2ef0d7480 JavaThread "Monitor Deflation Thread" daemon [_thread_blocked, id=18940, stack(0x00000033abf00000,0x00000033ac000000)]
  0x000001c2ef0d9960 JavaThread "C2 CompilerThread0" daemon [_thread_in_native, id=17608, stack(0x00000033ac000000,0x00000033ac100000)]
  0x000001c2ef0e7e40 JavaThread "C1 CompilerThread0" daemon [_thread_blocked, id=12860, stack(0x00000033ac100000,0x00000033ac200000)]
  0x000001c2efc10060 JavaThread "Sweeper thread" daemon [_thread_blocked, id=17648, stack(0x00000033ac200000,0x00000033ac300000)]
  0x000001c2efcf5c50 JavaThread "Common-Cleaner" daemon [_thread_blocked, id=12252, stack(0x00000033ac300000,0x00000033ac400000)]
  0x000001c2ef0e64f0 JavaThread "C2 CompilerThread1" daemon [_thread_blocked, id=8164, stack(0x00000033ac400000,0x00000033ac500000)]
  0x000001c2f0645e10 JavaThread "Monitor Ctrl-Break" daemon [_thread_in_native, id=1832, stack(0x00000033ac500000,0x00000033ac600000)]
  0x000001c2f0878110 JavaThread "Notification Thread" daemon [_thread_blocked, id=17376, stack(0x00000033ac600000,0x00000033ac700000)]
  0x000001c2ef0e7930 JavaThread "C2 CompilerThread2" daemon [_thread_blocked, id=13724, stack(0x00000033acd00000,0x00000033ace00000)]
  0x000001c2f0e3bae0 JavaThread "pool-2-thread-1" [_thread_blocked, id=7920, stack(0x00000033ad200000,0x00000033ad300000)]
  0x000001c2f0e3b140 JavaThread "pool-2-thread-2" [_thread_blocked, id=18524, stack(0x00000033ad300000,0x00000033ad400000)]
  0x000001c2f0e3bfb0 JavaThread "pool-2-thread-3" [_thread_blocked, id=11592, stack(0x00000033ad400000,0x00000033ad500000)]
  0x000001c2f0e38f90 JavaThread "pool-2-thread-4" [_thread_blocked, id=7220, stack(0x00000033ad500000,0x00000033ad600000)]
  0x000001c2f0e3b610 JavaThread "pool-2-thread-5" [_thread_blocked, id=2992, stack(0x00000033ad600000,0x00000033ad700000)]
  0x000001c2f0e3c480 JavaThread "pool-2-thread-6" [_thread_blocked, id=15608, stack(0x00000033ad700000,0x00000033ad800000)]
  0x000001c2f0e39930 JavaThread "pool-2-thread-7" [_thread_blocked, id=18244, stack(0x00000033ad800000,0x00000033ad900000)]
  0x000001c2f0e3c950 JavaThread "pool-2-thread-8" [_thread_blocked, id=17312, stack(0x00000033ad900000,0x00000033ada00000)]
  0x000001c2f0e3ac70 JavaThread "pool-2-thread-9" [_thread_blocked, id=10128, stack(0x00000033ada00000,0x00000033adb00000)]
  0x000001c2f0e39460 JavaThread "pool-2-thread-10" [_thread_blocked, id=19412, stack(0x00000033adb00000,0x00000033adc00000)]
  0x000001c2f0e39e00 JavaThread "pool-2-thread-11" [_thread_blocked, id=18400, stack(0x00000033adc00000,0x00000033add00000)]
  0x000001c2f0e3a2d0 JavaThread "pool-2-thread-12" [_thread_blocked, id=1792, stack(0x00000033add00000,0x00000033ade00000)]

Other Threads:
=>0x000001c2ef0b8de0 VMThread "VM Thread" [stack: 0x00000033ab900000,0x00000033aba00000] [id=10728]
  0x000001c2cbfb9460 WatcherThread [stack: 0x00000033ac700000,0x00000033ac800000] [id=6776]
  0x000001c2cbf9ac40 GCTaskThread "GC Thread#0" [stack: 0x00000033ab400000,0x00000033ab500000] [id=9420]
  0x000001c2f0602a30 GCTaskThread "GC Thread#1" [stack: 0x00000033ac800000,0x00000033ac900000] [id=6240]
  0x000001c2f0878df0 GCTaskThread "GC Thread#2" [stack: 0x00000033ac900000,0x00000033aca00000] [id=18280]
  0x000001c2f0938420 GCTaskThread "GC Thread#3" [stack: 0x00000033aca00000,0x00000033acb00000] [id=16876]
  0x000001c2f0906540 GCTaskThread "GC Thread#4" [stack: 0x00000033acb00000,0x00000033acc00000] [id=17556]
  0x000001c2f0907000 GCTaskThread "GC Thread#5" [stack: 0x00000033acc00000,0x00000033acd00000] [id=15796]
  0x000001c2f0905d30 GCTaskThread "GC Thread#6" [stack: 0x00000033ace00000,0x00000033acf00000] [id=16604]
  0x000001c2f09067f0 GCTaskThread "GC Thread#7" [stack: 0x00000033acf00000,0x00000033ad000000] [id=19336]
  0x000001c2f09057d0 GCTaskThread "GC Thread#8" [stack: 0x00000033ad000000,0x00000033ad100000] [id=12188]
  0x000001c2f0905a80 GCTaskThread "GC Thread#9" [stack: 0x00000033ad100000,0x00000033ad200000] [id=4860]
  0x000001c2cbfada60 ConcurrentGCThread "G1 Main Marker" [stack: 0x00000033ab500000,0x00000033ab600000] [id=19228]
  0x000001c2cbfaec10 ConcurrentGCThread "G1 Conc#0" [stack: 0x00000033ab600000,0x00000033ab700000] [id=12124]
  0x000001c2eef730e0 ConcurrentGCThread "G1 Refine#0" [stack: 0x00000033ab700000,0x00000033ab800000] [id=6900]
  0x000001c2f0d29940 ConcurrentGCThread "G1 Refine#1" [stack: 0x00000033ade00000,0x00000033adf00000] [id=15292]
  0x000001c2f1879d00 ConcurrentGCThread "G1 Refine#2" [stack: 0x00000033adf00000,0x00000033ae000000] [id=16344]
  0x000001c2f16f4eb0 ConcurrentGCThread "G1 Refine#3" [stack: 0x00000033ae000000,0x00000033ae100000] [id=6052]
  0x000001c2f18b19b0 ConcurrentGCThread "G1 Refine#4" [stack: 0x00000033ae100000,0x00000033ae200000] [id=19208]
  0x000001c2eef73b00 ConcurrentGCThread "G1 Service" [stack: 0x00000033ab800000,0x00000033ab900000] [id=9936]

Threads with active compile tasks:
C2 CompilerThread0     2707 2996       4       org.objectweb.asm.ClassReader::accept (1412 bytes)
C2 CompilerThread1     2707 3052       4       java.util.HashSet::remove (20 bytes)
C2 CompilerThread2     2707 3069       4       jdk.nio.zipfs.ZipFileSystem::makeParentDirs (141 bytes)

VM state: at safepoint (normal execution)

VM Mutex/Monitor currently owned by a thread:  ([mutex/lock_event])
[0x000001c2cbf45620] Threads_lock - owner thread: 0x000001c2ef0b8de0
[0x000001c2cbf45fb0] Heap_lock - owner thread: 0x000001c2f0e39460

Heap address: 0x0000000701400000, size: 4076 MB, Compressed Oops mode: Zero based, Oop shift amount: 3

CDS archive(s) mapped at: [0x0000000800000000-0x0000000800bc0000-0x0000000800bc0000), size 12320768, SharedBaseAddress: 0x0000000800000000, ArchiveRelocationMode: 0.
Compressed class space mapped at: 0x0000000800c00000-0x0000000840c00000, reserved size: 1073741824
Narrow klass base: 0x0000000800000000, Narrow klass shift: 0, Narrow klass range: 0x100000000

GC Precious Log:
 CPUs: 12 total, 12 available
 Memory: 16303M
 Large Page Support: Disabled
 NUMA Support: Disabled
 Compressed Oops: Enabled (Zero based)
 Heap Region Size: 2M
 Heap Min Capacity: 8M
 Heap Initial Capacity: 256M
 Heap Max Capacity: 4076M
 Pre-touch: Disabled
 Parallel Workers: 10
 Concurrent Workers: 3
 Concurrent Refinement Workers: 10
 Periodic GC: Disabled

Heap:
 garbage-first heap   total 262144K, used 128328K [0x0000000701400000, 0x0000000800000000)
  region size 2048K, 6 young (12288K), 6 survivors (12288K)
 Metaspace       used 15828K, committed 16064K, reserved 1064960K
  class space    used 1792K, committed 1920K, reserved 1048576K

Heap Regions: E=young(eden), S=young(survivor), O=old, HS=humongous(starts), HC=humongous(continues), CS=collection set, F=free, OA=open archive, CA=closed archive, TAMS=top-at-mark-start (previous, next)
|   0|0x0000000701400000, 0x0000000701600000, 0x0000000701600000|100%|HS|  |TAMS 0x0000000701400000, 0x0000000701400000| Complete 
|   1|0x0000000701600000, 0x0000000701800000, 0x0000000701800000|100%|HS|  |TAMS 0x0000000701600000, 0x0000000701600000| Complete 
|   2|0x0000000701800000, 0x0000000701a00000, 0x0000000701a00000|100%|HC|  |TAMS 0x0000000701800000, 0x0000000701800000| Complete 
|   3|0x0000000701a00000, 0x0000000701c00000, 0x0000000701c00000|100%|HS|  |TAMS 0x0000000701a00000, 0x0000000701a00000| Complete 
|   4|0x0000000701c00000, 0x0000000701e00000, 0x0000000701e00000|100%|HS|  |TAMS 0x0000000701c00000, 0x0000000701c00000| Complete 
|   5|0x0000000701e00000, 0x0000000702000000, 0x0000000702000000|100%|HS|  |TAMS 0x0000000701e00000, 0x0000000701e00000| Complete 
|   6|0x0000000702000000, 0x0000000702200000, 0x0000000702200000|100%| O|  |TAMS 0x0000000702000000, 0x0000000702000000| Untracked 
|   7|0x0000000702200000, 0x0000000702400000, 0x0000000702400000|100%| O|  |TAMS 0x0000000702200000, 0x0000000702200000| Untracked 
|   8|0x0000000702400000, 0x0000000702600000, 0x0000000702600000|100%| O|  |TAMS 0x0000000702400000, 0x0000000702400000| Untracked 
|   9|0x0000000702600000, 0x0000000702800000, 0x0000000702800000|100%| O|  |TAMS 0x0000000702600000, 0x0000000702600000| Untracked 
|  10|0x0000000702800000, 0x0000000702a00000, 0x0000000702a00000|100%| O|  |TAMS 0x0000000702800000, 0x0000000702800000| Untracked 
|  11|0x0000000702a00000, 0x0000000702c00000, 0x0000000702c00000|100%| O|  |TAMS 0x0000000702a00000, 0x0000000702a00000| Untracked 
|  12|0x0000000702c00000, 0x0000000702e00000, 0x0000000702e00000|100%| O|  |TAMS 0x0000000702c00000, 0x0000000702c00000| Untracked 
|  13|0x0000000702e00000, 0x0000000703000000, 0x0000000703000000|100%| O|  |TAMS 0x0000000702e00000, 0x0000000702e00000| Untracked 
|  14|0x0000000703000000, 0x0000000703200000, 0x0000000703200000|100%| O|  |TAMS 0x0000000703000000, 0x0000000703000000| Untracked 
|  15|0x0000000703200000, 0x0000000703400000, 0x0000000703400000|100%| O|  |TAMS 0x0000000703200000, 0x0000000703200000| Untracked 
|  16|0x0000000703400000, 0x0000000703600000, 0x0000000703600000|100%| O|  |TAMS 0x0000000703400000, 0x0000000703400000| Untracked 
|  17|0x0000000703600000, 0x0000000703800000, 0x0000000703800000|100%| O|  |TAMS 0x0000000703600000, 0x0000000703600000| Untracked 
|  18|0x0000000703800000, 0x0000000703a00000, 0x0000000703a00000|100%| O|  |TAMS 0x0000000703800000, 0x0000000703800000| Untracked 
|  19|0x0000000703a00000, 0x0000000703c00000, 0x0000000703c00000|100%| O|  |TAMS 0x0000000703a00000, 0x0000000703a00000| Untracked 
|  20|0x0000000703c00000, 0x0000000703e00000, 0x0000000703e00000|100%| O|  |TAMS 0x0000000703c00000, 0x0000000703c00000| Untracked 
|  21|0x0000000703e00000, 0x0000000704000000, 0x0000000704000000|100%| O|  |TAMS 0x0000000703e00000, 0x0000000703e00000| Untracked 
|  22|0x0000000704000000, 0x0000000704200000, 0x0000000704200000|100%| O|  |TAMS 0x0000000704000000, 0x0000000704000000| Untracked 
|  23|0x0000000704200000, 0x0000000704400000, 0x0000000704400000|100%| O|  |TAMS 0x0000000704200000, 0x0000000704200000| Untracked 
|  24|0x0000000704400000, 0x0000000704600000, 0x0000000704600000|100%| O|  |TAMS 0x0000000704400000, 0x0000000704400000| Untracked 
|  25|0x0000000704600000, 0x0000000704800000, 0x0000000704800000|100%| O|  |TAMS 0x0000000704600000, 0x0000000704600000| Untracked 
|  26|0x0000000704800000, 0x0000000704a00000, 0x0000000704a00000|100%| O|  |TAMS 0x0000000704800000, 0x0000000704800000| Untracked 
|  27|0x0000000704a00000, 0x0000000704c00000, 0x0000000704c00000|100%| O|  |TAMS 0x0000000704a00000, 0x0000000704a00000| Untracked 
|  28|0x0000000704c00000, 0x0000000704e00000, 0x0000000704e00000|100%| O|  |TAMS 0x0000000704c00000, 0x0000000704c00000| Untracked 
|  29|0x0000000704e00000, 0x0000000705000000, 0x0000000705000000|100%| O|  |TAMS 0x0000000704e00000, 0x0000000704e00000| Untracked 
|  30|0x0000000705000000, 0x0000000705200000, 0x0000000705200000|100%| O|  |TAMS 0x0000000705000000, 0x0000000705000000| Untracked 
|  31|0x0000000705200000, 0x0000000705400000, 0x0000000705400000|100%| O|  |TAMS 0x0000000705200000, 0x0000000705200000| Untracked 
|  32|0x0000000705400000, 0x0000000705600000, 0x0000000705600000|100%| O|  |TAMS 0x0000000705400000, 0x0000000705400000| Untracked 
|  33|0x0000000705600000, 0x0000000705800000, 0x0000000705800000|100%| O|  |TAMS 0x0000000705600000, 0x0000000705600000| Untracked 
|  34|0x0000000705800000, 0x0000000705a00000, 0x0000000705a00000|100%| O|  |TAMS 0x0000000705800000, 0x0000000705800000| Untracked 
|  35|0x0000000705a00000, 0x0000000705c00000, 0x0000000705c00000|100%| O|  |TAMS 0x0000000705a00000, 0x0000000705a00000| Untracked 
|  36|0x0000000705c00000, 0x0000000705e00000, 0x0000000705e00000|100%| O|  |TAMS 0x0000000705c00000, 0x0000000705c00000| Untracked 
|  37|0x0000000705e00000, 0x0000000706000000, 0x0000000706000000|100%| O|  |TAMS 0x0000000705e00000, 0x0000000705e00000| Untracked 
|  38|0x0000000706000000, 0x0000000706200000, 0x0000000706200000|100%| O|  |TAMS 0x0000000706000000, 0x0000000706000000| Untracked 
|  39|0x0000000706200000, 0x0000000706400000, 0x0000000706400000|100%| O|  |TAMS 0x0000000706200000, 0x0000000706200000| Untracked 
|  40|0x0000000706400000, 0x0000000706600000, 0x0000000706600000|100%| O|  |TAMS 0x0000000706400000, 0x0000000706400000| Untracked 
|  41|0x0000000706600000, 0x0000000706800000, 0x0000000706800000|100%| O|  |TAMS 0x0000000706600000, 0x0000000706600000| Untracked 
|  42|0x0000000706800000, 0x0000000706a00000, 0x0000000706a00000|100%| O|  |TAMS 0x0000000706800000, 0x0000000706800000| Untracked 
|  43|0x0000000706a00000, 0x0000000706c00000, 0x0000000706c00000|100%| O|  |TAMS 0x0000000706a00000, 0x0000000706a00000| Untracked 
|  44|0x0000000706c00000, 0x0000000706e00000, 0x0000000706e00000|100%|HS|  |TAMS 0x0000000706c00000, 0x0000000706c00000| Complete 
|  45|0x0000000706e00000, 0x0000000707000000, 0x0000000707000000|100%| O|  |TAMS 0x0000000706e00000, 0x0000000706e00000| Untracked 
|  46|0x0000000707000000, 0x0000000707200000, 0x0000000707200000|100%| O|  |TAMS 0x0000000707000000, 0x0000000707000000| Untracked 
|  47|0x0000000707200000, 0x0000000707400000, 0x0000000707400000|100%| O|  |TAMS 0x0000000707200000, 0x0000000707200000| Untracked 
|  48|0x0000000707400000, 0x0000000707600000, 0x0000000707600000|100%| O|  |TAMS 0x0000000707400000, 0x0000000707400000| Untracked 
|  49|0x0000000707600000, 0x0000000707800000, 0x0000000707800000|100%| O|  |TAMS 0x0000000707600000, 0x0000000707600000| Untracked 
|  50|0x0000000707800000, 0x0000000707a00000, 0x0000000707a00000|100%| O|  |TAMS 0x0000000707800000, 0x0000000707800000| Untracked 
|  51|0x0000000707a00000, 0x0000000707c00000, 0x0000000707c00000|100%| O|  |TAMS 0x0000000707a00000, 0x0000000707a00000| Untracked 
|  52|0x0000000707c00000, 0x0000000707e00000, 0x0000000707e00000|100%| O|  |TAMS 0x0000000707c00000, 0x0000000707c00000| Untracked 
|  53|0x0000000707e00000, 0x0000000708000000, 0x0000000708000000|100%| O|  |TAMS 0x0000000707e00000, 0x0000000707e00000| Untracked 
|  54|0x0000000708000000, 0x0000000708200000, 0x0000000708200000|100%| O|  |TAMS 0x0000000708000000, 0x0000000708000000| Untracked 
|  55|0x0000000708200000, 0x0000000708400000, 0x0000000708400000|100%| O|  |TAMS 0x0000000708200000, 0x0000000708200000| Untracked 
|  56|0x0000000708400000, 0x0000000708552200, 0x0000000708600000| 66%| O|  |TAMS 0x0000000708400000, 0x0000000708400000| Untracked 
|  57|0x0000000708600000, 0x0000000708600000, 0x0000000708800000|  0%| F|  |TAMS 0x0000000708600000, 0x0000000708600000| Untracked 
|  58|0x0000000708800000, 0x0000000708800000, 0x0000000708a00000|  0%| F|  |TAMS 0x0000000708800000, 0x0000000708800000| Untracked 
|  59|0x0000000708a00000, 0x0000000708a00000, 0x0000000708c00000|  0%| F|  |TAMS 0x0000000708a00000, 0x0000000708a00000| Untracked 
|  60|0x0000000708c00000, 0x0000000708c00000, 0x0000000708e00000|  0%| F|  |TAMS 0x0000000708c00000, 0x0000000708c00000| Untracked 
|  61|0x0000000708e00000, 0x0000000708e00000, 0x0000000709000000|  0%| F|  |TAMS 0x0000000708e00000, 0x0000000708e00000| Untracked 
|  62|0x0000000709000000, 0x0000000709000000, 0x0000000709200000|  0%| F|  |TAMS 0x0000000709000000, 0x0000000709000000| Untracked 
|  63|0x0000000709200000, 0x0000000709200000, 0x0000000709400000|  0%| F|  |TAMS 0x0000000709200000, 0x0000000709200000| Untracked 
|  64|0x0000000709400000, 0x0000000709400000, 0x0000000709600000|  0%| F|  |TAMS 0x0000000709400000, 0x0000000709400000| Untracked 
|  65|0x0000000709600000, 0x0000000709600000, 0x0000000709800000|  0%| F|  |TAMS 0x0000000709600000, 0x0000000709600000| Untracked 
|  66|0x0000000709800000, 0x0000000709800000, 0x0000000709a00000|  0%| F|  |TAMS 0x0000000709800000, 0x0000000709800000| Untracked 
|  67|0x0000000709a00000, 0x0000000709a00000, 0x0000000709c00000|  0%| F|  |TAMS 0x0000000709a00000, 0x0000000709a00000| Untracked 
|  68|0x0000000709c00000, 0x0000000709c00000, 0x0000000709e00000|  0%| F|  |TAMS 0x0000000709c00000, 0x0000000709c00000| Untracked 
|  69|0x0000000709e00000, 0x0000000709e00000, 0x000000070a000000|  0%| F|  |TAMS 0x0000000709e00000, 0x0000000709e00000| Untracked 
|  70|0x000000070a000000, 0x000000070a000000, 0x000000070a200000|  0%| F|  |TAMS 0x000000070a000000, 0x000000070a000000| Untracked 
|  71|0x000000070a200000, 0x000000070a200000, 0x000000070a400000|  0%| F|  |TAMS 0x000000070a200000, 0x000000070a200000| Untracked 
|  72|0x000000070a400000, 0x000000070a400000, 0x000000070a600000|  0%| F|  |TAMS 0x000000070a400000, 0x000000070a400000| Untracked 
|  73|0x000000070a600000, 0x000000070a600000, 0x000000070a800000|  0%| F|  |TAMS 0x000000070a600000, 0x000000070a600000| Untracked 
|  74|0x000000070a800000, 0x000000070a800000, 0x000000070aa00000|  0%| F|  |TAMS 0x000000070a800000, 0x000000070a800000| Untracked 
|  75|0x000000070aa00000, 0x000000070aa00000, 0x000000070ac00000|  0%| F|  |TAMS 0x000000070aa00000, 0x000000070aa00000| Untracked 
|  76|0x000000070ac00000, 0x000000070ac00000, 0x000000070ae00000|  0%| F|  |TAMS 0x000000070ac00000, 0x000000070ac00000| Untracked 
|  77|0x000000070ae00000, 0x000000070ae00000, 0x000000070b000000|  0%| F|  |TAMS 0x000000070ae00000, 0x000000070ae00000| Untracked 
|  78|0x000000070b000000, 0x000000070b000000, 0x000000070b200000|  0%| F|  |TAMS 0x000000070b000000, 0x000000070b000000| Untracked 
|  79|0x000000070b200000, 0x000000070b200000, 0x000000070b400000|  0%| F|  |TAMS 0x000000070b200000, 0x000000070b200000| Untracked 
|  80|0x000000070b400000, 0x000000070b400000, 0x000000070b600000|  0%| F|  |TAMS 0x000000070b400000, 0x000000070b400000| Untracked 
|  81|0x000000070b600000, 0x000000070b600000, 0x000000070b800000|  0%| F|  |TAMS 0x000000070b600000, 0x000000070b600000| Untracked 
|  82|0x000000070b800000, 0x000000070b800000, 0x000000070ba00000|  0%| F|  |TAMS 0x000000070b800000, 0x000000070b800000| Untracked 
|  83|0x000000070ba00000, 0x000000070bc00000, 0x000000070bc00000|100%| S|CS|TAMS 0x000000070ba00000, 0x000000070ba00000| Complete 
|  84|0x000000070bc00000, 0x000000070be00000, 0x000000070be00000|100%| S|CS|TAMS 0x000000070bc00000, 0x000000070bc00000| Complete 
|  85|0x000000070be00000, 0x000000070c000000, 0x000000070c000000|100%| S|CS|TAMS 0x000000070be00000, 0x000000070be00000| Complete 
|  86|0x000000070c000000, 0x000000070c200000, 0x000000070c200000|100%| S|CS|TAMS 0x000000070c000000, 0x000000070c000000| Complete 
|  87|0x000000070c200000, 0x000000070c400000, 0x000000070c400000|100%| S|CS|TAMS 0x000000070c200000, 0x000000070c200000| Complete 
|  88|0x000000070c400000, 0x000000070c600000, 0x000000070c600000|100%| S|CS|TAMS 0x000000070c400000, 0x000000070c400000| Complete 
|  89|0x000000070c600000, 0x000000070c600000, 0x000000070c800000|  0%| F|  |TAMS 0x000000070c600000, 0x000000070c600000| Untracked 
|  90|0x000000070c800000, 0x000000070c800000, 0x000000070ca00000|  0%| F|  |TAMS 0x000000070c800000, 0x000000070c800000| Untracked 
|  91|0x000000070ca00000, 0x000000070ca00000, 0x000000070cc00000|  0%| F|  |TAMS 0x000000070ca00000, 0x000000070ca00000| Untracked 
|  92|0x000000070cc00000, 0x000000070cc00000, 0x000000070ce00000|  0%| F|  |TAMS 0x000000070cc00000, 0x000000070cc00000| Untracked 
|  93|0x000000070ce00000, 0x000000070ce00000, 0x000000070d000000|  0%| F|  |TAMS 0x000000070ce00000, 0x000000070ce00000| Untracked 
|  94|0x000000070d000000, 0x000000070d000000, 0x000000070d200000|  0%| F|  |TAMS 0x000000070d000000, 0x000000070d000000| Untracked 
|  95|0x000000070d200000, 0x000000070d200000, 0x000000070d400000|  0%| F|  |TAMS 0x000000070d200000, 0x000000070d200000| Untracked 
|  96|0x000000070d400000, 0x000000070d400000, 0x000000070d600000|  0%| F|  |TAMS 0x000000070d400000, 0x000000070d400000| Untracked 
|  97|0x000000070d600000, 0x000000070d600000, 0x000000070d800000|  0%| F|  |TAMS 0x000000070d600000, 0x000000070d600000| Untracked 
|  98|0x000000070d800000, 0x000000070d800000, 0x000000070da00000|  0%| F|  |TAMS 0x000000070d800000, 0x000000070d800000| Untracked 
|  99|0x000000070da00000, 0x000000070da00000, 0x000000070dc00000|  0%| F|  |TAMS 0x000000070da00000, 0x000000070da00000| Untracked 
| 100|0x000000070dc00000, 0x000000070dc00000, 0x000000070de00000|  0%| F|  |TAMS 0x000000070dc00000, 0x000000070dc00000| Untracked 
| 101|0x000000070de00000, 0x000000070de00000, 0x000000070e000000|  0%| F|  |TAMS 0x000000070de00000, 0x000000070de00000| Untracked 
| 102|0x000000070e000000, 0x000000070e000000, 0x000000070e200000|  0%| F|  |TAMS 0x000000070e000000, 0x000000070e000000| Untracked 
| 103|0x000000070e200000, 0x000000070e200000, 0x000000070e400000|  0%| F|  |TAMS 0x000000070e200000, 0x000000070e200000| Untracked 
| 104|0x000000070e400000, 0x000000070e400000, 0x000000070e600000|  0%| F|  |TAMS 0x000000070e400000, 0x000000070e400000| Untracked 
| 105|0x000000070e600000, 0x000000070e600000, 0x000000070e800000|  0%| F|  |TAMS 0x000000070e600000, 0x000000070e600000| Untracked 
| 106|0x000000070e800000, 0x000000070e800000, 0x000000070ea00000|  0%| F|  |TAMS 0x000000070e800000, 0x000000070e800000| Untracked 
| 107|0x000000070ea00000, 0x000000070ea00000, 0x000000070ec00000|  0%| F|  |TAMS 0x000000070ea00000, 0x000000070ea00000| Untracked 
| 108|0x000000070ec00000, 0x000000070ec00000, 0x000000070ee00000|  0%| F|  |TAMS 0x000000070ec00000, 0x000000070ec00000| Untracked 
| 109|0x000000070ee00000, 0x000000070ee00000, 0x000000070f000000|  0%| F|  |TAMS 0x000000070ee00000, 0x000000070ee00000| Untracked 
| 110|0x000000070f000000, 0x000000070f000000, 0x000000070f200000|  0%| F|  |TAMS 0x000000070f000000, 0x000000070f000000| Untracked 
| 111|0x000000070f200000, 0x000000070f200000, 0x000000070f400000|  0%| F|  |TAMS 0x000000070f200000, 0x000000070f200000| Untracked 
| 112|0x000000070f400000, 0x000000070f400000, 0x000000070f600000|  0%| F|  |TAMS 0x000000070f400000, 0x000000070f400000| Untracked 
| 113|0x000000070f600000, 0x000000070f600000, 0x000000070f800000|  0%| F|  |TAMS 0x000000070f600000, 0x000000070f600000| Untracked 
| 114|0x000000070f800000, 0x000000070f800000, 0x000000070fa00000|  0%| F|  |TAMS 0x000000070f800000, 0x000000070f800000| Untracked 
| 115|0x000000070fa00000, 0x000000070fa00000, 0x000000070fc00000|  0%| F|  |TAMS 0x000000070fa00000, 0x000000070fa00000| Untracked 
| 116|0x000000070fc00000, 0x000000070fc00000, 0x000000070fe00000|  0%| F|  |TAMS 0x000000070fc00000, 0x000000070fc00000| Untracked 
| 117|0x000000070fe00000, 0x000000070fe00000, 0x0000000710000000|  0%| F|  |TAMS 0x000000070fe00000, 0x000000070fe00000| Untracked 
| 118|0x0000000710000000, 0x0000000710000000, 0x0000000710200000|  0%| F|  |TAMS 0x0000000710000000, 0x0000000710000000| Untracked 
| 119|0x0000000710200000, 0x0000000710200000, 0x0000000710400000|  0%| F|  |TAMS 0x0000000710200000, 0x0000000710200000| Untracked 
| 120|0x0000000710400000, 0x0000000710400000, 0x0000000710600000|  0%| F|  |TAMS 0x0000000710400000, 0x0000000710400000| Untracked 
| 121|0x0000000710600000, 0x0000000710600000, 0x0000000710800000|  0%| F|  |TAMS 0x0000000710600000, 0x0000000710600000| Untracked 
| 122|0x0000000710800000, 0x0000000710800000, 0x0000000710a00000|  0%| F|  |TAMS 0x0000000710800000, 0x0000000710800000| Untracked 
| 123|0x0000000710a00000, 0x0000000710a00000, 0x0000000710c00000|  0%| F|  |TAMS 0x0000000710a00000, 0x0000000710a00000| Untracked 
| 124|0x0000000710c00000, 0x0000000710c00000, 0x0000000710e00000|  0%| F|  |TAMS 0x0000000710c00000, 0x0000000710c00000| Untracked 
| 125|0x0000000710e00000, 0x0000000710e00000, 0x0000000711000000|  0%| F|  |TAMS 0x0000000710e00000, 0x0000000710e00000| Untracked 
| 126|0x0000000711000000, 0x0000000711000000, 0x0000000711200000|  0%| F|  |TAMS 0x0000000711000000, 0x0000000711000000| Untracked 
| 127|0x0000000711200000, 0x0000000711200000, 0x0000000711400000|  0%| F|  |TAMS 0x0000000711200000, 0x0000000711200000| Untracked 

Card table byte_map: [0x000001c2e34e0000,0x000001c2e3ce0000] _byte_map_base: 0x000001c2dfcd6000

Marking Bits (Prev, Next): (CMBitMap*) 0x000001c2cbf9b250, (CMBitMap*) 0x000001c2cbf9b290
 Prev Bits: [0x000001c2e44e0000, 0x000001c2e8490000)
 Next Bits: [0x000001c2e8490000, 0x000001c2ec440000)

Polling page: 0x000001c2c9c60000

Metaspace:

Usage:
  Non-class:     13.71 MB used.
      Class:      1.75 MB used.
       Both:     15.46 MB used.

Virtual space:
  Non-class space:       16.00 MB reserved,      13.81 MB ( 86%) committed,  2 nodes.
      Class space:        1.00 GB reserved,       1.88 MB ( <1%) committed,  1 nodes.
             Both:        1.02 GB reserved,      15.69 MB (  2%) committed. 

Chunk freelists:
   Non-Class:  1.81 MB
       Class:  2.07 MB
        Both:  3.88 MB

MaxMetaspaceSize: unlimited
CompressedClassSpaceSize: 1.00 GB
Initial GC threshold: 21.00 MB
Current GC threshold: 21.00 MB
CDS: on
MetaspaceReclaimPolicy: balanced
 - commit_granule_bytes: 65536.
 - commit_granule_words: 8192.
 - virtual_space_node_default_size: 1048576.
 - enlarge_chunks_in_place: 1.
 - new_chunks_are_fully_committed: 0.
 - uncommit_free_chunks: 1.
 - use_allocation_guard: 0.
 - handle_deallocations: 1.


Internal statistics:

num_allocs_failed_limit: 0.
num_arena_births: 174.
num_arena_deaths: 0.
num_vsnodes_births: 3.
num_vsnodes_deaths: 0.
num_space_committed: 251.
num_space_uncommitted: 0.
num_chunks_returned_to_freelist: 0.
num_chunks_taken_from_freelist: 536.
num_chunk_merges: 0.
num_chunk_splits: 335.
num_chunks_enlarged: 230.
num_purges: 0.
num_inconsistent_stats: 0.

CodeHeap 'non-profiled nmethods': size=120000Kb used=1828Kb max_used=1828Kb free=118171Kb
 bounds [0x000001c2db260000, 0x000001c2db4d0000, 0x000001c2e2790000]
CodeHeap 'profiled nmethods': size=120000Kb used=6245Kb max_used=6245Kb free=113754Kb
 bounds [0x000001c2d3d30000, 0x000001c2d4350000, 0x000001c2db260000]
CodeHeap 'non-nmethods': size=5760Kb used=1240Kb max_used=1359Kb free=4519Kb
 bounds [0x000001c2d3790000, 0x000001c2d3a00000, 0x000001c2d3d30000]
 total_blobs=3613 nmethods=3067 adapters=458
 compilation: enabled
              stopped_count=0, restarted_count=0
 full_count=0

Compilation events (20 events):
Event: 2.636 Thread 0x000001c2ef0e7e40 3097   !   2       sun.nio.fs.WindowsChannelFactory::open (457 bytes)
Event: 2.637 Thread 0x000001c2ef0e7e40 nmethod 3097 0x000001c2d4348110 code [0x000001c2d4348360, 0x000001c2d4348c28]
Event: 2.643 Thread 0x000001c2ef0e64f0 nmethod 3086 0x000001c2db424090 code [0x000001c2db424260, 0x000001c2db424a38]
Event: 2.643 Thread 0x000001c2ef0e64f0 3071       4       java.lang.Integer::hashCode (8 bytes)
Event: 2.643 Thread 0x000001c2ef0e64f0 nmethod 3071 0x000001c2db424f90 code [0x000001c2db425100, 0x000001c2db425178]
Event: 2.643 Thread 0x000001c2ef0e64f0 3070       4       java.lang.Integer::equals (29 bytes)
Event: 2.643 Thread 0x000001c2ef0e64f0 nmethod 3070 0x000001c2db425290 code [0x000001c2db425420, 0x000001c2db4254f8]
Event: 2.643 Thread 0x000001c2ef0e64f0 3040       4       java.util.concurrent.locks.AbstractQueuedSynchronizer::acquire (20 bytes)
Event: 2.645 Thread 0x000001c2ef0e64f0 nmethod 3040 0x000001c2db425610 code [0x000001c2db4257a0, 0x000001c2db425a38]
Event: 2.645 Thread 0x000001c2ef0e64f0 3051       4       java.util.concurrent.locks.ReentrantReadWriteLock$Sync::tryRelease (51 bytes)
Event: 2.646 Thread 0x000001c2ef0e64f0 nmethod 3051 0x000001c2db425b90 code [0x000001c2db425d00, 0x000001c2db425e38]
Event: 2.646 Thread 0x000001c2ef0e64f0 3044       4       java.util.concurrent.locks.ReentrantReadWriteLock$Sync::tryAcquire (92 bytes)
Event: 2.648 Thread 0x000001c2ef0e64f0 nmethod 3044 0x000001c2db425f10 code [0x000001c2db4260a0, 0x000001c2db4262d8]
Event: 2.648 Thread 0x000001c2ef0e64f0 3047       4       java.util.HashMap::remove (26 bytes)
Event: 2.653 Thread 0x000001c2ef0e64f0 nmethod 3047 0x000001c2db426410 code [0x000001c2db4265c0, 0x000001c2db426a58]
Event: 2.653 Thread 0x000001c2ef0e64f0 3049  s    4       sun.nio.ch.ChannelInputStream::read (77 bytes)
Event: 2.667 Thread 0x000001c2ef0e7e40 3103       2       java.lang.Boolean::equals (29 bytes)
Event: 2.667 Thread 0x000001c2ef0e7e40 nmethod 3103 0x000001c2d4349110 code [0x000001c2d43492a0, 0x000001c2d4349478]
Event: 2.669 Thread 0x000001c2ef0e64f0 nmethod 3049 0x000001c2db426e10 code [0x000001c2db427020, 0x000001c2db4282f8]
Event: 2.669 Thread 0x000001c2ef0e64f0 3052       4       java.util.HashSet::remove (20 bytes)

GC Heap History (15 events):
Event: 0.702 GC heap before
{Heap before GC invocations=0 (full 0):
 garbage-first heap   total 262144K, used 32768K [0x0000000701400000, 0x0000000800000000)
  region size 2048K, 11 young (22528K), 0 survivors (0K)
 Metaspace       used 3300K, committed 3392K, reserved 1056768K
  class space    used 289K, committed 320K, reserved 1048576K
}
Event: 0.706 GC heap after
{Heap after GC invocations=1 (full 0):
 garbage-first heap   total 262144K, used 22433K [0x0000000701400000, 0x0000000800000000)
  region size 2048K, 2 young (4096K), 2 survivors (4096K)
 Metaspace       used 3300K, committed 3392K, reserved 1056768K
  class space    used 289K, committed 320K, reserved 1048576K
}
Event: 1.117 GC heap before
{Heap before GC invocations=1 (full 0):
 garbage-first heap   total 262144K, used 40865K [0x0000000701400000, 0x0000000800000000)
  region size 2048K, 11 young (22528K), 2 survivors (4096K)
 Metaspace       used 6511K, committed 6656K, reserved 1056768K
  class space    used 670K, committed 768K, reserved 1048576K
}
Event: 1.119 GC heap after
{Heap after GC invocations=2 (full 0):
 garbage-first heap   total 262144K, used 23335K [0x0000000701400000, 0x0000000800000000)
  region size 2048K, 1 young (2048K), 1 survivors (2048K)
 Metaspace       used 6511K, committed 6656K, reserved 1056768K
  class space    used 670K, committed 768K, reserved 1048576K
}
Event: 2.124 GC heap before
{Heap before GC invocations=2 (full 0):
 garbage-first heap   total 262144K, used 82727K [0x0000000701400000, 0x0000000800000000)
  region size 2048K, 29 young (59392K), 1 survivors (2048K)
 Metaspace       used 14587K, committed 14848K, reserved 1064960K
  class space    used 1670K, committed 1792K, reserved 1048576K
}
Event: 2.128 GC heap after
{Heap after GC invocations=3 (full 0):
 garbage-first heap   total 262144K, used 30136K [0x0000000701400000, 0x0000000800000000)
  region size 2048K, 4 young (8192K), 4 survivors (8192K)
 Metaspace       used 14587K, committed 14848K, reserved 1064960K
  class space    used 1670K, committed 1792K, reserved 1048576K
}
Event: 2.442 GC heap before
{Heap before GC invocations=3 (full 0):
 garbage-first heap   total 262144K, used 177592K [0x0000000701400000, 0x0000000800000000)
  region size 2048K, 76 young (155648K), 4 survivors (8192K)
 Metaspace       used 15788K, committed 16064K, reserved 1064960K
  class space    used 1790K, committed 1920K, reserved 1048576K
}
Event: 2.459 GC heap after
{Heap after GC invocations=4 (full 0):
 garbage-first heap   total 262144K, used 73034K [0x0000000701400000, 0x0000000800000000)
  region size 2048K, 10 young (20480K), 10 survivors (20480K)
 Metaspace       used 15788K, committed 16064K, reserved 1064960K
  class space    used 1790K, committed 1920K, reserved 1048576K
}
Event: 2.510 GC heap before
{Heap before GC invocations=4 (full 0):
 garbage-first heap   total 262144K, used 159050K [0x0000000701400000, 0x0000000800000000)
  region size 2048K, 53 young (108544K), 10 survivors (20480K)
 Metaspace       used 15811K, committed 16064K, reserved 1064960K
  class space    used 1791K, committed 1920K, reserved 1048576K
}
Event: 2.523 GC heap after
{Heap after GC invocations=5 (full 0):
 garbage-first heap   total 262144K, used 88518K [0x0000000701400000, 0x0000000800000000)
  region size 2048K, 7 young (14336K), 7 survivors (14336K)
 Metaspace       used 15811K, committed 16064K, reserved 1064960K
  class space    used 1791K, committed 1920K, reserved 1048576K
}
Event: 2.552 GC heap before
{Heap before GC invocations=5 (full 0):
 garbage-first heap   total 262144K, used 139718K [0x0000000701400000, 0x0000000800000000)
  region size 2048K, 33 young (67584K), 7 survivors (14336K)
 Metaspace       used 15817K, committed 16064K, reserved 1064960K
  class space    used 1791K, committed 1920K, reserved 1048576K
}
Event: 2.557 GC heap after
{Heap after GC invocations=6 (full 0):
 garbage-first heap   total 262144K, used 98289K [0x0000000701400000, 0x0000000800000000)
  region size 2048K, 5 young (10240K), 5 survivors (10240K)
 Metaspace       used 15817K, committed 16064K, reserved 1064960K
  class space    used 1791K, committed 1920K, reserved 1048576K
}
Event: 2.604 GC heap before
{Heap before GC invocations=6 (full 0):
 garbage-first heap   total 262144K, used 182257K [0x0000000701400000, 0x0000000800000000)
  region size 2048K, 46 young (94208K), 5 survivors (10240K)
 Metaspace       used 15819K, committed 16064K, reserved 1064960K
  class space    used 1791K, committed 1920K, reserved 1048576K
}
Event: 2.610 GC heap after
{Heap after GC invocations=7 (full 0):
 garbage-first heap   total 262144K, used 114437K [0x0000000701400000, 0x0000000800000000)
  region size 2048K, 6 young (12288K), 6 survivors (12288K)
 Metaspace       used 15819K, committed 16064K, reserved 1064960K
  class space    used 1791K, committed 1920K, reserved 1048576K
}
Event: 2.672 GC heap before
{Heap before GC invocations=7 (full 0):
 garbage-first heap   total 262144K, used 192261K [0x0000000701400000, 0x0000000800000000)
  region size 2048K, 45 young (92160K), 6 survivors (12288K)
 Metaspace       used 15828K, committed 16064K, reserved 1064960K
  class space    used 1792K, committed 1920K, reserved 1048576K
}

Deoptimization events (20 events):
Event: 2.468 Thread 0x000001c2f0e3b140 DEOPT PACKING pc=0x000001c2d42febc8 sp=0x00000033ad3fee50
Event: 2.468 Thread 0x000001c2f0e3b140 DEOPT UNPACKING pc=0x000001c2d37e2b43 sp=0x00000033ad3fe310 mode 0
Event: 2.470 Thread 0x000001c2f0e3bae0 DEOPT PACKING pc=0x000001c2d42febc8 sp=0x00000033ad2fed10
Event: 2.470 Thread 0x000001c2f0e3bae0 DEOPT UNPACKING pc=0x000001c2d37e2b43 sp=0x00000033ad2fe1d0 mode 0
Event: 2.472 Thread 0x000001c2f0e3c480 DEOPT PACKING pc=0x000001c2d42febc8 sp=0x00000033ad7fefd0
Event: 2.472 Thread 0x000001c2f0e39e00 DEOPT PACKING pc=0x000001c2d42febc8 sp=0x00000033adcfebd0
Event: 2.472 Thread 0x000001c2f0e39e00 DEOPT UNPACKING pc=0x000001c2d37e2b43 sp=0x00000033adcfe090 mode 0
Event: 2.472 Thread 0x000001c2f0e3c480 DEOPT UNPACKING pc=0x000001c2d37e2b43 sp=0x00000033ad7fe490 mode 0
Event: 2.474 Thread 0x000001c2f0e3c480 DEOPT PACKING pc=0x000001c2d42febc8 sp=0x00000033ad7fefd0
Event: 2.474 Thread 0x000001c2f0e3c480 DEOPT UNPACKING pc=0x000001c2d37e2b43 sp=0x00000033ad7fe490 mode 0
Event: 2.475 Thread 0x000001c2f0e3bae0 DEOPT PACKING pc=0x000001c2d42febc8 sp=0x00000033ad2fed10
Event: 2.475 Thread 0x000001c2f0e3bae0 DEOPT UNPACKING pc=0x000001c2d37e2b43 sp=0x00000033ad2fe1d0 mode 0
Event: 2.583 Thread 0x000001c2f0e3b610 Uncommon trap: trap_request=0xffffff45 fr.pc=0x000001c2db3636c8 relative=0x0000000000000788
Event: 2.583 Thread 0x000001c2f0e3b610 Uncommon trap: reason=unstable_if action=reinterpret pc=0x000001c2db3636c8 method=org.objectweb.asm.ClassReader.readUtf(II[C)Ljava/lang/String; @ 41 c2
Event: 2.583 Thread 0x000001c2f0e3b610 DEOPT PACKING pc=0x000001c2db3636c8 sp=0x00000033ad6fe7f0
Event: 2.583 Thread 0x000001c2f0e3b610 DEOPT UNPACKING pc=0x000001c2d37e23a3 sp=0x00000033ad6fe6a0 mode 2
Event: 2.616 Thread 0x000001c2f0e38f90 Uncommon trap: trap_request=0xffffff45 fr.pc=0x000001c2db4182b4 relative=0x00000000000016d4
Event: 2.616 Thread 0x000001c2f0e38f90 Uncommon trap: reason=unstable_if action=reinterpret pc=0x000001c2db4182b4 method=org.objectweb.asm.ClassReader.readField(Lorg/objectweb/asm/ClassVisitor;Lorg/objectweb/asm/Context;I)I @ 200 c2
Event: 2.616 Thread 0x000001c2f0e38f90 DEOPT PACKING pc=0x000001c2db4182b4 sp=0x00000033ad5febb0
Event: 2.616 Thread 0x000001c2f0e38f90 DEOPT UNPACKING pc=0x000001c2d37e23a3 sp=0x00000033ad5feb78 mode 2

Classes unloaded (0 events):
No events

Classes redefined (0 events):
No events

Internal exceptions (20 events):
Event: 2.352 Thread 0x000001c2cbf4bd30 Exception <a 'sun/nio/fs/WindowsException'{0x000000070b880200}> (0x000000070b880200) 
thrown [t:\workspace\open\src\hotspot\share\prims\jni.cpp, line 516]
Event: 2.352 Thread 0x000001c2cbf4bd30 Exception <a 'sun/nio/fs/WindowsException'{0x000000070b8809a0}> (0x000000070b8809a0) 
thrown [t:\workspace\open\src\hotspot\share\prims\jni.cpp, line 516]
Event: 2.353 Thread 0x000001c2cbf4bd30 Exception <a 'sun/nio/fs/WindowsException'{0x000000070b882398}> (0x000000070b882398) 
thrown [t:\workspace\open\src\hotspot\share\prims\jni.cpp, line 516]
Event: 2.354 Thread 0x000001c2cbf4bd30 Exception <a 'sun/nio/fs/WindowsException'{0x000000070b882b70}> (0x000000070b882b70) 
thrown [t:\workspace\open\src\hotspot\share\prims\jni.cpp, line 516]
Event: 2.356 Thread 0x000001c2cbf4bd30 Exception <a 'sun/nio/fs/WindowsException'{0x000000070b8844e0}> (0x000000070b8844e0) 
thrown [t:\workspace\open\src\hotspot\share\prims\jni.cpp, line 516]
Event: 2.356 Thread 0x000001c2cbf4bd30 Exception <a 'sun/nio/fs/WindowsException'{0x000000070b884cd0}> (0x000000070b884cd0) 
thrown [t:\workspace\open\src\hotspot\share\prims\jni.cpp, line 516]
Event: 2.358 Thread 0x000001c2cbf4bd30 Exception <a 'sun/nio/fs/WindowsException'{0x000000070b886530}> (0x000000070b886530) 
thrown [t:\workspace\open\src\hotspot\share\prims\jni.cpp, line 516]
Event: 2.358 Thread 0x000001c2cbf4bd30 Exception <a 'sun/nio/fs/WindowsException'{0x000000070b8873f0}> (0x000000070b8873f0) 
thrown [t:\workspace\open\src\hotspot\share\prims\jni.cpp, line 516]
Event: 2.358 Thread 0x000001c2cbf4bd30 Exception <a 'sun/nio/fs/WindowsException'{0x000000070b888390}> (0x000000070b888390) 
thrown [t:\workspace\open\src\hotspot\share\prims\jni.cpp, line 516]
Event: 2.358 Thread 0x000001c2cbf4bd30 Exception <a 'sun/nio/fs/WindowsException'{0x000000070b888be8}> (0x000000070b888be8) 
thrown [t:\workspace\open\src\hotspot\share\prims\jni.cpp, line 516]
Event: 2.361 Thread 0x000001c2cbf4bd30 Exception <a 'sun/nio/fs/WindowsException'{0x000000070b88a510}> (0x000000070b88a510) 
thrown [t:\workspace\open\src\hotspot\share\prims\jni.cpp, line 516]
Event: 2.361 Thread 0x000001c2cbf4bd30 Exception <a 'sun/nio/fs/WindowsException'{0x000000070b88b550}> (0x000000070b88b550) 
thrown [t:\workspace\open\src\hotspot\share\prims\jni.cpp, line 516]
Event: 2.363 Thread 0x000001c2cbf4bd30 Exception <a 'sun/nio/fs/WindowsException'{0x000000070b898470}> (0x000000070b898470) 
thrown [t:\workspace\open\src\hotspot\share\prims\jni.cpp, line 516]
Event: 2.363 Thread 0x000001c2cbf4bd30 Exception <a 'sun/nio/fs/WindowsException'{0x000000070b898878}> (0x000000070b898878) 
thrown [t:\workspace\open\src\hotspot\share\prims\jni.cpp, line 516]
Event: 2.363 Thread 0x000001c2cbf4bd30 Exception <a 'sun/nio/fs/WindowsException'{0x000000070b899050}> (0x000000070b899050) 
thrown [t:\workspace\open\src\hotspot\share\prims\jni.cpp, line 516]
Event: 2.363 Thread 0x000001c2cbf4bd30 Exception <a 'sun/nio/fs/WindowsException'{0x000000070b899600}> (0x000000070b899600) 
thrown [t:\workspace\open\src\hotspot\share\prims\jni.cpp, line 516]
Event: 2.365 Thread 0x000001c2cbf4bd30 Exception <a 'sun/nio/fs/WindowsException'{0x000000070b89a338}> (0x000000070b89a338) 
thrown [t:\workspace\open\src\hotspot\share\prims\jni.cpp, line 516]
Event: 2.365 Thread 0x000001c2cbf4bd30 Exception <a 'sun/nio/fs/WindowsException'{0x000000070b89a9b8}> (0x000000070b89a9b8) 
thrown [t:\workspace\open\src\hotspot\share\prims\jni.cpp, line 516]
Event: 2.367 Thread 0x000001c2cbf4bd30 Exception <a 'sun/nio/fs/WindowsException'{0x000000070b8a3910}> (0x000000070b8a3910) 
thrown [t:\workspace\open\src\hotspot\share\prims\jni.cpp, line 516]
Event: 2.367 Thread 0x000001c2cbf4bd30 Exception <a 'sun/nio/fs/WindowsException'{0x000000070b8a3d18}> (0x000000070b8a3d18) 
thrown [t:\workspace\open\src\hotspot\share\prims\jni.cpp, line 516]

VM Operations (20 events):
Event: 2.428 Executing VM operation: ICBufferFull done
Event: 2.442 Executing VM operation: G1CollectForAllocation
Event: 2.442 Executing VM operation: G1CollectForAllocation done
Event: 2.442 Executing VM operation: G1CollectForAllocation
Event: 2.459 Executing VM operation: G1CollectForAllocation done
Event: 2.510 Executing VM operation: G1CollectForAllocation
Event: 2.510 Executing VM operation: G1CollectForAllocation done
Event: 2.510 Executing VM operation: G1CollectForAllocation
Event: 2.523 Executing VM operation: G1CollectForAllocation done
Event: 2.551 Executing VM operation: G1CollectForAllocation
Event: 2.551 Executing VM operation: G1CollectForAllocation done
Event: 2.552 Executing VM operation: G1CollectForAllocation
Event: 2.557 Executing VM operation: G1CollectForAllocation done
Event: 2.604 Executing VM operation: G1CollectForAllocation
Event: 2.604 Executing VM operation: G1CollectForAllocation done
Event: 2.604 Executing VM operation: G1CollectForAllocation
Event: 2.610 Executing VM operation: G1CollectForAllocation done
Event: 2.671 Executing VM operation: G1CollectForAllocation
Event: 2.672 Executing VM operation: G1CollectForAllocation done
Event: 2.672 Executing VM operation: G1CollectForAllocation

Events (20 events):
Event: 2.309 loading class java/nio/channels/NonWritableChannelException
Event: 2.309 loading class java/nio/channels/NonWritableChannelException done
Event: 2.309 loading class java/nio/channels/ClosedChannelException
Event: 2.309 loading class java/nio/channels/ClosedChannelException done
Event: 2.322 loading class java/net/NetworkInterface$1
Event: 2.322 loading class java/net/NetworkInterface$1 done
Event: 2.343 loading class sun/security/provider/AbstractDrbg$NonceProvider
Event: 2.343 loading class sun/security/provider/AbstractDrbg$NonceProvider done
Event: 2.345 loading class java/nio/channels/Channels$1
Event: 2.345 loading class java/nio/channels/Channels$1 done
Event: 2.365 loading class java/lang/invoke/MethodHandle$1
Event: 2.365 loading class java/lang/invoke/MethodHandle$1 done
Event: 2.406 loading class java/io/DataOutputStream
Event: 2.406 loading class java/io/DataOutputStream done
Event: 2.407 loading class java/util/concurrent/CompletableFuture$Signaller
Event: 2.407 loading class java/util/concurrent/CompletableFuture$Signaller done
Event: 2.482 loading class jdk/internal/access/foreign/MemorySegmentProxy
Event: 2.482 loading class jdk/internal/access/foreign/MemorySegmentProxy done
Event: 2.670 loading class jdk/internal/misc/ScopedMemoryAccess$Scope$Handle
Event: 2.670 loading class jdk/internal/misc/ScopedMemoryAccess$Scope$Handle done


Dynamic libraries:
0x00007ff75f5b0000 - 0x00007ff75f5c0000 	C:\Program Files\Java\jdk-17.0.2\bin\java.exe
0x00007ff8ca2d0000 - 0x00007ff8ca4c8000 	C:\WINDOWS\SYSTEM32\ntdll.dll
0x00007ff8c90d0000 - 0x00007ff8c918f000 	C:\WINDOWS\System32\KERNEL32.DLL
0x00007ff8c7e40000 - 0x00007ff8c811a000 	C:\WINDOWS\System32\KERNELBASE.dll
0x00007ff8c8120000 - 0x00007ff8c8220000 	C:\WINDOWS\System32\ucrtbase.dll
0x00007ff89c940000 - 0x00007ff89c95a000 	C:\Program Files\Java\jdk-17.0.2\bin\VCRUNTIME140.dll
0x00007ff897590000 - 0x00007ff8975a8000 	C:\Program Files\Java\jdk-17.0.2\bin\jli.dll
0x00007ff8c99e0000 - 0x00007ff8c9a8e000 	C:\WINDOWS\System32\ADVAPI32.dll
0x00007ff8c9550000 - 0x00007ff8c95ee000 	C:\WINDOWS\System32\msvcrt.dll
0x00007ff8c9b60000 - 0x00007ff8c9bfc000 	C:\WINDOWS\System32\sechost.dll
0x00007ff8c8e60000 - 0x00007ff8c8f86000 	C:\WINDOWS\System32\RPCRT4.dll
0x00007ff8c8cc0000 - 0x00007ff8c8e5d000 	C:\WINDOWS\System32\USER32.dll
0x00007ff8b7400000 - 0x00007ff8b769a000 	C:\WINDOWS\WinSxS\amd64_microsoft.windows.common-controls_6595b64144ccf1df_6.0.19041.1110_none_60b5254171f9507e\COMCTL32.dll
0x00007ff8c8270000 - 0x00007ff8c8292000 	C:\WINDOWS\System32\win32u.dll
0x00007ff8c8c90000 - 0x00007ff8c8cbb000 	C:\WINDOWS\System32\GDI32.dll
0x00007ff8c7a80000 - 0x00007ff8c7b90000 	C:\WINDOWS\System32\gdi32full.dll
0x00007ff8c79e0000 - 0x00007ff8c7a7d000 	C:\WINDOWS\System32\msvcp_win.dll
0x00007ff8bd0d0000 - 0x00007ff8bd0da000 	C:\WINDOWS\SYSTEM32\VERSION.dll
0x00007ff8c9d30000 - 0x00007ff8c9d60000 	C:\WINDOWS\System32\IMM32.DLL
0x00007ff8a5560000 - 0x00007ff8a556c000 	C:\Program Files\Java\jdk-17.0.2\bin\vcruntime140_1.dll
0x00007ff8923e0000 - 0x00007ff89246d000 	C:\Program Files\Java\jdk-17.0.2\bin\msvcp140.dll
0x00007ff86d5b0000 - 0x00007ff86e171000 	C:\Program Files\Java\jdk-17.0.2\bin\server\jvm.dll
0x00007ff8c9670000 - 0x00007ff8c9678000 	C:\WINDOWS\System32\PSAPI.DLL
0x00007ff8b86d0000 - 0x00007ff8b86f7000 	C:\WINDOWS\SYSTEM32\WINMM.dll
0x00007ff8c33f0000 - 0x00007ff8c33f9000 	C:\WINDOWS\SYSTEM32\WSOCK32.dll
0x00007ff8c9680000 - 0x00007ff8c96eb000 	C:\WINDOWS\System32\WS2_32.dll
0x00007ff8c6230000 - 0x00007ff8c6242000 	C:\WINDOWS\SYSTEM32\kernel.appcore.dll
0x00007ff8a1fb0000 - 0x00007ff8a1fba000 	C:\Program Files\Java\jdk-17.0.2\bin\jimage.dll
0x00007ff8c5870000 - 0x00007ff8c5a54000 	C:\WINDOWS\SYSTEM32\DBGHELP.DLL
0x00007ff8b6a60000 - 0x00007ff8b6a94000 	C:\WINDOWS\SYSTEM32\dbgcore.DLL
0x00007ff8c82a0000 - 0x00007ff8c8322000 	C:\WINDOWS\System32\bcryptPrimitives.dll
0x00007ff8a8cf0000 - 0x00007ff8a8cfe000 	C:\Program Files\Java\jdk-17.0.2\bin\instrument.dll
0x00007ff8970e0000 - 0x00007ff897105000 	C:\Program Files\Java\jdk-17.0.2\bin\java.dll
0x00007ff8901c0000 - 0x00007ff890296000 	C:\Program Files\Java\jdk-17.0.2\bin\jsvml.dll
0x00007ff8c8540000 - 0x00007ff8c8c84000 	C:\WINDOWS\System32\SHELL32.dll
0x00007ff8c5a80000 - 0x00007ff8c6213000 	C:\WINDOWS\SYSTEM32\windows.storage.dll
0x00007ff8c9190000 - 0x00007ff8c94e4000 	C:\WINDOWS\System32\combase.dll
0x00007ff8c73d0000 - 0x00007ff8c73fe000 	C:\WINDOWS\SYSTEM32\Wldp.dll
0x00007ff8c8f90000 - 0x00007ff8c903d000 	C:\WINDOWS\System32\SHCORE.dll
0x00007ff8c9d60000 - 0x00007ff8c9db5000 	C:\WINDOWS\System32\shlwapi.dll
0x00007ff8c7920000 - 0x00007ff8c793f000 	C:\WINDOWS\SYSTEM32\profapi.dll
0x00007ff893330000 - 0x00007ff893348000 	C:\Program Files\Java\jdk-17.0.2\bin\zip.dll
0x00007ff894180000 - 0x00007ff894199000 	C:\Program Files\Java\jdk-17.0.2\bin\net.dll
0x00007ff8be710000 - 0x00007ff8be81a000 	C:\WINDOWS\SYSTEM32\WINHTTP.dll
0x00007ff8c70c0000 - 0x00007ff8c712a000 	C:\WINDOWS\system32\mswsock.dll
0x00007ff894160000 - 0x00007ff894176000 	C:\Program Files\Java\jdk-17.0.2\bin\nio.dll
0x00007ff8a8320000 - 0x00007ff8a833a000 	C:\Users\stijn\AppData\Local\JetBrains\Toolbox\apps\IDEA-U\ch-0\223.8617.56\bin\breakgen64.dll
0x00007ff8c3430000 - 0x00007ff8c3439000 	C:\Program Files\Java\jdk-17.0.2\bin\management.dll
0x00007ff8b8660000 - 0x00007ff8b866b000 	C:\Program Files\Java\jdk-17.0.2\bin\management_ext.dll
0x00007ff892360000 - 0x00007ff892377000 	C:\WINDOWS\system32\napinsp.dll
0x00007ff892340000 - 0x00007ff89235b000 	C:\WINDOWS\system32\pnrpnsp.dll
0x00007ff8c27f0000 - 0x00007ff8c2805000 	C:\WINDOWS\system32\wshbth.dll
0x00007ff8c3390000 - 0x00007ff8c33ad000 	C:\WINDOWS\system32\NLAapi.dll
0x00007ff8c6db0000 - 0x00007ff8c6dec000 	C:\WINDOWS\SYSTEM32\IPHLPAPI.DLL
0x00007ff8c6df0000 - 0x00007ff8c6ebb000 	C:\WINDOWS\SYSTEM32\DNSAPI.dll
0x00007ff8c9d20000 - 0x00007ff8c9d28000 	C:\WINDOWS\System32\NSI.dll
0x00007ff8922b0000 - 0x00007ff8922c2000 	C:\WINDOWS\System32\winrnr.dll
0x00007ff8c00c0000 - 0x00007ff8c00ca000 	C:\Windows\System32\rasadhlp.dll
0x00007ff8bd3d0000 - 0x00007ff8bd450000 	C:\WINDOWS\System32\fwpuclnt.dll
0x00007ff8c7c00000 - 0x00007ff8c7c27000 	C:\WINDOWS\System32\bcrypt.dll
0x00007ff8a1d90000 - 0x00007ff8a1da0000 	C:\Program Files\Java\jdk-17.0.2\bin\verify.dll
0x00007ff8c72b0000 - 0x00007ff8c72c8000 	C:\WINDOWS\SYSTEM32\CRYPTSP.dll
0x00007ff8c69e0000 - 0x00007ff8c6a14000 	C:\WINDOWS\system32\rsaenh.dll
0x00007ff8c78e0000 - 0x00007ff8c790e000 	C:\WINDOWS\SYSTEM32\USERENV.dll
0x00007ff8c72d0000 - 0x00007ff8c72dc000 	C:\WINDOWS\SYSTEM32\CRYPTBASE.dll
0x00007ff8bf2a0000 - 0x00007ff8bf2b7000 	C:\WINDOWS\SYSTEM32\dhcpcsvc6.DLL
0x00007ff8c02d0000 - 0x00007ff8c02ed000 	C:\WINDOWS\SYSTEM32\dhcpcsvc.DLL

dbghelp: loaded successfully - version: 4.0.5 - missing functions: none
symbol engine: initialized successfully - sym options: 0x614 - pdb path: .;C:\Program Files\Java\jdk-17.0.2\bin;C:\WINDOWS\SYSTEM32;C:\WINDOWS\WinSxS\amd64_microsoft.windows.common-controls_6595b64144ccf1df_6.0.19041.1110_none_60b5254171f9507e;C:\Program Files\Java\jdk-17.0.2\bin\server;C:\Users\stijn\AppData\Local\JetBrains\Toolbox\apps\IDEA-U\ch-0\223.8617.56\bin

VM Arguments:
jvm_args: -Dfabric.dli.config=C:\Users\stijn\Desktop\Upgraded-Vanilla-Companion-Mod\.gradle\loom-cache\launch.cfg -Dfabric.dli.env=client -Dfabric.dli.main=net.fabricmc.loader.impl.launch.knot.KnotClient -javaagent:C:\Users\stijn\AppData\Local\JetBrains\Toolbox\apps\IDEA-U\ch-0\223.8617.56\lib\idea_rt.jar=64982:C:\Users\stijn\AppData\Local\JetBrains\Toolbox\apps\IDEA-U\ch-0\223.8617.56\bin -Dfile.encoding=UTF-8 
java_command: net.fabricmc.devlaunchinjector.Main
java_class_path (initial): C:\Users\stijn\Desktop\Upgraded-Vanilla-Companion-Mod\build\classes\java\main;C:\Users\stijn\Desktop\Upgraded-Vanilla-Companion-Mod\build\resources\main;C:\Users\stijn\.gradle\caches\modules-2\files-2.1\com.electronwill.night-config\toml\3.6.5\76d244e23fd69c681c2effcdaa602950167ec406\toml-3.6.5.jar;C:\Users\stijn\.gradle\caches\modules-2\files-2.1\com.electronwill.night-config\core\3.6.5\96a255af6a7a2e23d2be6f393b7cabb80aa180a4\core-3.6.5.jar;C:\Users\stijn\.gradle\caches\modules-2\files-2.1\com.google.code.findbugs\jsr305\3.0.2\25ea2e8b0c338a877313bd4672d3fe056ea78f0d\jsr305-3.0.2.jar;C:\Users\stijn\.gradle\caches\modules-2\files-2.1\javax.annotation\javax.annotation-api\1.3.2\934c04d3cfef185a8008e7bf34331b79730a9d43\javax.annotation-api-1.3.2.jar;C:\Users\stijn\.gradle\caches\modules-2\files-2.1\com.github.LlamaLad7\MixinExtras\0.1.1\509f2869426473a0faec75539db756367065816d\MixinExtras-0.1.1.jar;C:\Users\stijn\.gradle\caches\modules-2\files-2.1\blue.endless\jankson\1.2.0\3a596049034f2952c0b2d40ca41f9b98856d5fb4\jankson-1.2.0.jar;C:\Users\stijn\.gradle\caches\modules-2\files-2.1\com.moandjiezana.toml\toml4j\0.7.2\a03337911d0bd2c40932aca3946edb30d0e7d0c\toml4j-0.7.2.jar;C:\Users\stijn\.gradle\caches\modules-2\files-2.1\org.yaml\snakeyaml\1.27\359d62567480b07a679dc643f82fc926b100eed5\snakeyaml-1.27.jar;C:\Users\stijn\.gradle\caches\modules-2\files-2.1\com.google.code.gson\gson\2.8.9\8a432c1d6825781e21a02db2e2c33c5fde2833b9\gson-2.8.9.jar;C:\Users\stijn\.gradle\caches\modules-2\files-2.1\net.fabricmc\tiny-mappings-parser\0.3.0+build.17\2f10540a290e382a7cd35c16ec3900046a4e252\tiny-mappings-parser-0.3.0+build.17.jar;C:\Users\stijn\.gradle\caches\modules-2\files-2.1\net.fabricmc\sponge-mixin\0.11.4+mixin.0.8.5\c1dc27696aa4006e492c2485c9ccbcb26045a971\sponge-mixin-0.11.4+mixin.0.8.5.jar;C:\Users\stijn\.gradle\caches\modules-2\files-2.1\net.fabricmc\tiny-remapper\0.8.2\2cc6565989469ec38893bfb7802b31c0d0d11ea0\tiny-remapper-0.8.2.jar;C:\Users\st
Launcher Type: SUN_STANDARD

[Global flags]
     intx CICompilerCount                          = 4                                         {product} {ergonomic}
     uint ConcGCThreads                            = 3                                         {product} {ergonomic}
     uint G1ConcRefinementThreads                  = 10                                        {product} {ergonomic}
   size_t G1HeapRegionSize                         = 2097152                                   {product} {ergonomic}
    uintx GCDrainStackTargetSize                   = 64                                        {product} {ergonomic}
   size_t InitialHeapSize                          = 268435456                                 {product} {ergonomic}
   size_t MarkStackSize                            = 4194304                                   {product} {ergonomic}
   size_t MaxHeapSize                              = 4273995776                                {product} {ergonomic}
   size_t MaxNewSize                               = 2562719744                                {product} {ergonomic}
   size_t MinHeapDeltaBytes                        = 2097152                                   {product} {ergonomic}
   size_t MinHeapSize                              = 8388608                                   {product} {ergonomic}
    uintx NonNMethodCodeHeapSize                   = 5839372                                {pd product} {ergonomic}
    uintx NonProfiledCodeHeapSize                  = 122909434                              {pd product} {ergonomic}
    uintx ProfiledCodeHeapSize                     = 122909434                              {pd product} {ergonomic}
    uintx ReservedCodeCacheSize                    = 251658240                              {pd product} {ergonomic}
     bool SegmentedCodeCache                       = true                                      {product} {ergonomic}
   size_t SoftMaxHeapSize                          = 4273995776                             {manageable} {ergonomic}
     bool UseCompressedClassPointers               = true                           {product lp64_product} {ergonomic}
     bool UseCompressedOops                        = true                           {product lp64_product} {ergonomic}
     bool UseG1GC                                  = true                                      {product} {ergonomic}
     bool UseLargePagesIndividualAllocation        = false                                  {pd product} {ergonomic}

Logging:
Log output configuration:
 #0: stdout all=warning uptime,level,tags
 #1: stderr all=off uptime,level,tags

Environment Variables:
JAVA_HOME=C:\Program Files\Java\jdk-17.0.2\
PATH=C:\Python311\Scripts\;C:\Python311\;C:\Program Files\Eclipse Adoptium\jdk-17.0.6.10-hotspot\bin;C:\Program Files\Microsoft\jdk-17.0.6.10-hotspot\bin;D:\Oculus\Support\oculus-runtime;C:\Program Files (x86)\Common Files\Oracle\Java\javapath;C:\Program Files\Microsoft MPI\Bin\;C:\Program Files (x86)\Common Files\Intel\Shared Libraries\redist\intel64\compiler;C:\Windows\system32;C:\Windows;C:\Windows\System32\Wbem;C:\Windows\System32\WindowsPowerShell\v1.0\;C:\Windows\System32\OpenSSH\;C:\Program Files (x86)\NVIDIA Corporation\PhysX\Common;C:\WINDOWS\system32;C:\WINDOWS;C:\WINDOWS\System32\Wbem;C:\WINDOWS\System32\WindowsPowerShell\v1.0\;C:\WINDOWS\System32\OpenSSH\;C:\Go\bin;C:\Program Files\WorldPainter;C:\Program Files\Prio;C:\Program Files\dotnet\;C:\Program Files (x86)\Microsoft SQL Server\150\Tools\Binn\;C:\Program Files\Microsoft SQL Server\150\Tools\Binn\;C:\Program Files (x86)\Microsoft SQL Server\150\DTS\Binn\;C:\Program Files\Microsoft SQL Server\150\DTS\Binn\;C:\Program Files\Microsoft SQL Server\Client SDK\ODBC\170\Tools\Binn\;C:\Program Files\Azure Data Studio\bin;C:\Program Files\Docker\Docker\resources\bin;C:\ProgramData\DockerDesktop\version-bin;C:\Program Files\Java\jdk-16.0.2\bin;C:\Program Files\Java\scripts;C:\sqlite3;D:\vclibs\SDL2-2.24.0\lib\x64;C:\Program Files\MongoDB\Server\6.0\bin;C:\Program Files\MongoDB\Tools\100\bin;C:\Program Files\NVIDIA Corporation\NVIDIA NvDLISR;C:\apache-maven-3.8.7\bin;C:\Program Files\ArangoDB3 3.10.3\usr\bin;C:\Program Files\Git\cmd;C:\Program Files\nodejs\;C:\ProgramData\chocolatey\bin;C:\Users\stijn\AppData\Local\Microsoft\WindowsApps;C:\Users\stijn\go\bin;C:\Program Files\Azure Data Studio\bin;C:\Users\stijn\AppData\Local\Programs\Microsoft VS Code\bin;C:\Users\stijn\AppData\Local\GitHubDesktop\bin;C:\Program Files\JetBrains\IntelliJ IDEA 2021.3.2\bin;C:\msys64\mingw64\bin;C:\Users\stijn\.dotnet\tools;C:\Users\stijn\AppData\Local\JetBrains\Toolbox\scripts;C:\FFmpeg\bin;C:\Program Files\Microsoft JDBC DRIVER 11.
USERNAME=Stijn Arts
OS=Windows_NT
PROCESSOR_IDENTIFIER=Intel64 Family 6 Model 158 Stepping 10, GenuineIntel



---------------  S Y S T E M  ---------------

OS:
 Windows 10 , 64 bit Build 19041 (10.0.19041.2788)
OS uptime: 0 days 1:05 hours

CPU: total 12 (initial active 12) (6 cores per cpu, 2 threads per core) family 6 model 158 stepping 10 microcode 0xd6, cx8, cmov, fxsr, ht, mmx, 3dnowpref, sse, sse2, sse3, ssse3, sse4.1, sse4.2, popcnt, lzcnt, tsc, tscinvbit, avx, avx2, aes, erms, clmul, bmi1, bmi2, adx, fma, vzeroupper, clflush, clflushopt

Memory: 4k page, system-wide physical 16303M (9655M free)
TotalPageFile size 26303M (AvailPageFile size 159M)
current process WorkingSet (physical memory assigned to process): 368M, peak: 368M
current process commit charge ("private bytes"): 429M, peak: 699M

vm_info: Java HotSpot(TM) 64-Bit Server VM (17.0.2+8-LTS-86) for windows-amd64 JRE (17.0.2+8-LTS-86), built on Dec  7 2021 21:51:03 by "mach5one" with MS VC++ 16.8 / 16.9 (VS2019)

END.
