#
# There is insufficient memory for the Java Runtime Environment to continue.
# Native memory allocation (mmap) failed to map 390070272 bytes for G1 virtual space
# Possible reasons:
#   The system is out of physical RAM or swap space
#   The process is running with CompressedOops enabled, and the Java Heap may be blocking the growth of the native heap
# Possible solutions:
#   Reduce memory load on the system
#   Increase physical memory or swap space
#   Check if swap backing store is full
#   Decrease Java heap size (-Xmx/-Xms)
#   Decrease number of Java threads
#   Decrease Java thread stack sizes (-Xss)
#   Set larger code cache with -XX:ReservedCodeCacheSize=
#   JVM is running with Zero Based Compressed Oops mode in which the Java heap is
#     placed in the first 32GB address space. The Java Heap base address is the
#     maximum limit for the native heap growth. Please use -XX:HeapBaseMinAddress
#     to set the Java Heap base and to place the Java Heap above 32GB virtual address.
# This output file may be truncated or incomplete.
#
#  Out of Memory Error (os_windows.cpp:3532), pid=18012, tid=6900
#
# JRE version: Java(TM) SE Runtime Environment (17.0.2+8) (build 17.0.2+8-LTS-86)
# Java VM: Java HotSpot(TM) 64-Bit Server VM (17.0.2+8-LTS-86, mixed mode, sharing, tiered, compressed oops, compressed class ptrs, g1 gc, windows-amd64)
# No core dump will be written. Minidumps are not enabled by default on client versions of Windows
#

---------------  S U M M A R Y ------------

Command Line: -Dfabric.dli.config=C:\Users\stijn\Desktop\Upgraded-Vanilla-Companion-Mod\.gradle\loom-cache\launch.cfg -Dfabric.dli.env=client -Dfabric.dli.main=net.fabricmc.loader.impl.launch.knot.KnotClient -javaagent:C:\Users\stijn\AppData\Local\JetBrains\Toolbox\apps\IDEA-U\ch-0\223.8617.56\lib\idea_rt.jar=64956:C:\Users\stijn\AppData\Local\JetBrains\Toolbox\apps\IDEA-U\ch-0\223.8617.56\bin -Dfile.encoding=UTF-8 net.fabricmc.devlaunchinjector.Main

Host: Intel(R) Core(TM) i7-8750H CPU @ 2.20GHz, 12 cores, 15G,  Windows 10 , 64 bit Build 19041 (10.0.19041.2788)
Time: Wed May 10 12:32:37 2023 W. Europe Daylight Time elapsed time: 3.942631 seconds (0d 0h 0m 3s)

---------------  T H R E A D  ---------------

Current thread (0x0000021bbfbca4c0):  VMThread "VM Thread" [stack: 0x000000613f600000,0x000000613f700000] [id=6900]

Stack: [0x000000613f600000,0x000000613f700000]
Native frames: (J=compiled Java code, j=interpreted, Vv=VM code, C=native code)
V  [jvm.dll+0x670baa]
V  [jvm.dll+0x7cfcb4]
V  [jvm.dll+0x7d145e]
V  [jvm.dll+0x7d1ac3]
V  [jvm.dll+0x242bc5]
V  [jvm.dll+0x66dac9]
V  [jvm.dll+0x662412]
V  [jvm.dll+0x300c0b]
V  [jvm.dll+0x3081a6]
V  [jvm.dll+0x357d0e]
V  [jvm.dll+0x357f3f]
V  [jvm.dll+0x2d7ec8]
V  [jvm.dll+0x2d6194]
V  [jvm.dll+0x2d579c]
V  [jvm.dll+0x3190eb]
V  [jvm.dll+0x7d5f9b]
V  [jvm.dll+0x7d6cd4]
V  [jvm.dll+0x7d71ec]
V  [jvm.dll+0x7d75c4]
V  [jvm.dll+0x7d7690]
V  [jvm.dll+0x77ff7a]
V  [jvm.dll+0x66fa35]
C  [ucrtbase.dll+0x21bb2]
C  [KERNEL32.DLL+0x17604]
C  [ntdll.dll+0x526a1]

VM_Operation (0x00000061410fe780): G1CollectForAllocation, mode: safepoint, requested by thread 0x0000021bc1babee0


---------------  P R O C E S S  ---------------

Threads class SMR info:
_java_thread_list=0x0000021bc31777b0, length=27, elements={
0x0000021b9ca5abc0, 0x0000021bbfbcefd0, 0x0000021bbfbd0c00, 0x0000021bbfbde5d0,
0x0000021bbfbdf090, 0x0000021bbfbe3e70, 0x0000021bbfbe4730, 0x0000021bbfbea830,
0x0000021bbfbf5200, 0x0000021bc0508070, 0x0000021bbfbb80e0, 0x0000021bc0779b20,
0x0000021bc0bec400, 0x0000021bc0c65f10, 0x0000021bc1398f60, 0x0000021bc1bac3b0,
0x0000021bc1babee0, 0x0000021bc1bad6f0, 0x0000021bc1baaba0, 0x0000021bc1bad220,
0x0000021bc1bac880, 0x0000021bc1bae090, 0x0000021bc1bab070, 0x0000021bc1bae560,
0x0000021bc1badbc0, 0x0000021bc1bacd50, 0x0000021bc1bab540
}

Java Threads: ( => current thread )
  0x0000021b9ca5abc0 JavaThread "main" [_thread_blocked, id=17716, stack(0x000000613f000000,0x000000613f100000)]
  0x0000021bbfbcefd0 JavaThread "Reference Handler" daemon [_thread_blocked, id=3852, stack(0x000000613f700000,0x000000613f800000)]
  0x0000021bbfbd0c00 JavaThread "Finalizer" daemon [_thread_blocked, id=2016, stack(0x000000613f800000,0x000000613f900000)]
  0x0000021bbfbde5d0 JavaThread "Signal Dispatcher" daemon [_thread_blocked, id=6552, stack(0x000000613f900000,0x000000613fa00000)]
  0x0000021bbfbdf090 JavaThread "Attach Listener" daemon [_thread_blocked, id=1440, stack(0x000000613fa00000,0x000000613fb00000)]
  0x0000021bbfbe3e70 JavaThread "Service Thread" daemon [_thread_blocked, id=11952, stack(0x000000613fb00000,0x000000613fc00000)]
  0x0000021bbfbe4730 JavaThread "Monitor Deflation Thread" daemon [_thread_blocked, id=9224, stack(0x000000613fc00000,0x000000613fd00000)]
  0x0000021bbfbea830 JavaThread "C2 CompilerThread0" daemon [_thread_blocked, id=3548, stack(0x000000613fd00000,0x000000613fe00000)]
  0x0000021bbfbf5200 JavaThread "C1 CompilerThread0" daemon [_thread_blocked, id=14468, stack(0x000000613fe00000,0x000000613ff00000)]
  0x0000021bc0508070 JavaThread "Sweeper thread" daemon [_thread_blocked, id=18908, stack(0x000000613ff00000,0x0000006140000000)]
  0x0000021bbfbb80e0 JavaThread "Common-Cleaner" daemon [_thread_blocked, id=12536, stack(0x0000006140000000,0x0000006140100000)]
  0x0000021bc0779b20 JavaThread "C2 CompilerThread1" daemon [_thread_blocked, id=10792, stack(0x0000006140100000,0x0000006140200000)]
  0x0000021bc0bec400 JavaThread "Monitor Ctrl-Break" daemon [_thread_in_native, id=17904, stack(0x0000006140200000,0x0000006140300000)]
  0x0000021bc0c65f10 JavaThread "Notification Thread" daemon [_thread_blocked, id=18508, stack(0x0000006140300000,0x0000006140400000)]
  0x0000021bc1398f60 JavaThread "C2 CompilerThread2" daemon [_thread_blocked, id=19072, stack(0x0000006140a00000,0x0000006140b00000)]
  0x0000021bc1bac3b0 JavaThread "pool-2-thread-1" [_thread_blocked, id=8836, stack(0x0000006140f00000,0x0000006141000000)]
  0x0000021bc1babee0 JavaThread "pool-2-thread-2" [_thread_blocked, id=7568, stack(0x0000006141000000,0x0000006141100000)]
  0x0000021bc1bad6f0 JavaThread "pool-2-thread-3" [_thread_blocked, id=18236, stack(0x0000006141100000,0x0000006141200000)]
  0x0000021bc1baaba0 JavaThread "pool-2-thread-4" [_thread_blocked, id=14500, stack(0x0000006141200000,0x0000006141300000)]
  0x0000021bc1bad220 JavaThread "pool-2-thread-5" [_thread_blocked, id=1356, stack(0x0000006141300000,0x0000006141400000)]
  0x0000021bc1bac880 JavaThread "pool-2-thread-6" [_thread_blocked, id=12124, stack(0x0000006141400000,0x0000006141500000)]
  0x0000021bc1bae090 JavaThread "pool-2-thread-7" [_thread_blocked, id=4244, stack(0x0000006141500000,0x0000006141600000)]
  0x0000021bc1bab070 JavaThread "pool-2-thread-8" [_thread_blocked, id=6496, stack(0x0000006141600000,0x0000006141700000)]
  0x0000021bc1bae560 JavaThread "pool-2-thread-9" [_thread_blocked, id=18620, stack(0x0000006141700000,0x0000006141800000)]
  0x0000021bc1badbc0 JavaThread "pool-2-thread-10" [_thread_blocked, id=10244, stack(0x0000006141800000,0x0000006141900000)]
  0x0000021bc1bacd50 JavaThread "pool-2-thread-11" [_thread_blocked, id=18252, stack(0x0000006141900000,0x0000006141a00000)]
  0x0000021bc1bab540 JavaThread "pool-2-thread-12" [_thread_blocked, id=12572, stack(0x0000006141a00000,0x0000006141b00000)]

Other Threads:
=>0x0000021bbfbca4c0 VMThread "VM Thread" [stack: 0x000000613f600000,0x000000613f700000] [id=6900]
  0x0000021b9cacecb0 WatcherThread [stack: 0x0000006140400000,0x0000006140500000] [id=17880]
  0x0000021b9caa8bd0 GCTaskThread "GC Thread#0" [stack: 0x000000613f100000,0x000000613f200000] [id=17588]
  0x0000021bc1157930 GCTaskThread "GC Thread#1" [stack: 0x0000006140500000,0x0000006140600000] [id=11932]
  0x0000021bc1157be0 GCTaskThread "GC Thread#2" [stack: 0x0000006140600000,0x0000006140700000] [id=4384]
  0x0000021bc135c7a0 GCTaskThread "GC Thread#3" [stack: 0x0000006140700000,0x0000006140800000] [id=2060]
  0x0000021bc135ca50 GCTaskThread "GC Thread#4" [stack: 0x0000006140800000,0x0000006140900000] [id=19244]
  0x0000021bc10a97e0 GCTaskThread "GC Thread#5" [stack: 0x0000006140900000,0x0000006140a00000] [id=15524]
  0x0000021bc1e93820 GCTaskThread "GC Thread#6" [stack: 0x0000006140b00000,0x0000006140c00000] [id=11420]
  0x0000021bc1bfbc30 GCTaskThread "GC Thread#7" [stack: 0x0000006140c00000,0x0000006140d00000] [id=17976]
  0x0000021bc3760fa0 GCTaskThread "GC Thread#8" [stack: 0x0000006140d00000,0x0000006140e00000] [id=10964]
  0x0000021bc23854b0 GCTaskThread "GC Thread#9" [stack: 0x0000006140e00000,0x0000006140f00000] [id=14484]
  0x0000021b9cabb9f0 ConcurrentGCThread "G1 Main Marker" [stack: 0x000000613f200000,0x000000613f300000] [id=7564]
  0x0000021b9cabcba0 ConcurrentGCThread "G1 Conc#0" [stack: 0x000000613f300000,0x000000613f400000] [id=10472]
  0x0000021bbfa834e0 ConcurrentGCThread "G1 Refine#0" [stack: 0x000000613f400000,0x000000613f500000] [id=13296]
  0x0000021bc1e78040 ConcurrentGCThread "G1 Refine#1" [stack: 0x0000006141b00000,0x0000006141c00000] [id=15980]
  0x0000021bc401a5b0 ConcurrentGCThread "G1 Refine#2" [stack: 0x0000006141c00000,0x0000006141d00000] [id=9936]
  0x0000021bc2adb130 ConcurrentGCThread "G1 Refine#3" [stack: 0x0000006141d00000,0x0000006141e00000] [id=8408]
  0x0000021bc26f2050 ConcurrentGCThread "G1 Refine#4" [stack: 0x0000006141e00000,0x0000006141f00000] [id=11612]
  0x0000021bc2086d00 ConcurrentGCThread "G1 Refine#5" [stack: 0x0000006141f00000,0x0000006142000000] [id=12820]
  0x0000021bc1390390 ConcurrentGCThread "G1 Refine#6" [stack: 0x0000006142000000,0x0000006142100000] [id=4364]
  0x0000021bc2476fc0 ConcurrentGCThread "G1 Refine#7" [stack: 0x0000006142100000,0x0000006142200000] [id=15516]
  0x0000021bc3d47f20 ConcurrentGCThread "G1 Refine#8" [stack: 0x0000006142200000,0x0000006142300000] [id=16296]
  0x0000021b9cb1b960 ConcurrentGCThread "G1 Service" [stack: 0x000000613f500000,0x000000613f600000] [id=12492]

Threads with active compile tasks:
C2 CompilerThread0     3972 3338 %     4       java.util.LinkedHashMap::valuesToArray @ 10 (38 bytes)
C2 CompilerThread2     3972 3337 %     4       jdk.nio.zipfs.ZipFileSystem::initCEN @ 203 (474 bytes)

VM state: at safepoint (normal execution)

VM Mutex/Monitor currently owned by a thread:  ([mutex/lock_event])
[0x0000021b9ca56000] Threads_lock - owner thread: 0x0000021bbfbca4c0
[0x0000021b9ca555e0] Heap_lock - owner thread: 0x0000021bc1babee0

Heap address: 0x0000000701400000, size: 4076 MB, Compressed Oops mode: Zero based, Oop shift amount: 3

CDS archive(s) mapped at: [0x0000000800000000-0x0000000800bc0000-0x0000000800bc0000), size 12320768, SharedBaseAddress: 0x0000000800000000, ArchiveRelocationMode: 0.
Compressed class space mapped at: 0x0000000800c00000-0x0000000840c00000, reserved size: 1073741824
Narrow klass base: 0x0000000800000000, Narrow klass shift: 0, Narrow klass range: 0x100000000

GC Precious Log:
 CPUs: 12 total, 12 available
 Memory: 16303M
 Large Page Support: Disabled
 NUMA Support: Disabled
 Compressed Oops: Enabled (Zero based)
 Heap Region Size: 2M
 Heap Min Capacity: 8M
 Heap Initial Capacity: 256M
 Heap Max Capacity: 4076M
 Pre-touch: Disabled
 Parallel Workers: 10
 Concurrent Workers: 3
 Concurrent Refinement Workers: 10
 Periodic GC: Disabled

Heap:
 garbage-first heap   total 524288K, used 259122K [0x0000000701400000, 0x0000000800000000)
  region size 2048K, 12 young (24576K), 12 survivors (24576K)
 Metaspace       used 15920K, committed 16192K, reserved 1064960K
  class space    used 1791K, committed 1920K, reserved 1048576K

Heap Regions: E=young(eden), S=young(survivor), O=old, HS=humongous(starts), HC=humongous(continues), CS=collection set, F=free, OA=open archive, CA=closed archive, TAMS=top-at-mark-start (previous, next)
|   0|0x0000000701400000, 0x0000000701600000, 0x0000000701600000|100%|HS|  |TAMS 0x0000000701400000, 0x0000000701400000| Complete 
|   1|0x0000000701600000, 0x0000000701800000, 0x0000000701800000|100%|HS|  |TAMS 0x0000000701600000, 0x0000000701600000| Complete 
|   2|0x0000000701800000, 0x0000000701a00000, 0x0000000701a00000|100%|HC|  |TAMS 0x0000000701800000, 0x0000000701800000| Complete 
|   3|0x0000000701a00000, 0x0000000701c00000, 0x0000000701c00000|100%|HS|  |TAMS 0x0000000701a00000, 0x0000000701a00000| Complete 
|   4|0x0000000701c00000, 0x0000000701e00000, 0x0000000701e00000|100%|HS|  |TAMS 0x0000000701c00000, 0x0000000701c00000| Complete 
|   5|0x0000000701e00000, 0x0000000702000000, 0x0000000702000000|100%|HS|  |TAMS 0x0000000701e00000, 0x0000000701e00000| Complete 
|   6|0x0000000702000000, 0x0000000702200000, 0x0000000702200000|100%| O|  |TAMS 0x0000000702000000, 0x0000000702000000| Untracked 
|   7|0x0000000702200000, 0x0000000702400000, 0x0000000702400000|100%| O|  |TAMS 0x0000000702200000, 0x0000000702200000| Untracked 
|   8|0x0000000702400000, 0x0000000702600000, 0x0000000702600000|100%| O|  |TAMS 0x0000000702400000, 0x0000000702400000| Untracked 
|   9|0x0000000702600000, 0x0000000702800000, 0x0000000702800000|100%| O|  |TAMS 0x0000000702600000, 0x0000000702600000| Untracked 
|  10|0x0000000702800000, 0x0000000702a00000, 0x0000000702a00000|100%| O|  |TAMS 0x0000000702800000, 0x0000000702800000| Untracked 
|  11|0x0000000702a00000, 0x0000000702c00000, 0x0000000702c00000|100%| O|  |TAMS 0x0000000702a00000, 0x0000000702a00000| Untracked 
|  12|0x0000000702c00000, 0x0000000702e00000, 0x0000000702e00000|100%| O|  |TAMS 0x0000000702c00000, 0x0000000702c00000| Untracked 
|  13|0x0000000702e00000, 0x0000000703000000, 0x0000000703000000|100%| O|  |TAMS 0x0000000702e00000, 0x0000000702e00000| Untracked 
|  14|0x0000000703000000, 0x0000000703200000, 0x0000000703200000|100%| O|  |TAMS 0x0000000703000000, 0x0000000703000000| Untracked 
|  15|0x0000000703200000, 0x0000000703400000, 0x0000000703400000|100%| O|  |TAMS 0x0000000703200000, 0x0000000703200000| Untracked 
|  16|0x0000000703400000, 0x0000000703600000, 0x0000000703600000|100%| O|  |TAMS 0x0000000703400000, 0x0000000703400000| Untracked 
|  17|0x0000000703600000, 0x0000000703800000, 0x0000000703800000|100%| O|  |TAMS 0x0000000703600000, 0x0000000703600000| Untracked 
|  18|0x0000000703800000, 0x0000000703a00000, 0x0000000703a00000|100%| O|  |TAMS 0x0000000703800000, 0x0000000703800000| Untracked 
|  19|0x0000000703a00000, 0x0000000703c00000, 0x0000000703c00000|100%| O|  |TAMS 0x0000000703a00000, 0x0000000703a00000| Untracked 
|  20|0x0000000703c00000, 0x0000000703e00000, 0x0000000703e00000|100%| O|  |TAMS 0x0000000703c00000, 0x0000000703c00000| Untracked 
|  21|0x0000000703e00000, 0x0000000704000000, 0x0000000704000000|100%| O|  |TAMS 0x0000000703e00000, 0x0000000703e00000| Untracked 
|  22|0x0000000704000000, 0x0000000704200000, 0x0000000704200000|100%| O|  |TAMS 0x0000000704000000, 0x0000000704000000| Untracked 
|  23|0x0000000704200000, 0x0000000704400000, 0x0000000704400000|100%| O|  |TAMS 0x0000000704200000, 0x0000000704200000| Untracked 
|  24|0x0000000704400000, 0x0000000704600000, 0x0000000704600000|100%| O|  |TAMS 0x0000000704400000, 0x0000000704400000| Untracked 
|  25|0x0000000704600000, 0x0000000704800000, 0x0000000704800000|100%| O|  |TAMS 0x0000000704600000, 0x0000000704600000| Untracked 
|  26|0x0000000704800000, 0x0000000704a00000, 0x0000000704a00000|100%| O|  |TAMS 0x0000000704800000, 0x0000000704800000| Untracked 
|  27|0x0000000704a00000, 0x0000000704c00000, 0x0000000704c00000|100%| O|  |TAMS 0x0000000704a00000, 0x0000000704a00000| Untracked 
|  28|0x0000000704c00000, 0x0000000704e00000, 0x0000000704e00000|100%| O|  |TAMS 0x0000000704c00000, 0x0000000704c00000| Untracked 
|  29|0x0000000704e00000, 0x0000000705000000, 0x0000000705000000|100%| O|  |TAMS 0x0000000704e00000, 0x0000000704e00000| Untracked 
|  30|0x0000000705000000, 0x0000000705200000, 0x0000000705200000|100%| O|  |TAMS 0x0000000705000000, 0x0000000705000000| Untracked 
|  31|0x0000000705200000, 0x0000000705400000, 0x0000000705400000|100%| O|  |TAMS 0x0000000705200000, 0x0000000705200000| Untracked 
|  32|0x0000000705400000, 0x0000000705600000, 0x0000000705600000|100%| O|  |TAMS 0x0000000705400000, 0x0000000705400000| Untracked 
|  33|0x0000000705600000, 0x0000000705800000, 0x0000000705800000|100%| O|  |TAMS 0x0000000705600000, 0x0000000705600000| Untracked 
|  34|0x0000000705800000, 0x0000000705a00000, 0x0000000705a00000|100%| O|  |TAMS 0x0000000705800000, 0x0000000705800000| Untracked 
|  35|0x0000000705a00000, 0x0000000705c00000, 0x0000000705c00000|100%| O|  |TAMS 0x0000000705a00000, 0x0000000705a00000| Untracked 
|  36|0x0000000705c00000, 0x0000000705e00000, 0x0000000705e00000|100%| O|  |TAMS 0x0000000705c00000, 0x0000000705c00000| Untracked 
|  37|0x0000000705e00000, 0x0000000706000000, 0x0000000706000000|100%| O|  |TAMS 0x0000000705e00000, 0x0000000705e00000| Untracked 
|  38|0x0000000706000000, 0x0000000706200000, 0x0000000706200000|100%| O|  |TAMS 0x0000000706000000, 0x0000000706000000| Untracked 
|  39|0x0000000706200000, 0x0000000706400000, 0x0000000706400000|100%| O|  |TAMS 0x0000000706200000, 0x0000000706200000| Untracked 
|  40|0x0000000706400000, 0x0000000706600000, 0x0000000706600000|100%| O|  |TAMS 0x0000000706400000, 0x0000000706400000| Untracked 
|  41|0x0000000706600000, 0x0000000706800000, 0x0000000706800000|100%| O|  |TAMS 0x0000000706600000, 0x0000000706600000| Untracked 
|  42|0x0000000706800000, 0x0000000706a00000, 0x0000000706a00000|100%| O|  |TAMS 0x0000000706800000, 0x0000000706800000| Untracked 
|  43|0x0000000706a00000, 0x0000000706c00000, 0x0000000706c00000|100%| O|  |TAMS 0x0000000706a00000, 0x0000000706a00000| Untracked 
|  44|0x0000000706c00000, 0x0000000706e00000, 0x0000000706e00000|100%|HS|  |TAMS 0x0000000706c00000, 0x0000000706c00000| Complete 
|  45|0x0000000706e00000, 0x0000000707000000, 0x0000000707000000|100%| O|  |TAMS 0x0000000706e00000, 0x0000000706e00000| Untracked 
|  46|0x0000000707000000, 0x0000000707200000, 0x0000000707200000|100%| O|  |TAMS 0x0000000707000000, 0x0000000707000000| Untracked 
|  47|0x0000000707200000, 0x0000000707400000, 0x0000000707400000|100%| O|  |TAMS 0x0000000707200000, 0x0000000707200000| Untracked 
|  48|0x0000000707400000, 0x0000000707600000, 0x0000000707600000|100%| O|  |TAMS 0x0000000707400000, 0x0000000707400000| Untracked 
|  49|0x0000000707600000, 0x0000000707800000, 0x0000000707800000|100%| O|  |TAMS 0x0000000707600000, 0x0000000707600000| Untracked 
|  50|0x0000000707800000, 0x0000000707a00000, 0x0000000707a00000|100%| O|  |TAMS 0x0000000707800000, 0x0000000707800000| Untracked 
|  51|0x0000000707a00000, 0x0000000707c00000, 0x0000000707c00000|100%| O|  |TAMS 0x0000000707a00000, 0x0000000707a00000| Untracked 
|  52|0x0000000707c00000, 0x0000000707e00000, 0x0000000707e00000|100%| O|  |TAMS 0x0000000707c00000, 0x0000000707c00000| Untracked 
|  53|0x0000000707e00000, 0x0000000708000000, 0x0000000708000000|100%| O|  |TAMS 0x0000000707e00000, 0x0000000707e00000| Untracked 
|  54|0x0000000708000000, 0x0000000708200000, 0x0000000708200000|100%| O|  |TAMS 0x0000000708000000, 0x0000000708000000| Untracked 
|  55|0x0000000708200000, 0x0000000708400000, 0x0000000708400000|100%| O|  |TAMS 0x0000000708200000, 0x0000000708200000| Untracked 
|  56|0x0000000708400000, 0x0000000708600000, 0x0000000708600000|100%| O|  |TAMS 0x0000000708400000, 0x0000000708400000| Untracked 
|  57|0x0000000708600000, 0x0000000708800000, 0x0000000708800000|100%| O|  |TAMS 0x0000000708600000, 0x0000000708600000| Untracked 
|  58|0x0000000708800000, 0x0000000708a00000, 0x0000000708a00000|100%|HS|  |TAMS 0x0000000708800000, 0x0000000708800000| Complete 
|  59|0x0000000708a00000, 0x0000000708c00000, 0x0000000708c00000|100%| O|  |TAMS 0x0000000708a00000, 0x0000000708a00000| Untracked 
|  60|0x0000000708c00000, 0x0000000708e00000, 0x0000000708e00000|100%| O|  |TAMS 0x0000000708c00000, 0x0000000708c00000| Untracked 
|  61|0x0000000708e00000, 0x0000000709000000, 0x0000000709000000|100%| O|  |TAMS 0x0000000708e00000, 0x0000000708e00000| Untracked 
|  62|0x0000000709000000, 0x0000000709200000, 0x0000000709200000|100%| O|  |TAMS 0x0000000709000000, 0x0000000709000000| Untracked 
|  63|0x0000000709200000, 0x0000000709400000, 0x0000000709400000|100%| O|  |TAMS 0x0000000709200000, 0x0000000709200000| Untracked 
|  64|0x0000000709400000, 0x0000000709600000, 0x0000000709600000|100%| O|  |TAMS 0x0000000709400000, 0x0000000709400000| Untracked 
|  65|0x0000000709600000, 0x0000000709800000, 0x0000000709800000|100%| O|  |TAMS 0x0000000709600000, 0x0000000709600000| Untracked 
|  66|0x0000000709800000, 0x0000000709a00000, 0x0000000709a00000|100%| O|  |TAMS 0x0000000709800000, 0x0000000709800000| Untracked 
|  67|0x0000000709a00000, 0x0000000709c00000, 0x0000000709c00000|100%| O|  |TAMS 0x0000000709a00000, 0x0000000709a00000| Untracked 
|  68|0x0000000709c00000, 0x0000000709e00000, 0x0000000709e00000|100%| O|  |TAMS 0x0000000709c00000, 0x0000000709c00000| Untracked 
|  69|0x0000000709e00000, 0x000000070a000000, 0x000000070a000000|100%| O|  |TAMS 0x0000000709e00000, 0x0000000709e00000| Untracked 
|  70|0x000000070a000000, 0x000000070a200000, 0x000000070a200000|100%| O|  |TAMS 0x000000070a000000, 0x000000070a000000| Untracked 
|  71|0x000000070a200000, 0x000000070a400000, 0x000000070a400000|100%| O|  |TAMS 0x000000070a200000, 0x000000070a200000| Untracked 
|  72|0x000000070a400000, 0x000000070a600000, 0x000000070a600000|100%| O|  |TAMS 0x000000070a400000, 0x000000070a400000| Untracked 
|  73|0x000000070a600000, 0x000000070a800000, 0x000000070a800000|100%| O|  |TAMS 0x000000070a600000, 0x000000070a600000| Untracked 
|  74|0x000000070a800000, 0x000000070aa00000, 0x000000070aa00000|100%| O|  |TAMS 0x000000070a800000, 0x000000070a800000| Untracked 
|  75|0x000000070aa00000, 0x000000070ac00000, 0x000000070ac00000|100%| O|  |TAMS 0x000000070aa00000, 0x000000070aa00000| Untracked 
|  76|0x000000070ac00000, 0x000000070ae00000, 0x000000070ae00000|100%| O|  |TAMS 0x000000070ac00000, 0x000000070ac00000| Untracked 
|  77|0x000000070ae00000, 0x000000070b000000, 0x000000070b000000|100%| O|  |TAMS 0x000000070ae00000, 0x000000070ae00000| Untracked 
|  78|0x000000070b000000, 0x000000070b200000, 0x000000070b200000|100%| O|  |TAMS 0x000000070b000000, 0x000000070b000000| Untracked 
|  79|0x000000070b200000, 0x000000070b400000, 0x000000070b400000|100%| O|  |TAMS 0x000000070b200000, 0x000000070b200000| Untracked 
|  80|0x000000070b400000, 0x000000070b600000, 0x000000070b600000|100%| O|  |TAMS 0x000000070b400000, 0x000000070b400000| Untracked 
|  81|0x000000070b600000, 0x000000070b800000, 0x000000070b800000|100%| O|  |TAMS 0x000000070b600000, 0x000000070b600000| Untracked 
|  82|0x000000070b800000, 0x000000070ba00000, 0x000000070ba00000|100%| O|  |TAMS 0x000000070b800000, 0x000000070b800000| Untracked 
|  83|0x000000070ba00000, 0x000000070bc00000, 0x000000070bc00000|100%|HS|  |TAMS 0x000000070ba00000, 0x000000070ba00000| Complete 
|  84|0x000000070bc00000, 0x000000070be00000, 0x000000070be00000|100%|HS|  |TAMS 0x000000070bc00000, 0x000000070bc00000| Complete 
|  85|0x000000070be00000, 0x000000070c000000, 0x000000070c000000|100%| O|  |TAMS 0x000000070be00000, 0x000000070be00000| Untracked 
|  86|0x000000070c000000, 0x000000070c200000, 0x000000070c200000|100%| O|  |TAMS 0x000000070c000000, 0x000000070c000000| Untracked 
|  87|0x000000070c200000, 0x000000070c400000, 0x000000070c400000|100%| O|  |TAMS 0x000000070c200000, 0x000000070c200000| Untracked 
|  88|0x000000070c400000, 0x000000070c600000, 0x000000070c600000|100%| O|  |TAMS 0x000000070c400000, 0x000000070c400000| Untracked 
|  89|0x000000070c600000, 0x000000070c800000, 0x000000070c800000|100%| O|  |TAMS 0x000000070c600000, 0x000000070c600000| Untracked 
|  90|0x000000070c800000, 0x000000070ca00000, 0x000000070ca00000|100%| O|  |TAMS 0x000000070c800000, 0x000000070c800000| Untracked 
|  91|0x000000070ca00000, 0x000000070cc00000, 0x000000070cc00000|100%| O|  |TAMS 0x000000070ca00000, 0x000000070ca00000| Untracked 
|  92|0x000000070cc00000, 0x000000070ce00000, 0x000000070ce00000|100%| O|  |TAMS 0x000000070cc00000, 0x000000070cc00000| Untracked 
|  93|0x000000070ce00000, 0x000000070d000000, 0x000000070d000000|100%| O|  |TAMS 0x000000070ce00000, 0x000000070ce00000| Untracked 
|  94|0x000000070d000000, 0x000000070d200000, 0x000000070d200000|100%| O|  |TAMS 0x000000070d000000, 0x000000070d000000| Untracked 
|  95|0x000000070d200000, 0x000000070d400000, 0x000000070d400000|100%| O|  |TAMS 0x000000070d200000, 0x000000070d200000| Untracked 
|  96|0x000000070d400000, 0x000000070d600000, 0x000000070d600000|100%| O|  |TAMS 0x000000070d400000, 0x000000070d400000| Untracked 
|  97|0x000000070d600000, 0x000000070d800000, 0x000000070d800000|100%| O|  |TAMS 0x000000070d600000, 0x000000070d600000| Untracked 
|  98|0x000000070d800000, 0x000000070da00000, 0x000000070da00000|100%| O|  |TAMS 0x000000070d800000, 0x000000070d800000| Untracked 
|  99|0x000000070da00000, 0x000000070dc00000, 0x000000070dc00000|100%|HS|  |TAMS 0x000000070da00000, 0x000000070da00000| Complete 
| 100|0x000000070dc00000, 0x000000070de00000, 0x000000070de00000|100%|HC|  |TAMS 0x000000070dc00000, 0x000000070dc00000| Complete 
| 101|0x000000070de00000, 0x000000070e000000, 0x000000070e000000|100%| O|  |TAMS 0x000000070de00000, 0x000000070de00000| Untracked 
| 102|0x000000070e000000, 0x000000070e200000, 0x000000070e200000|100%| O|  |TAMS 0x000000070e000000, 0x000000070e000000| Untracked 
| 103|0x000000070e200000, 0x000000070e400000, 0x000000070e400000|100%| O|  |TAMS 0x000000070e200000, 0x000000070e200000| Untracked 
| 104|0x000000070e400000, 0x000000070e600000, 0x000000070e600000|100%| O|  |TAMS 0x000000070e400000, 0x000000070e400000| Untracked 
| 105|0x000000070e600000, 0x000000070e800000, 0x000000070e800000|100%| O|  |TAMS 0x000000070e600000, 0x000000070e600000| Untracked 
| 106|0x000000070e800000, 0x000000070ea00000, 0x000000070ea00000|100%| O|  |TAMS 0x000000070e800000, 0x000000070e800000| Untracked 
| 107|0x000000070ea00000, 0x000000070ec00000, 0x000000070ec00000|100%| O|  |TAMS 0x000000070ea00000, 0x000000070ea00000| Untracked 
| 108|0x000000070ec00000, 0x000000070ee00000, 0x000000070ee00000|100%| O|  |TAMS 0x000000070ec00000, 0x000000070ec00000| Untracked 
| 109|0x000000070ee00000, 0x000000070f000000, 0x000000070f000000|100%| O|  |TAMS 0x000000070ee00000, 0x000000070ee00000| Untracked 
| 110|0x000000070f000000, 0x000000070f200000, 0x000000070f200000|100%| O|  |TAMS 0x000000070f000000, 0x000000070f000000| Untracked 
| 111|0x000000070f200000, 0x000000070f400000, 0x000000070f400000|100%| O|  |TAMS 0x000000070f200000, 0x000000070f200000| Untracked 
| 112|0x000000070f400000, 0x000000070f600000, 0x000000070f600000|100%| O|  |TAMS 0x000000070f400000, 0x000000070f400000| Untracked 
| 113|0x000000070f600000, 0x000000070f800000, 0x000000070f800000|100%| O|  |TAMS 0x000000070f600000, 0x000000070f600000| Untracked 
| 114|0x000000070f800000, 0x000000070f90c800, 0x000000070fa00000| 52%| O|  |TAMS 0x000000070f800000, 0x000000070f800000| Untracked 
| 115|0x000000070fa00000, 0x000000070fa00000, 0x000000070fc00000|  0%| F|  |TAMS 0x000000070fa00000, 0x000000070fa00000| Untracked 
| 116|0x000000070fc00000, 0x000000070fc00000, 0x000000070fe00000|  0%| F|  |TAMS 0x000000070fc00000, 0x000000070fc00000| Untracked 
| 117|0x000000070fe00000, 0x000000070fe00000, 0x0000000710000000|  0%| F|  |TAMS 0x000000070fe00000, 0x000000070fe00000| Untracked 
| 118|0x0000000710000000, 0x0000000710000000, 0x0000000710200000|  0%| F|  |TAMS 0x0000000710000000, 0x0000000710000000| Untracked 
| 119|0x0000000710200000, 0x0000000710200000, 0x0000000710400000|  0%| F|  |TAMS 0x0000000710200000, 0x0000000710200000| Untracked 
| 120|0x0000000710400000, 0x0000000710400000, 0x0000000710600000|  0%| F|  |TAMS 0x0000000710400000, 0x0000000710400000| Untracked 
| 121|0x0000000710600000, 0x0000000710600000, 0x0000000710800000|  0%| F|  |TAMS 0x0000000710600000, 0x0000000710600000| Untracked 
| 122|0x0000000710800000, 0x0000000710800000, 0x0000000710a00000|  0%| F|  |TAMS 0x0000000710800000, 0x0000000710800000| Untracked 
| 123|0x0000000710a00000, 0x0000000710a00000, 0x0000000710c00000|  0%| F|  |TAMS 0x0000000710a00000, 0x0000000710a00000| Untracked 
| 124|0x0000000710c00000, 0x0000000710c00000, 0x0000000710e00000|  0%| F|  |TAMS 0x0000000710c00000, 0x0000000710c00000| Untracked 
| 125|0x0000000710e00000, 0x0000000710e00000, 0x0000000711000000|  0%| F|  |TAMS 0x0000000710e00000, 0x0000000710e00000| Untracked 
| 126|0x0000000711000000, 0x0000000711000000, 0x0000000711200000|  0%| F|  |TAMS 0x0000000711000000, 0x0000000711000000| Untracked 
| 127|0x0000000711200000, 0x0000000711200000, 0x0000000711400000|  0%| F|  |TAMS 0x0000000711200000, 0x0000000711200000| Untracked 
| 128|0x0000000711400000, 0x0000000711400000, 0x0000000711600000|  0%| F|  |TAMS 0x0000000711400000, 0x0000000711400000| Untracked 
| 129|0x0000000711600000, 0x0000000711600000, 0x0000000711800000|  0%| F|  |TAMS 0x0000000711600000, 0x0000000711600000| Untracked 
| 130|0x0000000711800000, 0x0000000711800000, 0x0000000711a00000|  0%| F|  |TAMS 0x0000000711800000, 0x0000000711800000| Untracked 
| 131|0x0000000711a00000, 0x0000000711a00000, 0x0000000711c00000|  0%| F|  |TAMS 0x0000000711a00000, 0x0000000711a00000| Untracked 
| 132|0x0000000711c00000, 0x0000000711c00000, 0x0000000711e00000|  0%| F|  |TAMS 0x0000000711c00000, 0x0000000711c00000| Untracked 
| 133|0x0000000711e00000, 0x0000000711e00000, 0x0000000712000000|  0%| F|  |TAMS 0x0000000711e00000, 0x0000000711e00000| Untracked 
| 134|0x0000000712000000, 0x0000000712000000, 0x0000000712200000|  0%| F|  |TAMS 0x0000000712000000, 0x0000000712000000| Untracked 
| 135|0x0000000712200000, 0x0000000712200000, 0x0000000712400000|  0%| F|  |TAMS 0x0000000712200000, 0x0000000712200000| Untracked 
| 136|0x0000000712400000, 0x0000000712400000, 0x0000000712600000|  0%| F|  |TAMS 0x0000000712400000, 0x0000000712400000| Untracked 
| 137|0x0000000712600000, 0x0000000712600000, 0x0000000712800000|  0%| F|  |TAMS 0x0000000712600000, 0x0000000712600000| Untracked 
| 138|0x0000000712800000, 0x0000000712800000, 0x0000000712a00000|  0%| F|  |TAMS 0x0000000712800000, 0x0000000712800000| Untracked 
| 139|0x0000000712a00000, 0x0000000712a00000, 0x0000000712c00000|  0%| F|  |TAMS 0x0000000712a00000, 0x0000000712a00000| Untracked 
| 140|0x0000000712c00000, 0x0000000712c00000, 0x0000000712e00000|  0%| F|  |TAMS 0x0000000712c00000, 0x0000000712c00000| Untracked 
| 141|0x0000000712e00000, 0x0000000712e00000, 0x0000000713000000|  0%| F|  |TAMS 0x0000000712e00000, 0x0000000712e00000| Untracked 
| 142|0x0000000713000000, 0x0000000713000000, 0x0000000713200000|  0%| F|  |TAMS 0x0000000713000000, 0x0000000713000000| Untracked 
| 143|0x0000000713200000, 0x0000000713200000, 0x0000000713400000|  0%| F|  |TAMS 0x0000000713200000, 0x0000000713200000| Untracked 
| 144|0x0000000713400000, 0x0000000713400000, 0x0000000713600000|  0%| F|  |TAMS 0x0000000713400000, 0x0000000713400000| Untracked 
| 145|0x0000000713600000, 0x0000000713600000, 0x0000000713800000|  0%| F|  |TAMS 0x0000000713600000, 0x0000000713600000| Untracked 
| 146|0x0000000713800000, 0x0000000713800000, 0x0000000713a00000|  0%| F|  |TAMS 0x0000000713800000, 0x0000000713800000| Untracked 
| 147|0x0000000713a00000, 0x0000000713a00000, 0x0000000713c00000|  0%| F|  |TAMS 0x0000000713a00000, 0x0000000713a00000| Untracked 
| 148|0x0000000713c00000, 0x0000000713c00000, 0x0000000713e00000|  0%| F|  |TAMS 0x0000000713c00000, 0x0000000713c00000| Untracked 
| 149|0x0000000713e00000, 0x0000000713e00000, 0x0000000714000000|  0%| F|  |TAMS 0x0000000713e00000, 0x0000000713e00000| Untracked 
| 150|0x0000000714000000, 0x0000000714000000, 0x0000000714200000|  0%| F|  |TAMS 0x0000000714000000, 0x0000000714000000| Untracked 
| 151|0x0000000714200000, 0x0000000714200000, 0x0000000714400000|  0%| F|  |TAMS 0x0000000714200000, 0x0000000714200000| Untracked 
| 152|0x0000000714400000, 0x0000000714400000, 0x0000000714600000|  0%| F|  |TAMS 0x0000000714400000, 0x0000000714400000| Untracked 
| 153|0x0000000714600000, 0x0000000714600000, 0x0000000714800000|  0%| F|  |TAMS 0x0000000714600000, 0x0000000714600000| Untracked 
| 154|0x0000000714800000, 0x0000000714800000, 0x0000000714a00000|  0%| F|  |TAMS 0x0000000714800000, 0x0000000714800000| Untracked 
| 155|0x0000000714a00000, 0x0000000714a00000, 0x0000000714c00000|  0%| F|  |TAMS 0x0000000714a00000, 0x0000000714a00000| Untracked 
| 156|0x0000000714c00000, 0x0000000714c00000, 0x0000000714e00000|  0%| F|  |TAMS 0x0000000714c00000, 0x0000000714c00000| Untracked 
| 157|0x0000000714e00000, 0x0000000714e00000, 0x0000000715000000|  0%| F|  |TAMS 0x0000000714e00000, 0x0000000714e00000| Untracked 
| 158|0x0000000715000000, 0x0000000715000000, 0x0000000715200000|  0%| F|  |TAMS 0x0000000715000000, 0x0000000715000000| Untracked 
| 159|0x0000000715200000, 0x0000000715200000, 0x0000000715400000|  0%| F|  |TAMS 0x0000000715200000, 0x0000000715200000| Untracked 
| 160|0x0000000715400000, 0x0000000715600000, 0x0000000715600000|100%| S|CS|TAMS 0x0000000715400000, 0x0000000715400000| Complete 
| 161|0x0000000715600000, 0x0000000715800000, 0x0000000715800000|100%| S|CS|TAMS 0x0000000715600000, 0x0000000715600000| Complete 
| 162|0x0000000715800000, 0x0000000715a00000, 0x0000000715a00000|100%| S|CS|TAMS 0x0000000715800000, 0x0000000715800000| Complete 
| 163|0x0000000715a00000, 0x0000000715c00000, 0x0000000715c00000|100%| S|CS|TAMS 0x0000000715a00000, 0x0000000715a00000| Complete 
| 164|0x0000000715c00000, 0x0000000715c00000, 0x0000000715e00000|  0%| F|  |TAMS 0x0000000715c00000, 0x0000000715c00000| Untracked 
| 165|0x0000000715e00000, 0x0000000715e00000, 0x0000000716000000|  0%| F|  |TAMS 0x0000000715e00000, 0x0000000715e00000| Untracked 
| 166|0x0000000716000000, 0x0000000716000000, 0x0000000716200000|  0%| F|  |TAMS 0x0000000716000000, 0x0000000716000000| Untracked 
| 167|0x0000000716200000, 0x0000000716200000, 0x0000000716400000|  0%| F|  |TAMS 0x0000000716200000, 0x0000000716200000| Untracked 
| 168|0x0000000716400000, 0x0000000716400000, 0x0000000716600000|  0%| F|  |TAMS 0x0000000716400000, 0x0000000716400000| Untracked 
| 169|0x0000000716600000, 0x0000000716800000, 0x0000000716800000|100%| S|CS|TAMS 0x0000000716600000, 0x0000000716600000| Complete 
| 170|0x0000000716800000, 0x0000000716a00000, 0x0000000716a00000|100%| S|CS|TAMS 0x0000000716800000, 0x0000000716800000| Complete 
| 171|0x0000000716a00000, 0x0000000716c00000, 0x0000000716c00000|100%| S|CS|TAMS 0x0000000716a00000, 0x0000000716a00000| Complete 
| 172|0x0000000716c00000, 0x0000000716e00000, 0x0000000716e00000|100%| S|CS|TAMS 0x0000000716c00000, 0x0000000716c00000| Complete 
| 173|0x0000000716e00000, 0x0000000717000000, 0x0000000717000000|100%| S|CS|TAMS 0x0000000716e00000, 0x0000000716e00000| Complete 
| 174|0x0000000717000000, 0x0000000717200000, 0x0000000717200000|100%| S|CS|TAMS 0x0000000717000000, 0x0000000717000000| Complete 
| 175|0x0000000717200000, 0x0000000717400000, 0x0000000717400000|100%| S|CS|TAMS 0x0000000717200000, 0x0000000717200000| Complete 
| 176|0x0000000717400000, 0x0000000717600000, 0x0000000717600000|100%| S|CS|TAMS 0x0000000717400000, 0x0000000717400000| Complete 
| 177|0x0000000717600000, 0x0000000717600000, 0x0000000717800000|  0%| F|  |TAMS 0x0000000717600000, 0x0000000717600000| Untracked 
| 178|0x0000000717800000, 0x0000000717800000, 0x0000000717a00000|  0%| F|  |TAMS 0x0000000717800000, 0x0000000717800000| Untracked 
| 179|0x0000000717a00000, 0x0000000717a00000, 0x0000000717c00000|  0%| F|  |TAMS 0x0000000717a00000, 0x0000000717a00000| Untracked 
| 180|0x0000000717c00000, 0x0000000717c00000, 0x0000000717e00000|  0%| F|  |TAMS 0x0000000717c00000, 0x0000000717c00000| Untracked 
| 181|0x0000000717e00000, 0x0000000717e00000, 0x0000000718000000|  0%| F|  |TAMS 0x0000000717e00000, 0x0000000717e00000| Untracked 
| 182|0x0000000718000000, 0x0000000718000000, 0x0000000718200000|  0%| F|  |TAMS 0x0000000718000000, 0x0000000718000000| Untracked 
| 183|0x0000000718200000, 0x0000000718200000, 0x0000000718400000|  0%| F|  |TAMS 0x0000000718200000, 0x0000000718200000| Untracked 
| 184|0x0000000718400000, 0x0000000718400000, 0x0000000718600000|  0%| F|  |TAMS 0x0000000718400000, 0x0000000718400000| Untracked 
| 185|0x0000000718600000, 0x0000000718600000, 0x0000000718800000|  0%| F|  |TAMS 0x0000000718600000, 0x0000000718600000| Untracked 
| 186|0x0000000718800000, 0x0000000718800000, 0x0000000718a00000|  0%| F|  |TAMS 0x0000000718800000, 0x0000000718800000| Untracked 
| 187|0x0000000718a00000, 0x0000000718a00000, 0x0000000718c00000|  0%| F|  |TAMS 0x0000000718a00000, 0x0000000718a00000| Untracked 
| 188|0x0000000718c00000, 0x0000000718c00000, 0x0000000718e00000|  0%| F|  |TAMS 0x0000000718c00000, 0x0000000718c00000| Untracked 
| 189|0x0000000718e00000, 0x0000000718e00000, 0x0000000719000000|  0%| F|  |TAMS 0x0000000718e00000, 0x0000000718e00000| Untracked 
| 190|0x0000000719000000, 0x0000000719000000, 0x0000000719200000|  0%| F|  |TAMS 0x0000000719000000, 0x0000000719000000| Untracked 
| 191|0x0000000719200000, 0x0000000719200000, 0x0000000719400000|  0%| F|  |TAMS 0x0000000719200000, 0x0000000719200000| Untracked 
| 192|0x0000000719400000, 0x0000000719400000, 0x0000000719600000|  0%| F|  |TAMS 0x0000000719400000, 0x0000000719400000| Untracked 
| 193|0x0000000719600000, 0x0000000719600000, 0x0000000719800000|  0%| F|  |TAMS 0x0000000719600000, 0x0000000719600000| Untracked 
| 194|0x0000000719800000, 0x0000000719800000, 0x0000000719a00000|  0%| F|  |TAMS 0x0000000719800000, 0x0000000719800000| Untracked 
| 195|0x0000000719a00000, 0x0000000719a00000, 0x0000000719c00000|  0%| F|  |TAMS 0x0000000719a00000, 0x0000000719a00000| Untracked 
| 196|0x0000000719c00000, 0x0000000719c00000, 0x0000000719e00000|  0%| F|  |TAMS 0x0000000719c00000, 0x0000000719c00000| Untracked 
| 197|0x0000000719e00000, 0x0000000719e00000, 0x000000071a000000|  0%| F|  |TAMS 0x0000000719e00000, 0x0000000719e00000| Untracked 
| 198|0x000000071a000000, 0x000000071a000000, 0x000000071a200000|  0%| F|  |TAMS 0x000000071a000000, 0x000000071a000000| Untracked 
| 199|0x000000071a200000, 0x000000071a200000, 0x000000071a400000|  0%| F|  |TAMS 0x000000071a200000, 0x000000071a200000| Untracked 
| 200|0x000000071a400000, 0x000000071a400000, 0x000000071a600000|  0%| F|  |TAMS 0x000000071a400000, 0x000000071a400000| Untracked 
| 201|0x000000071a600000, 0x000000071a600000, 0x000000071a800000|  0%| F|  |TAMS 0x000000071a600000, 0x000000071a600000| Untracked 
| 202|0x000000071a800000, 0x000000071a800000, 0x000000071aa00000|  0%| F|  |TAMS 0x000000071a800000, 0x000000071a800000| Untracked 
| 203|0x000000071aa00000, 0x000000071aa00000, 0x000000071ac00000|  0%| F|  |TAMS 0x000000071aa00000, 0x000000071aa00000| Untracked 
| 204|0x000000071ac00000, 0x000000071ac00000, 0x000000071ae00000|  0%| F|  |TAMS 0x000000071ac00000, 0x000000071ac00000| Untracked 
| 205|0x000000071ae00000, 0x000000071ae00000, 0x000000071b000000|  0%| F|  |TAMS 0x000000071ae00000, 0x000000071ae00000| Untracked 
| 206|0x000000071b000000, 0x000000071b000000, 0x000000071b200000|  0%| F|  |TAMS 0x000000071b000000, 0x000000071b000000| Untracked 
| 207|0x000000071b200000, 0x000000071b200000, 0x000000071b400000|  0%| F|  |TAMS 0x000000071b200000, 0x000000071b200000| Untracked 
| 208|0x000000071b400000, 0x000000071b400000, 0x000000071b600000|  0%| F|  |TAMS 0x000000071b400000, 0x000000071b400000| Untracked 
| 209|0x000000071b600000, 0x000000071b600000, 0x000000071b800000|  0%| F|  |TAMS 0x000000071b600000, 0x000000071b600000| Untracked 
| 210|0x000000071b800000, 0x000000071b800000, 0x000000071ba00000|  0%| F|  |TAMS 0x000000071b800000, 0x000000071b800000| Untracked 
| 211|0x000000071ba00000, 0x000000071ba00000, 0x000000071bc00000|  0%| F|  |TAMS 0x000000071ba00000, 0x000000071ba00000| Untracked 
| 212|0x000000071bc00000, 0x000000071bc00000, 0x000000071be00000|  0%| F|  |TAMS 0x000000071bc00000, 0x000000071bc00000| Untracked 
| 213|0x000000071be00000, 0x000000071be00000, 0x000000071c000000|  0%| F|  |TAMS 0x000000071be00000, 0x000000071be00000| Untracked 
| 214|0x000000071c000000, 0x000000071c000000, 0x000000071c200000|  0%| F|  |TAMS 0x000000071c000000, 0x000000071c000000| Untracked 
| 215|0x000000071c200000, 0x000000071c200000, 0x000000071c400000|  0%| F|  |TAMS 0x000000071c200000, 0x000000071c200000| Untracked 
| 216|0x000000071c400000, 0x000000071c400000, 0x000000071c600000|  0%| F|  |TAMS 0x000000071c400000, 0x000000071c400000| Untracked 
| 217|0x000000071c600000, 0x000000071c600000, 0x000000071c800000|  0%| F|  |TAMS 0x000000071c600000, 0x000000071c600000| Untracked 
| 218|0x000000071c800000, 0x000000071c800000, 0x000000071ca00000|  0%| F|  |TAMS 0x000000071c800000, 0x000000071c800000| Untracked 
| 219|0x000000071ca00000, 0x000000071ca00000, 0x000000071cc00000|  0%| F|  |TAMS 0x000000071ca00000, 0x000000071ca00000| Untracked 
| 220|0x000000071cc00000, 0x000000071cc00000, 0x000000071ce00000|  0%| F|  |TAMS 0x000000071cc00000, 0x000000071cc00000| Untracked 
| 221|0x000000071ce00000, 0x000000071ce00000, 0x000000071d000000|  0%| F|  |TAMS 0x000000071ce00000, 0x000000071ce00000| Untracked 
| 222|0x000000071d000000, 0x000000071d000000, 0x000000071d200000|  0%| F|  |TAMS 0x000000071d000000, 0x000000071d000000| Untracked 
| 223|0x000000071d200000, 0x000000071d200000, 0x000000071d400000|  0%| F|  |TAMS 0x000000071d200000, 0x000000071d200000| Untracked 
| 224|0x000000071d400000, 0x000000071d400000, 0x000000071d600000|  0%| F|  |TAMS 0x000000071d400000, 0x000000071d400000| Untracked 
| 225|0x000000071d600000, 0x000000071d600000, 0x000000071d800000|  0%| F|  |TAMS 0x000000071d600000, 0x000000071d600000| Untracked 
| 226|0x000000071d800000, 0x000000071d800000, 0x000000071da00000|  0%| F|  |TAMS 0x000000071d800000, 0x000000071d800000| Untracked 
| 227|0x000000071da00000, 0x000000071da00000, 0x000000071dc00000|  0%| F|  |TAMS 0x000000071da00000, 0x000000071da00000| Untracked 
| 228|0x000000071dc00000, 0x000000071dc00000, 0x000000071de00000|  0%| F|  |TAMS 0x000000071dc00000, 0x000000071dc00000| Untracked 
| 229|0x000000071de00000, 0x000000071de00000, 0x000000071e000000|  0%| F|  |TAMS 0x000000071de00000, 0x000000071de00000| Untracked 
| 230|0x000000071e000000, 0x000000071e000000, 0x000000071e200000|  0%| F|  |TAMS 0x000000071e000000, 0x000000071e000000| Untracked 
| 231|0x000000071e200000, 0x000000071e200000, 0x000000071e400000|  0%| F|  |TAMS 0x000000071e200000, 0x000000071e200000| Untracked 
| 232|0x000000071e400000, 0x000000071e400000, 0x000000071e600000|  0%| F|  |TAMS 0x000000071e400000, 0x000000071e400000| Untracked 
| 233|0x000000071e600000, 0x000000071e600000, 0x000000071e800000|  0%| F|  |TAMS 0x000000071e600000, 0x000000071e600000| Untracked 
| 234|0x000000071e800000, 0x000000071e800000, 0x000000071ea00000|  0%| F|  |TAMS 0x000000071e800000, 0x000000071e800000| Untracked 
| 235|0x000000071ea00000, 0x000000071ea00000, 0x000000071ec00000|  0%| F|  |TAMS 0x000000071ea00000, 0x000000071ea00000| Untracked 
| 236|0x000000071ec00000, 0x000000071ec00000, 0x000000071ee00000|  0%| F|  |TAMS 0x000000071ec00000, 0x000000071ec00000| Untracked 
| 237|0x000000071ee00000, 0x000000071ee00000, 0x000000071f000000|  0%| F|  |TAMS 0x000000071ee00000, 0x000000071ee00000| Untracked 
| 238|0x000000071f000000, 0x000000071f000000, 0x000000071f200000|  0%| F|  |TAMS 0x000000071f000000, 0x000000071f000000| Untracked 
| 239|0x000000071f200000, 0x000000071f200000, 0x000000071f400000|  0%| F|  |TAMS 0x000000071f200000, 0x000000071f200000| Untracked 
| 240|0x000000071f400000, 0x000000071f400000, 0x000000071f600000|  0%| F|  |TAMS 0x000000071f400000, 0x000000071f400000| Untracked 
| 241|0x000000071f600000, 0x000000071f600000, 0x000000071f800000|  0%| F|  |TAMS 0x000000071f600000, 0x000000071f600000| Untracked 
| 242|0x000000071f800000, 0x000000071f800000, 0x000000071fa00000|  0%| F|  |TAMS 0x000000071f800000, 0x000000071f800000| Untracked 
| 243|0x000000071fa00000, 0x000000071fa00000, 0x000000071fc00000|  0%| F|  |TAMS 0x000000071fa00000, 0x000000071fa00000| Untracked 
| 244|0x000000071fc00000, 0x000000071fc00000, 0x000000071fe00000|  0%| F|  |TAMS 0x000000071fc00000, 0x000000071fc00000| Untracked 
| 245|0x000000071fe00000, 0x000000071fe00000, 0x0000000720000000|  0%| F|  |TAMS 0x000000071fe00000, 0x000000071fe00000| Untracked 
| 246|0x0000000720000000, 0x0000000720000000, 0x0000000720200000|  0%| F|  |TAMS 0x0000000720000000, 0x0000000720000000| Untracked 
| 247|0x0000000720200000, 0x0000000720200000, 0x0000000720400000|  0%| F|  |TAMS 0x0000000720200000, 0x0000000720200000| Untracked 
| 248|0x0000000720400000, 0x0000000720400000, 0x0000000720600000|  0%| F|  |TAMS 0x0000000720400000, 0x0000000720400000| Untracked 
| 249|0x0000000720600000, 0x0000000720600000, 0x0000000720800000|  0%| F|  |TAMS 0x0000000720600000, 0x0000000720600000| Untracked 
| 250|0x0000000720800000, 0x0000000720800000, 0x0000000720a00000|  0%| F|  |TAMS 0x0000000720800000, 0x0000000720800000| Untracked 
| 251|0x0000000720a00000, 0x0000000720a00000, 0x0000000720c00000|  0%| F|  |TAMS 0x0000000720a00000, 0x0000000720a00000| Untracked 
| 252|0x0000000720c00000, 0x0000000720c00000, 0x0000000720e00000|  0%| F|  |TAMS 0x0000000720c00000, 0x0000000720c00000| Untracked 
| 253|0x0000000720e00000, 0x0000000720e00000, 0x0000000721000000|  0%| F|  |TAMS 0x0000000720e00000, 0x0000000720e00000| Untracked 
| 254|0x0000000721000000, 0x0000000721000000, 0x0000000721200000|  0%| F|  |TAMS 0x0000000721000000, 0x0000000721000000| Untracked 
| 255|0x0000000721200000, 0x0000000721200000, 0x0000000721400000|  0%| F|  |TAMS 0x0000000721200000, 0x0000000721200000| Untracked 

Card table byte_map: [0x0000021bb3ff0000,0x0000021bb47f0000] _byte_map_base: 0x0000021bb07e6000

Marking Bits (Prev, Next): (CMBitMap*) 0x0000021b9caa91e0, (CMBitMap*) 0x0000021b9caa9220
 Prev Bits: [0x0000021bb4ff0000, 0x0000021bb8fa0000)
 Next Bits: [0x0000021bb8fa0000, 0x0000021bbcf50000)

Polling page: 0x0000021b9a6f0000

Metaspace:

Usage:
  Non-class:     13.80 MB used.
      Class:      1.75 MB used.
       Both:     15.55 MB used.

Virtual space:
  Non-class space:       16.00 MB reserved,      13.94 MB ( 87%) committed,  2 nodes.
      Class space:        1.00 GB reserved,       1.88 MB ( <1%) committed,  1 nodes.
             Both:        1.02 GB reserved,      15.81 MB (  2%) committed. 

Chunk freelists:
   Non-Class:  1.73 MB
       Class:  2.08 MB
        Both:  3.81 MB

MaxMetaspaceSize: unlimited
CompressedClassSpaceSize: 1.00 GB
Initial GC threshold: 21.00 MB
Current GC threshold: 21.00 MB
CDS: on
MetaspaceReclaimPolicy: balanced
 - commit_granule_bytes: 65536.
 - commit_granule_words: 8192.
 - virtual_space_node_default_size: 1048576.
 - enlarge_chunks_in_place: 1.
 - new_chunks_are_fully_committed: 0.
 - uncommit_free_chunks: 1.
 - use_allocation_guard: 0.
 - handle_deallocations: 1.


Internal statistics:

num_allocs_failed_limit: 0.
num_arena_births: 174.
num_arena_deaths: 0.
num_vsnodes_births: 3.
num_vsnodes_deaths: 0.
num_space_committed: 253.
num_space_uncommitted: 0.
num_chunks_returned_to_freelist: 0.
num_chunks_taken_from_freelist: 526.
num_chunk_merges: 0.
num_chunk_splits: 329.
num_chunks_enlarged: 230.
num_purges: 0.
num_inconsistent_stats: 0.

CodeHeap 'non-profiled nmethods': size=120000Kb used=2649Kb max_used=2649Kb free=117350Kb
 bounds [0x0000021babd70000, 0x0000021bac010000, 0x0000021bb32a0000]
CodeHeap 'profiled nmethods': size=120000Kb used=6747Kb max_used=6747Kb free=113252Kb
 bounds [0x0000021ba4840000, 0x0000021ba4ee0000, 0x0000021babd70000]
CodeHeap 'non-nmethods': size=5760Kb used=1238Kb max_used=1359Kb free=4522Kb
 bounds [0x0000021ba42a0000, 0x0000021ba4510000, 0x0000021ba4840000]
 total_blobs=3835 nmethods=3289 adapters=458
 compilation: enabled
              stopped_count=0, restarted_count=0
 full_count=0

Compilation events (20 events):
Event: 3.851 Thread 0x0000021bc0779b20 3329       4       java.util.Arrays::binarySearch0 (83 bytes)
Event: 3.853 Thread 0x0000021bc0779b20 nmethod 3329 0x0000021babff5590 code [0x0000021babff5720, 0x0000021babff5958]
Event: 3.873 Thread 0x0000021bc1398f60 nmethod 3327 0x0000021babff5b90 code [0x0000021babff5e40, 0x0000021babff8d10]
Event: 3.894 Thread 0x0000021bbfbf5200 3330       3       jdk.nio.zipfs.ZipPath::<init> (8 bytes)
Event: 3.894 Thread 0x0000021bbfbf5200 nmethod 3330 0x0000021ba4ed5190 code [0x0000021ba4ed5320, 0x0000021ba4ed5468]
Event: 3.895 Thread 0x0000021bbfbf5200 3331       3       java.util.Set::of (10 bytes)
Event: 3.896 Thread 0x0000021bbfbf5200 nmethod 3331 0x0000021ba4ed5510 code [0x0000021ba4ed56c0, 0x0000021ba4ed5848]
Event: 3.900 Thread 0x0000021bbfbea830 nmethod 3263 0x0000021babffa210 code [0x0000021babffa6a0, 0x0000021bac002148]
Event: 3.915 Thread 0x0000021bbfbf5200 3332       3       net.fabricmc.tinyremapper.TinyRemapper$2::visitFile (54 bytes)
Event: 3.915 Thread 0x0000021bbfbf5200 nmethod 3332 0x0000021ba4ed5910 code [0x0000021ba4ed5b20, 0x0000021ba4ed6158]
Event: 3.915 Thread 0x0000021bbfbf5200 3333       3       net.fabricmc.tinyremapper.TinyRemapper$2::visitFile (10 bytes)
Event: 3.915 Thread 0x0000021bbfbf5200 nmethod 3333 0x0000021ba4ed6390 code [0x0000021ba4ed6540, 0x0000021ba4ed6788]
Event: 3.916 Thread 0x0000021bbfbf5200 3334       3       java.util.concurrent.ConcurrentHashMap::remove (8 bytes)
Event: 3.916 Thread 0x0000021bbfbf5200 nmethod 3334 0x0000021ba4ed6890 code [0x0000021ba4ed6a40, 0x0000021ba4ed6b88]
Event: 3.916 Thread 0x0000021bbfbf5200 3335       3       java.util.concurrent.ThreadLocalRandom::getProbe (13 bytes)
Event: 3.916 Thread 0x0000021bbfbf5200 nmethod 3335 0x0000021ba4ed6c10 code [0x0000021ba4ed6da0, 0x0000021ba4ed6eb8]
Event: 3.917 Thread 0x0000021bc1398f60 3336   !   4       jdk.nio.zipfs.ByteArrayChannel::size (27 bytes)
Event: 3.924 Thread 0x0000021bc1398f60 nmethod 3336 0x0000021bac005690 code [0x0000021bac005860, 0x0000021bac005f28]
Event: 3.926 Thread 0x0000021bc1398f60 3337 %     4       jdk.nio.zipfs.ZipFileSystem::initCEN @ 203 (474 bytes)
Event: 3.927 Thread 0x0000021bbfbea830 3338 %     4       java.util.LinkedHashMap::valuesToArray @ 10 (38 bytes)

GC Heap History (20 events):
Event: 1.165 GC heap after
{Heap after GC invocations=2 (full 0):
 garbage-first heap   total 262144K, used 23678K [0x0000000701400000, 0x0000000800000000)
  region size 2048K, 1 young (2048K), 1 survivors (2048K)
 Metaspace       used 6486K, committed 6656K, reserved 1056768K
  class space    used 664K, committed 768K, reserved 1048576K
}
Event: 2.201 GC heap before
{Heap before GC invocations=2 (full 0):
 garbage-first heap   total 262144K, used 83070K [0x0000000701400000, 0x0000000800000000)
  region size 2048K, 29 young (59392K), 1 survivors (2048K)
 Metaspace       used 14594K, committed 14848K, reserved 1064960K
  class space    used 1668K, committed 1792K, reserved 1048576K
}
Event: 2.205 GC heap after
{Heap after GC invocations=3 (full 0):
 garbage-first heap   total 262144K, used 29971K [0x0000000701400000, 0x0000000800000000)
  region size 2048K, 4 young (8192K), 4 survivors (8192K)
 Metaspace       used 14594K, committed 14848K, reserved 1064960K
  class space    used 1668K, committed 1792K, reserved 1048576K
}
Event: 2.541 GC heap before
{Heap before GC invocations=3 (full 0):
 garbage-first heap   total 262144K, used 177427K [0x0000000701400000, 0x0000000800000000)
  region size 2048K, 76 young (155648K), 4 survivors (8192K)
 Metaspace       used 15821K, committed 16064K, reserved 1064960K
  class space    used 1789K, committed 1920K, reserved 1048576K
}
Event: 2.560 GC heap after
{Heap after GC invocations=4 (full 0):
 garbage-first heap   total 262144K, used 73107K [0x0000000701400000, 0x0000000800000000)
  region size 2048K, 10 young (20480K), 10 survivors (20480K)
 Metaspace       used 15821K, committed 16064K, reserved 1064960K
  class space    used 1789K, committed 1920K, reserved 1048576K
}
Event: 2.619 GC heap before
{Heap before GC invocations=4 (full 0):
 garbage-first heap   total 262144K, used 157074K [0x0000000701400000, 0x0000000800000000)
  region size 2048K, 52 young (106496K), 10 survivors (20480K)
 Metaspace       used 15842K, committed 16128K, reserved 1064960K
  class space    used 1790K, committed 1920K, reserved 1048576K
}
Event: 2.632 GC heap after
{Heap after GC invocations=5 (full 0):
 garbage-first heap   total 262144K, used 89870K [0x0000000701400000, 0x0000000800000000)
  region size 2048K, 7 young (14336K), 7 survivors (14336K)
 Metaspace       used 15842K, committed 16128K, reserved 1064960K
  class space    used 1790K, committed 1920K, reserved 1048576K
}
Event: 2.671 GC heap before
{Heap before GC invocations=5 (full 0):
 garbage-first heap   total 262144K, used 143118K [0x0000000701400000, 0x0000000800000000)
  region size 2048K, 34 young (69632K), 7 survivors (14336K)
 Metaspace       used 15843K, committed 16128K, reserved 1064960K
  class space    used 1790K, committed 1920K, reserved 1048576K
}
Event: 2.677 GC heap after
{Heap after GC invocations=6 (full 0):
 garbage-first heap   total 262144K, used 99392K [0x0000000701400000, 0x0000000800000000)
  region size 2048K, 5 young (10240K), 5 survivors (10240K)
 Metaspace       used 15843K, committed 16128K, reserved 1064960K
  class space    used 1790K, committed 1920K, reserved 1048576K
}
Event: 2.745 GC heap before
{Heap before GC invocations=6 (full 0):
 garbage-first heap   total 262144K, used 187456K [0x0000000701400000, 0x0000000800000000)
  region size 2048K, 47 young (96256K), 5 survivors (10240K)
 Metaspace       used 15852K, committed 16128K, reserved 1064960K
  class space    used 1790K, committed 1920K, reserved 1048576K
}
Event: 2.751 GC heap after
{Heap after GC invocations=7 (full 0):
 garbage-first heap   total 262144K, used 116449K [0x0000000701400000, 0x0000000800000000)
  region size 2048K, 6 young (12288K), 6 survivors (12288K)
 Metaspace       used 15852K, committed 16128K, reserved 1064960K
  class space    used 1790K, committed 1920K, reserved 1048576K
}
Event: 2.814 GC heap before
{Heap before GC invocations=7 (full 0):
 garbage-first heap   total 262144K, used 194273K [0x0000000701400000, 0x0000000800000000)
  region size 2048K, 45 young (92160K), 6 survivors (12288K)
 Metaspace       used 15859K, committed 16128K, reserved 1064960K
  class space    used 1790K, committed 1920K, reserved 1048576K
}
Event: 2.822 GC heap after
{Heap after GC invocations=8 (full 0):
 garbage-first heap   total 524288K, used 130652K [0x0000000701400000, 0x0000000800000000)
  region size 2048K, 6 young (12288K), 6 survivors (12288K)
 Metaspace       used 15859K, committed 16128K, reserved 1064960K
  class space    used 1790K, committed 1920K, reserved 1048576K
}
Event: 3.333 GC heap before
{Heap before GC invocations=8 (full 0):
 garbage-first heap   total 524288K, used 339548K [0x0000000701400000, 0x0000000800000000)
  region size 2048K, 108 young (221184K), 6 survivors (12288K)
 Metaspace       used 15891K, committed 16192K, reserved 1064960K
  class space    used 1791K, committed 1920K, reserved 1048576K
}
Event: 3.348 GC heap after
{Heap after GC invocations=9 (full 0):
 garbage-first heap   total 524288K, used 167668K [0x0000000701400000, 0x0000000800000000)
  region size 2048K, 14 young (28672K), 14 survivors (28672K)
 Metaspace       used 15891K, committed 16192K, reserved 1064960K
  class space    used 1791K, committed 1920K, reserved 1048576K
}
Event: 3.527 GC heap before
{Heap before GC invocations=9 (full 0):
 garbage-first heap   total 524288K, used 354036K [0x0000000701400000, 0x0000000800000000)
  region size 2048K, 106 young (217088K), 14 survivors (28672K)
 Metaspace       used 15915K, committed 16192K, reserved 1064960K
  class space    used 1791K, committed 1920K, reserved 1048576K
}
Event: 3.540 GC heap after
{Heap after GC invocations=10 (full 0):
 garbage-first heap   total 524288K, used 197259K [0x0000000701400000, 0x0000000800000000)
  region size 2048K, 14 young (28672K), 14 survivors (28672K)
 Metaspace       used 15915K, committed 16192K, reserved 1064960K
  class space    used 1791K, committed 1920K, reserved 1048576K
}
Event: 3.662 GC heap before
{Heap before GC invocations=10 (full 0):
 garbage-first heap   total 524288K, used 377483K [0x0000000701400000, 0x0000000800000000)
  region size 2048K, 101 young (206848K), 14 survivors (28672K)
 Metaspace       used 15919K, committed 16192K, reserved 1064960K
  class space    used 1791K, committed 1920K, reserved 1048576K
}
Event: 3.674 GC heap after
{Heap after GC invocations=11 (full 0):
 garbage-first heap   total 524288K, used 229338K [0x0000000701400000, 0x0000000800000000)
  region size 2048K, 13 young (26624K), 13 survivors (26624K)
 Metaspace       used 15919K, committed 16192K, reserved 1064960K
  class space    used 1791K, committed 1920K, reserved 1048576K
}
Event: 3.928 GC heap before
{Heap before GC invocations=11 (full 0):
 garbage-first heap   total 524288K, used 393178K [0x0000000701400000, 0x0000000800000000)
  region size 2048K, 92 young (188416K), 13 survivors (26624K)
 Metaspace       used 15920K, committed 16192K, reserved 1064960K
  class space    used 1791K, committed 1920K, reserved 1048576K
}

Deoptimization events (20 events):
Event: 3.704 Thread 0x0000021bc1badbc0 Uncommon trap: trap_request=0xffffffe4 fr.pc=0x0000021babfd37f0 relative=0x0000000000000d10
Event: 3.704 Thread 0x0000021bc1bae090 Uncommon trap: trap_request=0xffffffe4 fr.pc=0x0000021babfd37f0 relative=0x0000000000000d10
Event: 3.704 Thread 0x0000021bc1bacd50 Uncommon trap: trap_request=0xffffffe4 fr.pc=0x0000021babfd37f0 relative=0x0000000000000d10
Event: 3.705 Thread 0x0000021bc1badbc0 Uncommon trap: reason=range_check action=make_not_entrant pc=0x0000021babfd37f0 method=jdk.nio.zipfs.ZipConstants.SH([BI)I @ 10 c2
Event: 3.705 Thread 0x0000021bc1bae090 Uncommon trap: reason=range_check action=make_not_entrant pc=0x0000021babfd37f0 method=jdk.nio.zipfs.ZipConstants.SH([BI)I @ 10 c2
Event: 3.705 Thread 0x0000021bc1bacd50 Uncommon trap: reason=range_check action=make_not_entrant pc=0x0000021babfd37f0 method=jdk.nio.zipfs.ZipConstants.SH([BI)I @ 10 c2
Event: 3.705 Thread 0x0000021bc1badbc0 DEOPT PACKING pc=0x0000021babfd37f0 sp=0x00000061418fed30
Event: 3.705 Thread 0x0000021bc1bae090 DEOPT PACKING pc=0x0000021babfd37f0 sp=0x00000061415fec50
Event: 3.705 Thread 0x0000021bc1bacd50 DEOPT PACKING pc=0x0000021babfd37f0 sp=0x00000061419fe8b0
Event: 3.705 Thread 0x0000021bc1bae090 DEOPT UNPACKING pc=0x0000021ba42f23a3 sp=0x00000061415feba0 mode 2
Event: 3.705 Thread 0x0000021bc1badbc0 DEOPT UNPACKING pc=0x0000021ba42f23a3 sp=0x00000061418fec80 mode 2
Event: 3.705 Thread 0x0000021bc1bacd50 DEOPT UNPACKING pc=0x0000021ba42f23a3 sp=0x00000061419fe800 mode 2
Event: 3.913 Thread 0x0000021bc1bac880 Uncommon trap: trap_request=0xffffff45 fr.pc=0x0000021babfc0b94 relative=0x00000000000033d4
Event: 3.913 Thread 0x0000021bc1bac880 Uncommon trap: reason=unstable_if action=reinterpret pc=0x0000021babfc0b94 method=net.fabricmc.tinyremapper.TinyRemapper.analyze(Z[Lnet/fabricmc/tinyremapper/InputTag;Ljava/nio/file/Path;Ljava/nio/file/Path;)Lnet/fabricmc/tinyremapper/ClassInstance; @ 87 
Event: 3.913 Thread 0x0000021bc1bac880 DEOPT PACKING pc=0x0000021babfc0b94 sp=0x00000061414fef90
Event: 3.913 Thread 0x0000021bc1bac880 DEOPT UNPACKING pc=0x0000021ba42f23a3 sp=0x00000061414fee08 mode 2
Event: 3.913 Thread 0x0000021bc1bac880 Uncommon trap: trap_request=0xffffff45 fr.pc=0x0000021babfb2ff0 relative=0x00000000000033b0
Event: 3.913 Thread 0x0000021bc1bac880 Uncommon trap: reason=unstable_if action=reinterpret pc=0x0000021babfb2ff0 method=net.fabricmc.tinyremapper.TinyRemapper.analyze(Z[Lnet/fabricmc/tinyremapper/InputTag;Ljava/nio/file/Path;Ljava/nio/file/Path;)Lnet/fabricmc/tinyremapper/ClassInstance; @ 87 
Event: 3.913 Thread 0x0000021bc1bac880 DEOPT PACKING pc=0x0000021babfb2ff0 sp=0x00000061414fef00
Event: 3.913 Thread 0x0000021bc1bac880 DEOPT UNPACKING pc=0x0000021ba42f23a3 sp=0x00000061414fee00 mode 2

Classes unloaded (0 events):
No events

Classes redefined (0 events):
No events

Internal exceptions (20 events):
Event: 2.363 Thread 0x0000021b9ca5abc0 Exception <a 'java/lang/NoSuchMethodError'{0x000000070c8d48b0}: 'java.lang.Object java.lang.invoke.DirectMethodHandle$Holder.invokeStaticInit(java.lang.Object, int, int, int, int)'> (0x000000070c8d48b0) 
thrown [t:\workspace\open\src\hotspot\share\interpreter\linkResolver.cpp, line 766]
Event: 2.385 Thread 0x0000021bc1bab540 Exception <a 'java/lang/NoSuchMethodError'{0x000000070bc0c0f8}: 'java.lang.Object java.lang.invoke.DirectMethodHandle$Holder.invokeStatic(java.lang.Object, int, java.lang.Object)'> (0x000000070bc0c0f8) 
thrown [t:\workspace\open\src\hotspot\share\interpreter\linkResolver.cpp, line 766]
Event: 2.385 Thread 0x0000021bc1bacd50 Exception <a 'java/lang/NoSuchMethodError'{0x000000070bf0ce00}: 'java.lang.Object java.lang.invoke.DirectMethodHandle$Holder.invokeStatic(java.lang.Object, int, java.lang.Object)'> (0x000000070bf0ce00) 
thrown [t:\workspace\open\src\hotspot\share\interpreter\linkResolver.cpp, line 766]
Event: 2.385 Thread 0x0000021bc1bad6f0 Exception <a 'java/lang/NoSuchMethodError'{0x000000070c78d340}: 'java.lang.Object java.lang.invoke.DirectMethodHandle$Holder.invokeStatic(java.lang.Object, int, java.lang.Object)'> (0x000000070c78d340) 
thrown [t:\workspace\open\src\hotspot\share\interpreter\linkResolver.cpp, line 766]
Event: 2.416 Thread 0x0000021b9ca5abc0 Exception <a 'java/lang/NoSuchMethodError'{0x000000070ba7eca8}: 'java.lang.Object java.lang.invoke.DirectMethodHandle$Holder.invokeStaticInit(java.lang.Object, java.lang.Object, int, int, int, int)'> (0x000000070ba7eca8) 
thrown [t:\workspace\open\src\hotspot\share\interpreter\linkResolver.cpp, line 766]
Event: 2.422 Thread 0x0000021b9ca5abc0 Exception <a 'sun/nio/fs/WindowsException'{0x000000070ba8b8f8}> (0x000000070ba8b8f8) 
thrown [t:\workspace\open\src\hotspot\share\prims\jni.cpp, line 516]
Event: 2.426 Thread 0x0000021b9ca5abc0 Exception <a 'sun/nio/fs/WindowsException'{0x000000070ba8d9e8}> (0x000000070ba8d9e8) 
thrown [t:\workspace\open\src\hotspot\share\prims\jni.cpp, line 516]
Event: 2.430 Thread 0x0000021b9ca5abc0 Exception <a 'sun/nio/fs/WindowsException'{0x000000070ba8fa80}> (0x000000070ba8fa80) 
thrown [t:\workspace\open\src\hotspot\share\prims\jni.cpp, line 516]
Event: 2.435 Thread 0x0000021b9ca5abc0 Exception <a 'sun/nio/fs/WindowsException'{0x000000070ba91bb0}> (0x000000070ba91bb0) 
thrown [t:\workspace\open\src\hotspot\share\prims\jni.cpp, line 516]
Event: 2.438 Thread 0x0000021b9ca5abc0 Exception <a 'sun/nio/fs/WindowsException'{0x000000070ba93e40}> (0x000000070ba93e40) 
thrown [t:\workspace\open\src\hotspot\share\prims\jni.cpp, line 516]
Event: 2.441 Thread 0x0000021b9ca5abc0 Exception <a 'sun/nio/fs/WindowsException'{0x000000070ba95fb0}> (0x000000070ba95fb0) 
thrown [t:\workspace\open\src\hotspot\share\prims\jni.cpp, line 516]
Event: 2.448 Thread 0x0000021b9ca5abc0 Exception <a 'sun/nio/fs/WindowsException'{0x000000070ba9b010}> (0x000000070ba9b010) 
thrown [t:\workspace\open\src\hotspot\share\prims\jni.cpp, line 516]
Event: 2.453 Thread 0x0000021b9ca5abc0 Exception <a 'sun/nio/fs/WindowsException'{0x000000070baaa790}> (0x000000070baaa790) 
thrown [t:\workspace\open\src\hotspot\share\prims\jni.cpp, line 516]
Event: 2.453 Thread 0x0000021b9ca5abc0 Exception <a 'sun/nio/fs/WindowsException'{0x000000070baaab98}> (0x000000070baaab98) 
thrown [t:\workspace\open\src\hotspot\share\prims\jni.cpp, line 516]
Event: 2.453 Thread 0x0000021b9ca5abc0 Exception <a 'sun/nio/fs/WindowsException'{0x000000070baab370}> (0x000000070baab370) 
thrown [t:\workspace\open\src\hotspot\share\prims\jni.cpp, line 516]
Event: 2.454 Thread 0x0000021b9ca5abc0 Exception <a 'sun/nio/fs/WindowsException'{0x000000070baab920}> (0x000000070baab920) 
thrown [t:\workspace\open\src\hotspot\share\prims\jni.cpp, line 516]
Event: 2.456 Thread 0x0000021b9ca5abc0 Exception <a 'sun/nio/fs/WindowsException'{0x000000070baac658}> (0x000000070baac658) 
thrown [t:\workspace\open\src\hotspot\share\prims\jni.cpp, line 516]
Event: 2.457 Thread 0x0000021b9ca5abc0 Exception <a 'sun/nio/fs/WindowsException'{0x000000070baaccd8}> (0x000000070baaccd8) 
thrown [t:\workspace\open\src\hotspot\share\prims\jni.cpp, line 516]
Event: 2.458 Thread 0x0000021b9ca5abc0 Exception <a 'sun/nio/fs/WindowsException'{0x000000070bab16d8}> (0x000000070bab16d8) 
thrown [t:\workspace\open\src\hotspot\share\prims\jni.cpp, line 516]
Event: 2.458 Thread 0x0000021b9ca5abc0 Exception <a 'sun/nio/fs/WindowsException'{0x000000070bab1ae0}> (0x000000070bab1ae0) 
thrown [t:\workspace\open\src\hotspot\share\prims\jni.cpp, line 516]

VM Operations (20 events):
Event: 2.619 Executing VM operation: G1CollectForAllocation done
Event: 2.619 Executing VM operation: G1CollectForAllocation
Event: 2.632 Executing VM operation: G1CollectForAllocation done
Event: 2.671 Executing VM operation: G1CollectForAllocation
Event: 2.671 Executing VM operation: G1CollectForAllocation done
Event: 2.671 Executing VM operation: G1CollectForAllocation
Event: 2.677 Executing VM operation: G1CollectForAllocation done
Event: 2.745 Executing VM operation: G1CollectForAllocation
Event: 2.751 Executing VM operation: G1CollectForAllocation done
Event: 2.814 Executing VM operation: G1CollectForAllocation
Event: 2.822 Executing VM operation: G1CollectForAllocation done
Event: 3.333 Executing VM operation: G1CollectForAllocation
Event: 3.348 Executing VM operation: G1CollectForAllocation done
Event: 3.527 Executing VM operation: G1CollectForAllocation
Event: 3.527 Executing VM operation: G1CollectForAllocation done
Event: 3.527 Executing VM operation: G1CollectForAllocation
Event: 3.541 Executing VM operation: G1CollectForAllocation done
Event: 3.662 Executing VM operation: G1CollectForAllocation
Event: 3.674 Executing VM operation: G1CollectForAllocation done
Event: 3.928 Executing VM operation: G1CollectForAllocation

Events (20 events):
Event: 2.388 loading class java/nio/channels/NonWritableChannelException
Event: 2.388 loading class java/nio/channels/NonWritableChannelException done
Event: 2.388 loading class java/nio/channels/ClosedChannelException
Event: 2.388 loading class java/nio/channels/ClosedChannelException done
Event: 2.392 loading class java/net/NetworkInterface$1
Event: 2.392 loading class java/net/NetworkInterface$1 done
Event: 2.416 loading class java/lang/invoke/MethodHandle$1
Event: 2.416 loading class java/lang/invoke/MethodHandle$1 done
Event: 2.418 loading class sun/security/provider/AbstractDrbg$NonceProvider
Event: 2.418 loading class sun/security/provider/AbstractDrbg$NonceProvider done
Event: 2.420 loading class java/nio/channels/Channels$1
Event: 2.420 loading class java/nio/channels/Channels$1 done
Event: 2.495 loading class java/io/DataOutputStream
Event: 2.495 loading class java/io/DataOutputStream done
Event: 2.495 loading class java/util/concurrent/CompletableFuture$Signaller
Event: 2.496 loading class java/util/concurrent/CompletableFuture$Signaller done
Event: 2.571 loading class jdk/internal/access/foreign/MemorySegmentProxy
Event: 2.572 loading class jdk/internal/access/foreign/MemorySegmentProxy done
Event: 2.833 loading class jdk/internal/misc/ScopedMemoryAccess$Scope$Handle
Event: 2.834 loading class jdk/internal/misc/ScopedMemoryAccess$Scope$Handle done


Dynamic libraries:
0x00007ff75f5b0000 - 0x00007ff75f5c0000 	C:\Program Files\Java\jdk-17.0.2\bin\java.exe
0x00007ff8ca2d0000 - 0x00007ff8ca4c8000 	C:\WINDOWS\SYSTEM32\ntdll.dll
0x00007ff8c90d0000 - 0x00007ff8c918f000 	C:\WINDOWS\System32\KERNEL32.DLL
0x00007ff8c7e40000 - 0x00007ff8c811a000 	C:\WINDOWS\System32\KERNELBASE.dll
0x00007ff8c8120000 - 0x00007ff8c8220000 	C:\WINDOWS\System32\ucrtbase.dll
0x00007ff897590000 - 0x00007ff8975a8000 	C:\Program Files\Java\jdk-17.0.2\bin\jli.dll
0x00007ff89c940000 - 0x00007ff89c95a000 	C:\Program Files\Java\jdk-17.0.2\bin\VCRUNTIME140.dll
0x00007ff8c99e0000 - 0x00007ff8c9a8e000 	C:\WINDOWS\System32\ADVAPI32.dll
0x00007ff8c9550000 - 0x00007ff8c95ee000 	C:\WINDOWS\System32\msvcrt.dll
0x00007ff8c9b60000 - 0x00007ff8c9bfc000 	C:\WINDOWS\System32\sechost.dll
0x00007ff8c8e60000 - 0x00007ff8c8f86000 	C:\WINDOWS\System32\RPCRT4.dll
0x00007ff8c8cc0000 - 0x00007ff8c8e5d000 	C:\WINDOWS\System32\USER32.dll
0x00007ff8c8270000 - 0x00007ff8c8292000 	C:\WINDOWS\System32\win32u.dll
0x00007ff8b7400000 - 0x00007ff8b769a000 	C:\WINDOWS\WinSxS\amd64_microsoft.windows.common-controls_6595b64144ccf1df_6.0.19041.1110_none_60b5254171f9507e\COMCTL32.dll
0x00007ff8c8c90000 - 0x00007ff8c8cbb000 	C:\WINDOWS\System32\GDI32.dll
0x00007ff8c7a80000 - 0x00007ff8c7b90000 	C:\WINDOWS\System32\gdi32full.dll
0x00007ff8c79e0000 - 0x00007ff8c7a7d000 	C:\WINDOWS\System32\msvcp_win.dll
0x00007ff8bd0d0000 - 0x00007ff8bd0da000 	C:\WINDOWS\SYSTEM32\VERSION.dll
0x00007ff8c9d30000 - 0x00007ff8c9d60000 	C:\WINDOWS\System32\IMM32.DLL
0x00007ff8a5560000 - 0x00007ff8a556c000 	C:\Program Files\Java\jdk-17.0.2\bin\vcruntime140_1.dll
0x00007ff8923e0000 - 0x00007ff89246d000 	C:\Program Files\Java\jdk-17.0.2\bin\msvcp140.dll
0x00007ff86d5b0000 - 0x00007ff86e171000 	C:\Program Files\Java\jdk-17.0.2\bin\server\jvm.dll
0x00007ff8c9670000 - 0x00007ff8c9678000 	C:\WINDOWS\System32\PSAPI.DLL
0x00007ff8c33f0000 - 0x00007ff8c33f9000 	C:\WINDOWS\SYSTEM32\WSOCK32.dll
0x00007ff8b86d0000 - 0x00007ff8b86f7000 	C:\WINDOWS\SYSTEM32\WINMM.dll
0x00007ff8c9680000 - 0x00007ff8c96eb000 	C:\WINDOWS\System32\WS2_32.dll
0x00007ff8c6230000 - 0x00007ff8c6242000 	C:\WINDOWS\SYSTEM32\kernel.appcore.dll
0x00007ff8a1fb0000 - 0x00007ff8a1fba000 	C:\Program Files\Java\jdk-17.0.2\bin\jimage.dll
0x00007ff8c5870000 - 0x00007ff8c5a54000 	C:\WINDOWS\SYSTEM32\DBGHELP.DLL
0x00007ff8b6a60000 - 0x00007ff8b6a94000 	C:\WINDOWS\SYSTEM32\dbgcore.DLL
0x00007ff8c82a0000 - 0x00007ff8c8322000 	C:\WINDOWS\System32\bcryptPrimitives.dll
0x00007ff8c3450000 - 0x00007ff8c345e000 	C:\Program Files\Java\jdk-17.0.2\bin\instrument.dll
0x00007ff8970e0000 - 0x00007ff897105000 	C:\Program Files\Java\jdk-17.0.2\bin\java.dll
0x00007ff8901c0000 - 0x00007ff890296000 	C:\Program Files\Java\jdk-17.0.2\bin\jsvml.dll
0x00007ff8c8540000 - 0x00007ff8c8c84000 	C:\WINDOWS\System32\SHELL32.dll
0x00007ff8c5a80000 - 0x00007ff8c6213000 	C:\WINDOWS\SYSTEM32\windows.storage.dll
0x00007ff8c9190000 - 0x00007ff8c94e4000 	C:\WINDOWS\System32\combase.dll
0x00007ff8c73d0000 - 0x00007ff8c73fe000 	C:\WINDOWS\SYSTEM32\Wldp.dll
0x00007ff8c8f90000 - 0x00007ff8c903d000 	C:\WINDOWS\System32\SHCORE.dll
0x00007ff8c9d60000 - 0x00007ff8c9db5000 	C:\WINDOWS\System32\shlwapi.dll
0x00007ff8c7920000 - 0x00007ff8c793f000 	C:\WINDOWS\SYSTEM32\profapi.dll
0x00007ff893330000 - 0x00007ff893348000 	C:\Program Files\Java\jdk-17.0.2\bin\zip.dll
0x00007ff894180000 - 0x00007ff894199000 	C:\Program Files\Java\jdk-17.0.2\bin\net.dll
0x00007ff8be710000 - 0x00007ff8be81a000 	C:\WINDOWS\SYSTEM32\WINHTTP.dll
0x00007ff8c70c0000 - 0x00007ff8c712a000 	C:\WINDOWS\system32\mswsock.dll
0x00007ff894160000 - 0x00007ff894176000 	C:\Program Files\Java\jdk-17.0.2\bin\nio.dll
0x00007ff8a8320000 - 0x00007ff8a833a000 	C:\Users\stijn\AppData\Local\JetBrains\Toolbox\apps\IDEA-U\ch-0\223.8617.56\bin\breakgen64.dll
0x00007ff8c3430000 - 0x00007ff8c3439000 	C:\Program Files\Java\jdk-17.0.2\bin\management.dll
0x00007ff8b8660000 - 0x00007ff8b866b000 	C:\Program Files\Java\jdk-17.0.2\bin\management_ext.dll
0x00007ff892360000 - 0x00007ff892377000 	C:\WINDOWS\system32\napinsp.dll
0x00007ff892340000 - 0x00007ff89235b000 	C:\WINDOWS\system32\pnrpnsp.dll
0x00007ff8c27f0000 - 0x00007ff8c2805000 	C:\WINDOWS\system32\wshbth.dll
0x00007ff8c3390000 - 0x00007ff8c33ad000 	C:\WINDOWS\system32\NLAapi.dll
0x00007ff8c6db0000 - 0x00007ff8c6dec000 	C:\WINDOWS\SYSTEM32\IPHLPAPI.DLL
0x00007ff8c6df0000 - 0x00007ff8c6ebb000 	C:\WINDOWS\SYSTEM32\DNSAPI.dll
0x00007ff8c9d20000 - 0x00007ff8c9d28000 	C:\WINDOWS\System32\NSI.dll
0x00007ff8922b0000 - 0x00007ff8922c2000 	C:\WINDOWS\System32\winrnr.dll
0x00007ff8c00c0000 - 0x00007ff8c00ca000 	C:\Windows\System32\rasadhlp.dll
0x00007ff8bd3d0000 - 0x00007ff8bd450000 	C:\WINDOWS\System32\fwpuclnt.dll
0x00007ff8c7c00000 - 0x00007ff8c7c27000 	C:\WINDOWS\System32\bcrypt.dll
0x00007ff8a1d90000 - 0x00007ff8a1da0000 	C:\Program Files\Java\jdk-17.0.2\bin\verify.dll
0x00007ff8c72b0000 - 0x00007ff8c72c8000 	C:\WINDOWS\SYSTEM32\CRYPTSP.dll
0x00007ff8c69e0000 - 0x00007ff8c6a14000 	C:\WINDOWS\system32\rsaenh.dll
0x00007ff8c78e0000 - 0x00007ff8c790e000 	C:\WINDOWS\SYSTEM32\USERENV.dll
0x00007ff8c72d0000 - 0x00007ff8c72dc000 	C:\WINDOWS\SYSTEM32\CRYPTBASE.dll
0x00007ff8bf2a0000 - 0x00007ff8bf2b7000 	C:\WINDOWS\SYSTEM32\dhcpcsvc6.DLL
0x00007ff8c02d0000 - 0x00007ff8c02ed000 	C:\WINDOWS\SYSTEM32\dhcpcsvc.DLL

dbghelp: loaded successfully - version: 4.0.5 - missing functions: none
symbol engine: initialized successfully - sym options: 0x614 - pdb path: .;C:\Program Files\Java\jdk-17.0.2\bin;C:\WINDOWS\SYSTEM32;C:\WINDOWS\WinSxS\amd64_microsoft.windows.common-controls_6595b64144ccf1df_6.0.19041.1110_none_60b5254171f9507e;C:\Program Files\Java\jdk-17.0.2\bin\server;C:\Users\stijn\AppData\Local\JetBrains\Toolbox\apps\IDEA-U\ch-0\223.8617.56\bin

VM Arguments:
jvm_args: -Dfabric.dli.config=C:\Users\stijn\Desktop\Upgraded-Vanilla-Companion-Mod\.gradle\loom-cache\launch.cfg -Dfabric.dli.env=client -Dfabric.dli.main=net.fabricmc.loader.impl.launch.knot.KnotClient -javaagent:C:\Users\stijn\AppData\Local\JetBrains\Toolbox\apps\IDEA-U\ch-0\223.8617.56\lib\idea_rt.jar=64956:C:\Users\stijn\AppData\Local\JetBrains\Toolbox\apps\IDEA-U\ch-0\223.8617.56\bin -Dfile.encoding=UTF-8 
java_command: net.fabricmc.devlaunchinjector.Main
java_class_path (initial): C:\Users\stijn\Desktop\Upgraded-Vanilla-Companion-Mod\build\classes\java\main;C:\Users\stijn\Desktop\Upgraded-Vanilla-Companion-Mod\build\resources\main;C:\Users\stijn\.gradle\caches\modules-2\files-2.1\com.electronwill.night-config\toml\3.6.5\76d244e23fd69c681c2effcdaa602950167ec406\toml-3.6.5.jar;C:\Users\stijn\.gradle\caches\modules-2\files-2.1\com.electronwill.night-config\core\3.6.5\96a255af6a7a2e23d2be6f393b7cabb80aa180a4\core-3.6.5.jar;C:\Users\stijn\.gradle\caches\modules-2\files-2.1\com.google.code.findbugs\jsr305\3.0.2\25ea2e8b0c338a877313bd4672d3fe056ea78f0d\jsr305-3.0.2.jar;C:\Users\stijn\.gradle\caches\modules-2\files-2.1\javax.annotation\javax.annotation-api\1.3.2\934c04d3cfef185a8008e7bf34331b79730a9d43\javax.annotation-api-1.3.2.jar;C:\Users\stijn\.gradle\caches\modules-2\files-2.1\com.github.LlamaLad7\MixinExtras\0.1.1\509f2869426473a0faec75539db756367065816d\MixinExtras-0.1.1.jar;C:\Users\stijn\.gradle\caches\modules-2\files-2.1\blue.endless\jankson\1.2.0\3a596049034f2952c0b2d40ca41f9b98856d5fb4\jankson-1.2.0.jar;C:\Users\stijn\.gradle\caches\modules-2\files-2.1\com.moandjiezana.toml\toml4j\0.7.2\a03337911d0bd2c40932aca3946edb30d0e7d0c\toml4j-0.7.2.jar;C:\Users\stijn\.gradle\caches\modules-2\files-2.1\org.yaml\snakeyaml\1.27\359d62567480b07a679dc643f82fc926b100eed5\snakeyaml-1.27.jar;C:\Users\stijn\.gradle\caches\modules-2\files-2.1\com.google.code.gson\gson\2.8.9\8a432c1d6825781e21a02db2e2c33c5fde2833b9\gson-2.8.9.jar;C:\Users\stijn\.gradle\caches\modules-2\files-2.1\net.fabricmc\tiny-mappings-parser\0.3.0+build.17\2f10540a290e382a7cd35c16ec3900046a4e252\tiny-mappings-parser-0.3.0+build.17.jar;C:\Users\stijn\.gradle\caches\modules-2\files-2.1\net.fabricmc\sponge-mixin\0.11.4+mixin.0.8.5\c1dc27696aa4006e492c2485c9ccbcb26045a971\sponge-mixin-0.11.4+mixin.0.8.5.jar;C:\Users\stijn\.gradle\caches\modules-2\files-2.1\net.fabricmc\tiny-remapper\0.8.2\2cc6565989469ec38893bfb7802b31c0d0d11ea0\tiny-remapper-0.8.2.jar;C:\Users\st
Launcher Type: SUN_STANDARD

[Global flags]
     intx CICompilerCount                          = 4                                         {product} {ergonomic}
     uint ConcGCThreads                            = 3                                         {product} {ergonomic}
     uint G1ConcRefinementThreads                  = 10                                        {product} {ergonomic}
   size_t G1HeapRegionSize                         = 2097152                                   {product} {ergonomic}
    uintx GCDrainStackTargetSize                   = 64                                        {product} {ergonomic}
   size_t InitialHeapSize                          = 268435456                                 {product} {ergonomic}
   size_t MarkStackSize                            = 4194304                                   {product} {ergonomic}
   size_t MaxHeapSize                              = 4273995776                                {product} {ergonomic}
   size_t MaxNewSize                               = 2562719744                                {product} {ergonomic}
   size_t MinHeapDeltaBytes                        = 2097152                                   {product} {ergonomic}
   size_t MinHeapSize                              = 8388608                                   {product} {ergonomic}
    uintx NonNMethodCodeHeapSize                   = 5839372                                {pd product} {ergonomic}
    uintx NonProfiledCodeHeapSize                  = 122909434                              {pd product} {ergonomic}
    uintx ProfiledCodeHeapSize                     = 122909434                              {pd product} {ergonomic}
    uintx ReservedCodeCacheSize                    = 251658240                              {pd product} {ergonomic}
     bool SegmentedCodeCache                       = true                                      {product} {ergonomic}
   size_t SoftMaxHeapSize                          = 4273995776                             {manageable} {ergonomic}
     bool UseCompressedClassPointers               = true                           {product lp64_product} {ergonomic}
     bool UseCompressedOops                        = true                           {product lp64_product} {ergonomic}
     bool UseG1GC                                  = true                                      {product} {ergonomic}
     bool UseLargePagesIndividualAllocation        = false                                  {pd product} {ergonomic}

Logging:
Log output configuration:
 #0: stdout all=warning uptime,level,tags
 #1: stderr all=off uptime,level,tags

Environment Variables:
JAVA_HOME=C:\Program Files\Java\jdk-17.0.2\
PATH=C:\Python311\Scripts\;C:\Python311\;C:\Program Files\Eclipse Adoptium\jdk-17.0.6.10-hotspot\bin;C:\Program Files\Microsoft\jdk-17.0.6.10-hotspot\bin;D:\Oculus\Support\oculus-runtime;C:\Program Files (x86)\Common Files\Oracle\Java\javapath;C:\Program Files\Microsoft MPI\Bin\;C:\Program Files (x86)\Common Files\Intel\Shared Libraries\redist\intel64\compiler;C:\Windows\system32;C:\Windows;C:\Windows\System32\Wbem;C:\Windows\System32\WindowsPowerShell\v1.0\;C:\Windows\System32\OpenSSH\;C:\Program Files (x86)\NVIDIA Corporation\PhysX\Common;C:\WINDOWS\system32;C:\WINDOWS;C:\WINDOWS\System32\Wbem;C:\WINDOWS\System32\WindowsPowerShell\v1.0\;C:\WINDOWS\System32\OpenSSH\;C:\Go\bin;C:\Program Files\WorldPainter;C:\Program Files\Prio;C:\Program Files\dotnet\;C:\Program Files (x86)\Microsoft SQL Server\150\Tools\Binn\;C:\Program Files\Microsoft SQL Server\150\Tools\Binn\;C:\Program Files (x86)\Microsoft SQL Server\150\DTS\Binn\;C:\Program Files\Microsoft SQL Server\150\DTS\Binn\;C:\Program Files\Microsoft SQL Server\Client SDK\ODBC\170\Tools\Binn\;C:\Program Files\Azure Data Studio\bin;C:\Program Files\Docker\Docker\resources\bin;C:\ProgramData\DockerDesktop\version-bin;C:\Program Files\Java\jdk-16.0.2\bin;C:\Program Files\Java\scripts;C:\sqlite3;D:\vclibs\SDL2-2.24.0\lib\x64;C:\Program Files\MongoDB\Server\6.0\bin;C:\Program Files\MongoDB\Tools\100\bin;C:\Program Files\NVIDIA Corporation\NVIDIA NvDLISR;C:\apache-maven-3.8.7\bin;C:\Program Files\ArangoDB3 3.10.3\usr\bin;C:\Program Files\Git\cmd;C:\Program Files\nodejs\;C:\ProgramData\chocolatey\bin;C:\Users\stijn\AppData\Local\Microsoft\WindowsApps;C:\Users\stijn\go\bin;C:\Program Files\Azure Data Studio\bin;C:\Users\stijn\AppData\Local\Programs\Microsoft VS Code\bin;C:\Users\stijn\AppData\Local\GitHubDesktop\bin;C:\Program Files\JetBrains\IntelliJ IDEA 2021.3.2\bin;C:\msys64\mingw64\bin;C:\Users\stijn\.dotnet\tools;C:\Users\stijn\AppData\Local\JetBrains\Toolbox\scripts;C:\FFmpeg\bin;C:\Program Files\Microsoft JDBC DRIVER 11.
USERNAME=Stijn Arts
OS=Windows_NT
PROCESSOR_IDENTIFIER=Intel64 Family 6 Model 158 Stepping 10, GenuineIntel



---------------  S Y S T E M  ---------------

OS:
 Windows 10 , 64 bit Build 19041 (10.0.19041.2788)
OS uptime: 0 days 1:04 hours

CPU: total 12 (initial active 12) (6 cores per cpu, 2 threads per core) family 6 model 158 stepping 10 microcode 0xd6, cx8, cmov, fxsr, ht, mmx, 3dnowpref, sse, sse2, sse3, ssse3, sse4.1, sse4.2, popcnt, lzcnt, tsc, tscinvbit, avx, avx2, aes, erms, clmul, bmi1, bmi2, adx, fma, vzeroupper, clflush, clflushopt

Memory: 4k page, system-wide physical 16303M (1338M free)
TotalPageFile size 26303M (AvailPageFile size 230M)
current process WorkingSet (physical memory assigned to process): 614M, peak: 621M
current process commit charge ("private bytes"): 700M, peak: 1072M

vm_info: Java HotSpot(TM) 64-Bit Server VM (17.0.2+8-LTS-86) for windows-amd64 JRE (17.0.2+8-LTS-86), built on Dec  7 2021 21:51:03 by "mach5one" with MS VC++ 16.8 / 16.9 (VS2019)

END.
