#
# There is insufficient memory for the Java Runtime Environment to continue.
# Native memory allocation (mmap) failed to map 268435456 bytes for G1 virtual space
# Possible reasons:
#   The system is out of physical RAM or swap space
#   The process is running with CompressedOops enabled, and the Java Heap may be blocking the growth of the native heap
# Possible solutions:
#   Reduce memory load on the system
#   Increase physical memory or swap space
#   Check if swap backing store is full
#   Decrease Java heap size (-Xmx/-Xms)
#   Decrease number of Java threads
#   Decrease Java thread stack sizes (-Xss)
#   Set larger code cache with -XX:ReservedCodeCacheSize=
#   JVM is running with Zero Based Compressed Oops mode in which the Java heap is
#     placed in the first 32GB address space. The Java Heap base address is the
#     maximum limit for the native heap growth. Please use -XX:HeapBaseMinAddress
#     to set the Java Heap base and to place the Java Heap above 32GB virtual address.
# This output file may be truncated or incomplete.
#
#  Out of Memory Error (os_windows.cpp:3532), pid=9980, tid=10664
#
# JRE version: Java(TM) SE Runtime Environment (17.0.2+8) (build 17.0.2+8-LTS-86)
# Java VM: Java HotSpot(TM) 64-Bit Server VM (17.0.2+8-LTS-86, mixed mode, sharing, tiered, compressed oops, compressed class ptrs, g1 gc, windows-amd64)
# No core dump will be written. Minidumps are not enabled by default on client versions of Windows
#

---------------  S U M M A R Y ------------

Command Line: -Dfabric.dli.config=C:\Users\stijn\Desktop\Upgraded-Vanilla-Companion-Mod\.gradle\loom-cache\launch.cfg -Dfabric.dli.env=client -Dfabric.dli.main=net.fabricmc.loader.impl.launch.knot.KnotClient -javaagent:C:\Users\stijn\AppData\Local\JetBrains\Toolbox\apps\IDEA-U\ch-0\223.8617.56\lib\idea_rt.jar=64976:C:\Users\stijn\AppData\Local\JetBrains\Toolbox\apps\IDEA-U\ch-0\223.8617.56\bin -Dfile.encoding=UTF-8 net.fabricmc.devlaunchinjector.Main

Host: Intel(R) Core(TM) i7-8750H CPU @ 2.20GHz, 12 cores, 15G,  Windows 10 , 64 bit Build 19041 (10.0.19041.2788)
Time: Wed May 10 12:33:19 2023 W. Europe Daylight Time elapsed time: 2.497730 seconds (0d 0h 0m 2s)

---------------  T H R E A D  ---------------

Current thread (0x000001ec3bb6df90):  VMThread "VM Thread" [stack: 0x0000004dc5300000,0x0000004dc5400000] [id=10664]

Stack: [0x0000004dc5300000,0x0000004dc5400000]
Native frames: (J=compiled Java code, j=interpreted, Vv=VM code, C=native code)
V  [jvm.dll+0x670baa]
V  [jvm.dll+0x7cfcb4]
V  [jvm.dll+0x7d145e]
V  [jvm.dll+0x7d1ac3]
V  [jvm.dll+0x242bc5]
V  [jvm.dll+0x66dac9]
V  [jvm.dll+0x662412]
V  [jvm.dll+0x300c0b]
V  [jvm.dll+0x3081a6]
V  [jvm.dll+0x357d0e]
V  [jvm.dll+0x357f3f]
V  [jvm.dll+0x2d7ec8]
V  [jvm.dll+0x2d6194]
V  [jvm.dll+0x2d579c]
V  [jvm.dll+0x3190eb]
V  [jvm.dll+0x7d5f9b]
V  [jvm.dll+0x7d6cd4]
V  [jvm.dll+0x7d71ec]
V  [jvm.dll+0x7d75c4]
V  [jvm.dll+0x7d7690]
V  [jvm.dll+0x77ff7a]
V  [jvm.dll+0x66fa35]
C  [ucrtbase.dll+0x21bb2]
C  [KERNEL32.DLL+0x17604]
C  [ntdll.dll+0x526a1]

VM_Operation (0x0000004dc70fcf80): G1CollectForAllocation, mode: safepoint, requested by thread 0x000001ec3d66ab30


---------------  P R O C E S S  ---------------

Threads class SMR info:
_java_thread_list=0x000001ec3f4622c0, length=27, elements={
0x000001ec18bfc750, 0x000001ec3bd99590, 0x000001ec3bd9a400, 0x000001ec3bdac690,
0x000001ec3bdad150, 0x000001ec3bdafc10, 0x000001ec3bdb0de0, 0x000001ec3bdb2ca0,
0x000001ec3bdbd0e0, 0x000001ec3bdbe9f0, 0x000001ec18cbdf70, 0x000001ec3bf12290,
0x000001ec3cf00300, 0x000001ec3d56a010, 0x000001ec3da59540, 0x000001ec3d66b9a0,
0x000001ec3d669320, 0x000001ec3d6697f0, 0x000001ec3d66b4d0, 0x000001ec3d66ab30,
0x000001ec3d669cc0, 0x000001ec3d66cce0, 0x000001ec3d66a190, 0x000001ec3d66b000,
0x000001ec3d66be70, 0x000001ec3d66c340, 0x000001ec3d66c810
}

Java Threads: ( => current thread )
  0x000001ec18bfc750 JavaThread "main" [_thread_blocked, id=15608, stack(0x0000004dc4d00000,0x0000004dc4e00000)]
  0x000001ec3bd99590 JavaThread "Reference Handler" daemon [_thread_blocked, id=16940, stack(0x0000004dc5400000,0x0000004dc5500000)]
  0x000001ec3bd9a400 JavaThread "Finalizer" daemon [_thread_blocked, id=13992, stack(0x0000004dc5500000,0x0000004dc5600000)]
  0x000001ec3bdac690 JavaThread "Signal Dispatcher" daemon [_thread_blocked, id=18636, stack(0x0000004dc5600000,0x0000004dc5700000)]
  0x000001ec3bdad150 JavaThread "Attach Listener" daemon [_thread_blocked, id=18444, stack(0x0000004dc5700000,0x0000004dc5800000)]
  0x000001ec3bdafc10 JavaThread "Service Thread" daemon [_thread_blocked, id=11856, stack(0x0000004dc5800000,0x0000004dc5900000)]
  0x000001ec3bdb0de0 JavaThread "Monitor Deflation Thread" daemon [_thread_blocked, id=8576, stack(0x0000004dc5900000,0x0000004dc5a00000)]
  0x000001ec3bdb2ca0 JavaThread "C2 CompilerThread0" daemon [_thread_in_native, id=3540, stack(0x0000004dc5a00000,0x0000004dc5b00000)]
  0x000001ec3bdbd0e0 JavaThread "C1 CompilerThread0" daemon [_thread_blocked, id=9976, stack(0x0000004dc5b00000,0x0000004dc5c00000)]
  0x000001ec3bdbe9f0 JavaThread "Sweeper thread" daemon [_thread_blocked, id=18312, stack(0x0000004dc5c00000,0x0000004dc5d00000)]
  0x000001ec18cbdf70 JavaThread "Common-Cleaner" daemon [_thread_blocked, id=17836, stack(0x0000004dc5d00000,0x0000004dc5e00000)]
  0x000001ec3bf12290 JavaThread "C2 CompilerThread1" daemon [_thread_blocked, id=11916, stack(0x0000004dc5e00000,0x0000004dc5f00000)]
  0x000001ec3cf00300 JavaThread "Monitor Ctrl-Break" daemon [_thread_in_native, id=12188, stack(0x0000004dc5f00000,0x0000004dc6000000)]
  0x000001ec3d56a010 JavaThread "Notification Thread" daemon [_thread_blocked, id=13336, stack(0x0000004dc6000000,0x0000004dc6100000)]
  0x000001ec3da59540 JavaThread "C2 CompilerThread2" daemon [_thread_blocked, id=18244, stack(0x0000004dc6700000,0x0000004dc6800000)]
  0x000001ec3d66b9a0 JavaThread "pool-2-thread-1" [_thread_blocked, id=17312, stack(0x0000004dc6c00000,0x0000004dc6d00000)]
  0x000001ec3d669320 JavaThread "pool-2-thread-2" [_thread_blocked, id=7048, stack(0x0000004dc6d00000,0x0000004dc6e00000)]
  0x000001ec3d6697f0 JavaThread "pool-2-thread-3" [_thread_blocked, id=15292, stack(0x0000004dc6e00000,0x0000004dc6f00000)]
  0x000001ec3d66b4d0 JavaThread "pool-2-thread-4" [_thread_blocked, id=16344, stack(0x0000004dc6f00000,0x0000004dc7000000)]
  0x000001ec3d66ab30 JavaThread "pool-2-thread-5" [_thread_blocked, id=7652, stack(0x0000004dc7000000,0x0000004dc7100000)]
  0x000001ec3d669cc0 JavaThread "pool-2-thread-6" [_thread_blocked, id=6052, stack(0x0000004dc7100000,0x0000004dc7200000)]
  0x000001ec3d66cce0 JavaThread "pool-2-thread-7" [_thread_blocked, id=19208, stack(0x0000004dc7200000,0x0000004dc7300000)]
  0x000001ec3d66a190 JavaThread "pool-2-thread-8" [_thread_blocked, id=13296, stack(0x0000004dc7300000,0x0000004dc7400000)]
  0x000001ec3d66b000 JavaThread "pool-2-thread-9" [_thread_blocked, id=6692, stack(0x0000004dc7400000,0x0000004dc7500000)]
  0x000001ec3d66be70 JavaThread "pool-2-thread-10" [_thread_blocked, id=3264, stack(0x0000004dc7500000,0x0000004dc7600000)]
  0x000001ec3d66c340 JavaThread "pool-2-thread-11" [_thread_blocked, id=15788, stack(0x0000004dc7600000,0x0000004dc7700000)]
  0x000001ec3d66c810 JavaThread "pool-2-thread-12" [_thread_blocked, id=4608, stack(0x0000004dc7700000,0x0000004dc7800000)]

Other Threads:
=>0x000001ec3bb6df90 VMThread "VM Thread" [stack: 0x0000004dc5300000,0x0000004dc5400000] [id=10664]
  0x000001ec18c64b30 WatcherThread [stack: 0x0000004dc6100000,0x0000004dc6200000] [id=18760]
  0x000001ec18c49d70 GCTaskThread "GC Thread#0" [stack: 0x0000004dc4e00000,0x0000004dc4f00000] [id=16604]
  0x000001ec3d2cee30 GCTaskThread "GC Thread#1" [stack: 0x0000004dc6200000,0x0000004dc6300000] [id=4860]
  0x000001ec3d1c31f0 GCTaskThread "GC Thread#2" [stack: 0x0000004dc6300000,0x0000004dc6400000] [id=7920]
  0x000001ec3d19b3d0 GCTaskThread "GC Thread#3" [stack: 0x0000004dc6400000,0x0000004dc6500000] [id=18524]
  0x000001ec3d3ae440 GCTaskThread "GC Thread#4" [stack: 0x0000004dc6500000,0x0000004dc6600000] [id=11592]
  0x000001ec3d1c0a50 GCTaskThread "GC Thread#5" [stack: 0x0000004dc6600000,0x0000004dc6700000] [id=7220]
  0x000001ec3f3d8550 GCTaskThread "GC Thread#6" [stack: 0x0000004dc6800000,0x0000004dc6900000] [id=1792]
  0x000001ec3f3d9010 GCTaskThread "GC Thread#7" [stack: 0x0000004dc6900000,0x0000004dc6a00000] [id=19412]
  0x000001ec3f3d9820 GCTaskThread "GC Thread#8" [stack: 0x0000004dc6a00000,0x0000004dc6b00000] [id=10128]
  0x000001ec3f3d92c0 GCTaskThread "GC Thread#9" [stack: 0x0000004dc6b00000,0x0000004dc6c00000] [id=18400]
  0x000001ec18c5bb80 ConcurrentGCThread "G1 Main Marker" [stack: 0x0000004dc4f00000,0x0000004dc5000000] [id=19336]
  0x000001ec18c5c590 ConcurrentGCThread "G1 Conc#0" [stack: 0x0000004dc5000000,0x0000004dc5100000] [id=17736]
  0x000001ec3ba36e20 ConcurrentGCThread "G1 Refine#0" [stack: 0x0000004dc5100000,0x0000004dc5200000] [id=11184]
  0x000001ec3f58b5d0 ConcurrentGCThread "G1 Refine#1" [stack: 0x0000004dc7800000,0x0000004dc7900000] [id=18324]
  0x000001ec3fac2ac0 ConcurrentGCThread "G1 Refine#2" [stack: 0x0000004dc7900000,0x0000004dc7a00000] [id=19100]
  0x000001ec41c9b860 ConcurrentGCThread "G1 Refine#3" [stack: 0x0000004dc7a00000,0x0000004dc7b00000] [id=16824]
  0x000001ec415e3f40 ConcurrentGCThread "G1 Refine#4" [stack: 0x0000004dc7b00000,0x0000004dc7c00000] [id=16232]
  0x000001ec3ba37840 ConcurrentGCThread "G1 Service" [stack: 0x0000004dc5200000,0x0000004dc5300000] [id=15656]

Threads with active compile tasks:
C2 CompilerThread0     2520 2959       4       org.objectweb.asm.ClassReader::accept (1412 bytes)
C2 CompilerThread1     2521 2948       4       org.objectweb.asm.ClassReader::readField (671 bytes)
C2 CompilerThread2     2521 2972       4       java.time.zone.ZoneRules::findOffsetInfo (74 bytes)

VM state: at safepoint (normal execution)

VM Mutex/Monitor currently owned by a thread:  ([mutex/lock_event])
[0x000001ec18bf7b40] Threads_lock - owner thread: 0x000001ec3bb6df90
[0x000001ec18bf7e10] Heap_lock - owner thread: 0x000001ec3d66ab30

Heap address: 0x0000000701400000, size: 4076 MB, Compressed Oops mode: Zero based, Oop shift amount: 3

CDS archive(s) mapped at: [0x0000000800000000-0x0000000800bc0000-0x0000000800bc0000), size 12320768, SharedBaseAddress: 0x0000000800000000, ArchiveRelocationMode: 0.
Compressed class space mapped at: 0x0000000800c00000-0x0000000840c00000, reserved size: 1073741824
Narrow klass base: 0x0000000800000000, Narrow klass shift: 0, Narrow klass range: 0x100000000

GC Precious Log:
 CPUs: 12 total, 12 available
 Memory: 16303M
 Large Page Support: Disabled
 NUMA Support: Disabled
 Compressed Oops: Enabled (Zero based)
 Heap Region Size: 2M
 Heap Min Capacity: 8M
 Heap Initial Capacity: 256M
 Heap Max Capacity: 4076M
 Pre-touch: Disabled
 Parallel Workers: 10
 Concurrent Workers: 3
 Concurrent Refinement Workers: 10
 Periodic GC: Disabled

Heap:
 garbage-first heap   total 262144K, used 119184K [0x0000000701400000, 0x0000000800000000)
  region size 2048K, 6 young (12288K), 6 survivors (12288K)
 Metaspace       used 15826K, committed 16064K, reserved 1064960K
  class space    used 1790K, committed 1920K, reserved 1048576K

Heap Regions: E=young(eden), S=young(survivor), O=old, HS=humongous(starts), HC=humongous(continues), CS=collection set, F=free, OA=open archive, CA=closed archive, TAMS=top-at-mark-start (previous, next)
|   0|0x0000000701400000, 0x0000000701600000, 0x0000000701600000|100%|HS|  |TAMS 0x0000000701400000, 0x0000000701400000| Complete 
|   1|0x0000000701600000, 0x0000000701800000, 0x0000000701800000|100%|HS|  |TAMS 0x0000000701600000, 0x0000000701600000| Complete 
|   2|0x0000000701800000, 0x0000000701a00000, 0x0000000701a00000|100%|HC|  |TAMS 0x0000000701800000, 0x0000000701800000| Complete 
|   3|0x0000000701a00000, 0x0000000701c00000, 0x0000000701c00000|100%|HS|  |TAMS 0x0000000701a00000, 0x0000000701a00000| Complete 
|   4|0x0000000701c00000, 0x0000000701e00000, 0x0000000701e00000|100%|HS|  |TAMS 0x0000000701c00000, 0x0000000701c00000| Complete 
|   5|0x0000000701e00000, 0x0000000702000000, 0x0000000702000000|100%|HS|  |TAMS 0x0000000701e00000, 0x0000000701e00000| Complete 
|   6|0x0000000702000000, 0x0000000702200000, 0x0000000702200000|100%| O|  |TAMS 0x0000000702000000, 0x0000000702000000| Untracked 
|   7|0x0000000702200000, 0x0000000702400000, 0x0000000702400000|100%| O|  |TAMS 0x0000000702200000, 0x0000000702200000| Untracked 
|   8|0x0000000702400000, 0x0000000702600000, 0x0000000702600000|100%| O|  |TAMS 0x0000000702400000, 0x0000000702400000| Untracked 
|   9|0x0000000702600000, 0x0000000702800000, 0x0000000702800000|100%| O|  |TAMS 0x0000000702600000, 0x0000000702600000| Untracked 
|  10|0x0000000702800000, 0x0000000702a00000, 0x0000000702a00000|100%| O|  |TAMS 0x0000000702800000, 0x0000000702800000| Untracked 
|  11|0x0000000702a00000, 0x0000000702c00000, 0x0000000702c00000|100%| O|  |TAMS 0x0000000702a00000, 0x0000000702a00000| Untracked 
|  12|0x0000000702c00000, 0x0000000702e00000, 0x0000000702e00000|100%| O|  |TAMS 0x0000000702c00000, 0x0000000702c00000| Untracked 
|  13|0x0000000702e00000, 0x0000000703000000, 0x0000000703000000|100%| O|  |TAMS 0x0000000702e00000, 0x0000000702e00000| Untracked 
|  14|0x0000000703000000, 0x0000000703200000, 0x0000000703200000|100%| O|  |TAMS 0x0000000703000000, 0x0000000703000000| Untracked 
|  15|0x0000000703200000, 0x0000000703400000, 0x0000000703400000|100%| O|  |TAMS 0x0000000703200000, 0x0000000703200000| Untracked 
|  16|0x0000000703400000, 0x0000000703600000, 0x0000000703600000|100%| O|  |TAMS 0x0000000703400000, 0x0000000703400000| Untracked 
|  17|0x0000000703600000, 0x0000000703800000, 0x0000000703800000|100%| O|  |TAMS 0x0000000703600000, 0x0000000703600000| Untracked 
|  18|0x0000000703800000, 0x0000000703a00000, 0x0000000703a00000|100%| O|  |TAMS 0x0000000703800000, 0x0000000703800000| Untracked 
|  19|0x0000000703a00000, 0x0000000703c00000, 0x0000000703c00000|100%| O|  |TAMS 0x0000000703a00000, 0x0000000703a00000| Untracked 
|  20|0x0000000703c00000, 0x0000000703e00000, 0x0000000703e00000|100%| O|  |TAMS 0x0000000703c00000, 0x0000000703c00000| Untracked 
|  21|0x0000000703e00000, 0x0000000704000000, 0x0000000704000000|100%| O|  |TAMS 0x0000000703e00000, 0x0000000703e00000| Untracked 
|  22|0x0000000704000000, 0x0000000704200000, 0x0000000704200000|100%| O|  |TAMS 0x0000000704000000, 0x0000000704000000| Untracked 
|  23|0x0000000704200000, 0x0000000704400000, 0x0000000704400000|100%| O|  |TAMS 0x0000000704200000, 0x0000000704200000| Untracked 
|  24|0x0000000704400000, 0x0000000704600000, 0x0000000704600000|100%| O|  |TAMS 0x0000000704400000, 0x0000000704400000| Untracked 
|  25|0x0000000704600000, 0x0000000704800000, 0x0000000704800000|100%| O|  |TAMS 0x0000000704600000, 0x0000000704600000| Untracked 
|  26|0x0000000704800000, 0x0000000704a00000, 0x0000000704a00000|100%| O|  |TAMS 0x0000000704800000, 0x0000000704800000| Untracked 
|  27|0x0000000704a00000, 0x0000000704c00000, 0x0000000704c00000|100%| O|  |TAMS 0x0000000704a00000, 0x0000000704a00000| Untracked 
|  28|0x0000000704c00000, 0x0000000704e00000, 0x0000000704e00000|100%| O|  |TAMS 0x0000000704c00000, 0x0000000704c00000| Untracked 
|  29|0x0000000704e00000, 0x0000000705000000, 0x0000000705000000|100%| O|  |TAMS 0x0000000704e00000, 0x0000000704e00000| Untracked 
|  30|0x0000000705000000, 0x0000000705200000, 0x0000000705200000|100%| O|  |TAMS 0x0000000705000000, 0x0000000705000000| Untracked 
|  31|0x0000000705200000, 0x0000000705400000, 0x0000000705400000|100%| O|  |TAMS 0x0000000705200000, 0x0000000705200000| Untracked 
|  32|0x0000000705400000, 0x0000000705600000, 0x0000000705600000|100%| O|  |TAMS 0x0000000705400000, 0x0000000705400000| Untracked 
|  33|0x0000000705600000, 0x0000000705800000, 0x0000000705800000|100%| O|  |TAMS 0x0000000705600000, 0x0000000705600000| Untracked 
|  34|0x0000000705800000, 0x0000000705a00000, 0x0000000705a00000|100%| O|  |TAMS 0x0000000705800000, 0x0000000705800000| Untracked 
|  35|0x0000000705a00000, 0x0000000705c00000, 0x0000000705c00000|100%| O|  |TAMS 0x0000000705a00000, 0x0000000705a00000| Untracked 
|  36|0x0000000705c00000, 0x0000000705e00000, 0x0000000705e00000|100%| O|  |TAMS 0x0000000705c00000, 0x0000000705c00000| Untracked 
|  37|0x0000000705e00000, 0x0000000706000000, 0x0000000706000000|100%| O|  |TAMS 0x0000000705e00000, 0x0000000705e00000| Untracked 
|  38|0x0000000706000000, 0x0000000706200000, 0x0000000706200000|100%| O|  |TAMS 0x0000000706000000, 0x0000000706000000| Untracked 
|  39|0x0000000706200000, 0x0000000706400000, 0x0000000706400000|100%| O|  |TAMS 0x0000000706200000, 0x0000000706200000| Untracked 
|  40|0x0000000706400000, 0x0000000706600000, 0x0000000706600000|100%| O|  |TAMS 0x0000000706400000, 0x0000000706400000| Untracked 
|  41|0x0000000706600000, 0x0000000706800000, 0x0000000706800000|100%| O|  |TAMS 0x0000000706600000, 0x0000000706600000| Untracked 
|  42|0x0000000706800000, 0x0000000706a00000, 0x0000000706a00000|100%| O|  |TAMS 0x0000000706800000, 0x0000000706800000| Untracked 
|  43|0x0000000706a00000, 0x0000000706c00000, 0x0000000706c00000|100%| O|  |TAMS 0x0000000706a00000, 0x0000000706a00000| Untracked 
|  44|0x0000000706c00000, 0x0000000706e00000, 0x0000000706e00000|100%| O|  |TAMS 0x0000000706c00000, 0x0000000706c00000| Untracked 
|  45|0x0000000706e00000, 0x0000000707000000, 0x0000000707000000|100%|HS|  |TAMS 0x0000000706e00000, 0x0000000706e00000| Complete 
|  46|0x0000000707000000, 0x0000000707200000, 0x0000000707200000|100%| O|  |TAMS 0x0000000707000000, 0x0000000707000000| Untracked 
|  47|0x0000000707200000, 0x0000000707400000, 0x0000000707400000|100%| O|  |TAMS 0x0000000707200000, 0x0000000707200000| Untracked 
|  48|0x0000000707400000, 0x0000000707600000, 0x0000000707600000|100%| O|  |TAMS 0x0000000707400000, 0x0000000707400000| Untracked 
|  49|0x0000000707600000, 0x0000000707800000, 0x0000000707800000|100%| O|  |TAMS 0x0000000707600000, 0x0000000707600000| Untracked 
|  50|0x0000000707800000, 0x0000000707a00000, 0x0000000707a00000|100%| O|  |TAMS 0x0000000707800000, 0x0000000707800000| Untracked 
|  51|0x0000000707a00000, 0x0000000707c00000, 0x0000000707c00000|100%| O|  |TAMS 0x0000000707a00000, 0x0000000707a00000| Untracked 
|  52|0x0000000707c00000, 0x0000000707c64200, 0x0000000707e00000| 19%| O|  |TAMS 0x0000000707c00000, 0x0000000707c00000| Untracked 
|  53|0x0000000707e00000, 0x0000000707e00000, 0x0000000708000000|  0%| F|  |TAMS 0x0000000707e00000, 0x0000000707e00000| Untracked 
|  54|0x0000000708000000, 0x0000000708000000, 0x0000000708200000|  0%| F|  |TAMS 0x0000000708000000, 0x0000000708000000| Untracked 
|  55|0x0000000708200000, 0x0000000708200000, 0x0000000708400000|  0%| F|  |TAMS 0x0000000708200000, 0x0000000708200000| Untracked 
|  56|0x0000000708400000, 0x0000000708400000, 0x0000000708600000|  0%| F|  |TAMS 0x0000000708400000, 0x0000000708400000| Untracked 
|  57|0x0000000708600000, 0x0000000708600000, 0x0000000708800000|  0%| F|  |TAMS 0x0000000708600000, 0x0000000708600000| Untracked 
|  58|0x0000000708800000, 0x0000000708800000, 0x0000000708a00000|  0%| F|  |TAMS 0x0000000708800000, 0x0000000708800000| Untracked 
|  59|0x0000000708a00000, 0x0000000708a00000, 0x0000000708c00000|  0%| F|  |TAMS 0x0000000708a00000, 0x0000000708a00000| Untracked 
|  60|0x0000000708c00000, 0x0000000708c00000, 0x0000000708e00000|  0%| F|  |TAMS 0x0000000708c00000, 0x0000000708c00000| Untracked 
|  61|0x0000000708e00000, 0x0000000708e00000, 0x0000000709000000|  0%| F|  |TAMS 0x0000000708e00000, 0x0000000708e00000| Untracked 
|  62|0x0000000709000000, 0x0000000709000000, 0x0000000709200000|  0%| F|  |TAMS 0x0000000709000000, 0x0000000709000000| Untracked 
|  63|0x0000000709200000, 0x0000000709200000, 0x0000000709400000|  0%| F|  |TAMS 0x0000000709200000, 0x0000000709200000| Untracked 
|  64|0x0000000709400000, 0x0000000709400000, 0x0000000709600000|  0%| F|  |TAMS 0x0000000709400000, 0x0000000709400000| Untracked 
|  65|0x0000000709600000, 0x0000000709600000, 0x0000000709800000|  0%| F|  |TAMS 0x0000000709600000, 0x0000000709600000| Untracked 
|  66|0x0000000709800000, 0x0000000709800000, 0x0000000709a00000|  0%| F|  |TAMS 0x0000000709800000, 0x0000000709800000| Untracked 
|  67|0x0000000709a00000, 0x0000000709a00000, 0x0000000709c00000|  0%| F|  |TAMS 0x0000000709a00000, 0x0000000709a00000| Untracked 
|  68|0x0000000709c00000, 0x0000000709c00000, 0x0000000709e00000|  0%| F|  |TAMS 0x0000000709c00000, 0x0000000709c00000| Untracked 
|  69|0x0000000709e00000, 0x0000000709e00000, 0x000000070a000000|  0%| F|  |TAMS 0x0000000709e00000, 0x0000000709e00000| Untracked 
|  70|0x000000070a000000, 0x000000070a000000, 0x000000070a200000|  0%| F|  |TAMS 0x000000070a000000, 0x000000070a000000| Untracked 
|  71|0x000000070a200000, 0x000000070a200000, 0x000000070a400000|  0%| F|  |TAMS 0x000000070a200000, 0x000000070a200000| Untracked 
|  72|0x000000070a400000, 0x000000070a400000, 0x000000070a600000|  0%| F|  |TAMS 0x000000070a400000, 0x000000070a400000| Untracked 
|  73|0x000000070a600000, 0x000000070a600000, 0x000000070a800000|  0%| F|  |TAMS 0x000000070a600000, 0x000000070a600000| Untracked 
|  74|0x000000070a800000, 0x000000070a800000, 0x000000070aa00000|  0%| F|  |TAMS 0x000000070a800000, 0x000000070a800000| Untracked 
|  75|0x000000070aa00000, 0x000000070aa00000, 0x000000070ac00000|  0%| F|  |TAMS 0x000000070aa00000, 0x000000070aa00000| Untracked 
|  76|0x000000070ac00000, 0x000000070ac00000, 0x000000070ae00000|  0%| F|  |TAMS 0x000000070ac00000, 0x000000070ac00000| Untracked 
|  77|0x000000070ae00000, 0x000000070ae00000, 0x000000070b000000|  0%| F|  |TAMS 0x000000070ae00000, 0x000000070ae00000| Untracked 
|  78|0x000000070b000000, 0x000000070b000000, 0x000000070b200000|  0%| F|  |TAMS 0x000000070b000000, 0x000000070b000000| Untracked 
|  79|0x000000070b200000, 0x000000070b200000, 0x000000070b400000|  0%| F|  |TAMS 0x000000070b200000, 0x000000070b200000| Untracked 
|  80|0x000000070b400000, 0x000000070b400000, 0x000000070b600000|  0%| F|  |TAMS 0x000000070b400000, 0x000000070b400000| Untracked 
|  81|0x000000070b600000, 0x000000070b600000, 0x000000070b800000|  0%| F|  |TAMS 0x000000070b600000, 0x000000070b600000| Untracked 
|  82|0x000000070b800000, 0x000000070ba00000, 0x000000070ba00000|100%| S|CS|TAMS 0x000000070b800000, 0x000000070b800000| Complete 
|  83|0x000000070ba00000, 0x000000070bc00000, 0x000000070bc00000|100%| S|CS|TAMS 0x000000070ba00000, 0x000000070ba00000| Complete 
|  84|0x000000070bc00000, 0x000000070be00000, 0x000000070be00000|100%| S|CS|TAMS 0x000000070bc00000, 0x000000070bc00000| Complete 
|  85|0x000000070be00000, 0x000000070c000000, 0x000000070c000000|100%| S|CS|TAMS 0x000000070be00000, 0x000000070be00000| Complete 
|  86|0x000000070c000000, 0x000000070c200000, 0x000000070c200000|100%| S|CS|TAMS 0x000000070c000000, 0x000000070c000000| Complete 
|  87|0x000000070c200000, 0x000000070c400000, 0x000000070c400000|100%| S|CS|TAMS 0x000000070c200000, 0x000000070c200000| Complete 
|  88|0x000000070c400000, 0x000000070c400000, 0x000000070c600000|  0%| F|  |TAMS 0x000000070c400000, 0x000000070c400000| Untracked 
|  89|0x000000070c600000, 0x000000070c600000, 0x000000070c800000|  0%| F|  |TAMS 0x000000070c600000, 0x000000070c600000| Untracked 
|  90|0x000000070c800000, 0x000000070c800000, 0x000000070ca00000|  0%| F|  |TAMS 0x000000070c800000, 0x000000070c800000| Untracked 
|  91|0x000000070ca00000, 0x000000070ca00000, 0x000000070cc00000|  0%| F|  |TAMS 0x000000070ca00000, 0x000000070ca00000| Untracked 
|  92|0x000000070cc00000, 0x000000070cc00000, 0x000000070ce00000|  0%| F|  |TAMS 0x000000070cc00000, 0x000000070cc00000| Untracked 
|  93|0x000000070ce00000, 0x000000070ce00000, 0x000000070d000000|  0%| F|  |TAMS 0x000000070ce00000, 0x000000070ce00000| Untracked 
|  94|0x000000070d000000, 0x000000070d000000, 0x000000070d200000|  0%| F|  |TAMS 0x000000070d000000, 0x000000070d000000| Untracked 
|  95|0x000000070d200000, 0x000000070d200000, 0x000000070d400000|  0%| F|  |TAMS 0x000000070d200000, 0x000000070d200000| Untracked 
|  96|0x000000070d400000, 0x000000070d400000, 0x000000070d600000|  0%| F|  |TAMS 0x000000070d400000, 0x000000070d400000| Untracked 
|  97|0x000000070d600000, 0x000000070d600000, 0x000000070d800000|  0%| F|  |TAMS 0x000000070d600000, 0x000000070d600000| Untracked 
|  98|0x000000070d800000, 0x000000070d800000, 0x000000070da00000|  0%| F|  |TAMS 0x000000070d800000, 0x000000070d800000| Untracked 
|  99|0x000000070da00000, 0x000000070da00000, 0x000000070dc00000|  0%| F|  |TAMS 0x000000070da00000, 0x000000070da00000| Untracked 
| 100|0x000000070dc00000, 0x000000070dc00000, 0x000000070de00000|  0%| F|  |TAMS 0x000000070dc00000, 0x000000070dc00000| Untracked 
| 101|0x000000070de00000, 0x000000070de00000, 0x000000070e000000|  0%| F|  |TAMS 0x000000070de00000, 0x000000070de00000| Untracked 
| 102|0x000000070e000000, 0x000000070e000000, 0x000000070e200000|  0%| F|  |TAMS 0x000000070e000000, 0x000000070e000000| Untracked 
| 103|0x000000070e200000, 0x000000070e200000, 0x000000070e400000|  0%| F|  |TAMS 0x000000070e200000, 0x000000070e200000| Untracked 
| 104|0x000000070e400000, 0x000000070e400000, 0x000000070e600000|  0%| F|  |TAMS 0x000000070e400000, 0x000000070e400000| Untracked 
| 105|0x000000070e600000, 0x000000070e600000, 0x000000070e800000|  0%| F|  |TAMS 0x000000070e600000, 0x000000070e600000| Untracked 
| 106|0x000000070e800000, 0x000000070e800000, 0x000000070ea00000|  0%| F|  |TAMS 0x000000070e800000, 0x000000070e800000| Untracked 
| 107|0x000000070ea00000, 0x000000070ea00000, 0x000000070ec00000|  0%| F|  |TAMS 0x000000070ea00000, 0x000000070ea00000| Untracked 
| 108|0x000000070ec00000, 0x000000070ec00000, 0x000000070ee00000|  0%| F|  |TAMS 0x000000070ec00000, 0x000000070ec00000| Untracked 
| 109|0x000000070ee00000, 0x000000070ee00000, 0x000000070f000000|  0%| F|  |TAMS 0x000000070ee00000, 0x000000070ee00000| Untracked 
| 110|0x000000070f000000, 0x000000070f000000, 0x000000070f200000|  0%| F|  |TAMS 0x000000070f000000, 0x000000070f000000| Untracked 
| 111|0x000000070f200000, 0x000000070f200000, 0x000000070f400000|  0%| F|  |TAMS 0x000000070f200000, 0x000000070f200000| Untracked 
| 112|0x000000070f400000, 0x000000070f400000, 0x000000070f600000|  0%| F|  |TAMS 0x000000070f400000, 0x000000070f400000| Untracked 
| 113|0x000000070f600000, 0x000000070f600000, 0x000000070f800000|  0%| F|  |TAMS 0x000000070f600000, 0x000000070f600000| Untracked 
| 114|0x000000070f800000, 0x000000070f800000, 0x000000070fa00000|  0%| F|  |TAMS 0x000000070f800000, 0x000000070f800000| Untracked 
| 115|0x000000070fa00000, 0x000000070fa00000, 0x000000070fc00000|  0%| F|  |TAMS 0x000000070fa00000, 0x000000070fa00000| Untracked 
| 116|0x000000070fc00000, 0x000000070fc00000, 0x000000070fe00000|  0%| F|  |TAMS 0x000000070fc00000, 0x000000070fc00000| Untracked 
| 117|0x000000070fe00000, 0x000000070fe00000, 0x0000000710000000|  0%| F|  |TAMS 0x000000070fe00000, 0x000000070fe00000| Untracked 
| 118|0x0000000710000000, 0x0000000710000000, 0x0000000710200000|  0%| F|  |TAMS 0x0000000710000000, 0x0000000710000000| Untracked 
| 119|0x0000000710200000, 0x0000000710200000, 0x0000000710400000|  0%| F|  |TAMS 0x0000000710200000, 0x0000000710200000| Untracked 
| 120|0x0000000710400000, 0x0000000710400000, 0x0000000710600000|  0%| F|  |TAMS 0x0000000710400000, 0x0000000710400000| Untracked 
| 121|0x0000000710600000, 0x0000000710600000, 0x0000000710800000|  0%| F|  |TAMS 0x0000000710600000, 0x0000000710600000| Untracked 
| 122|0x0000000710800000, 0x0000000710800000, 0x0000000710a00000|  0%| F|  |TAMS 0x0000000710800000, 0x0000000710800000| Untracked 
| 123|0x0000000710a00000, 0x0000000710a00000, 0x0000000710c00000|  0%| F|  |TAMS 0x0000000710a00000, 0x0000000710a00000| Untracked 
| 124|0x0000000710c00000, 0x0000000710c00000, 0x0000000710e00000|  0%| F|  |TAMS 0x0000000710c00000, 0x0000000710c00000| Untracked 
| 125|0x0000000710e00000, 0x0000000710e00000, 0x0000000711000000|  0%| F|  |TAMS 0x0000000710e00000, 0x0000000710e00000| Untracked 
| 126|0x0000000711000000, 0x0000000711000000, 0x0000000711200000|  0%| F|  |TAMS 0x0000000711000000, 0x0000000711000000| Untracked 
| 127|0x0000000711200000, 0x0000000711200000, 0x0000000711400000|  0%| F|  |TAMS 0x0000000711200000, 0x0000000711200000| Untracked 

Card table byte_map: [0x000001ec30190000,0x000001ec30990000] _byte_map_base: 0x000001ec2c986000

Marking Bits (Prev, Next): (CMBitMap*) 0x000001ec18c4a380, (CMBitMap*) 0x000001ec18c4a3c0
 Prev Bits: [0x000001ec31190000, 0x000001ec35140000)
 Next Bits: [0x000001ec35140000, 0x000001ec390f0000)

Polling page: 0x000001ec16a30000

Metaspace:

Usage:
  Non-class:     13.71 MB used.
      Class:      1.75 MB used.
       Both:     15.46 MB used.

Virtual space:
  Non-class space:       16.00 MB reserved,      13.81 MB ( 86%) committed,  2 nodes.
      Class space:        1.00 GB reserved,       1.88 MB ( <1%) committed,  1 nodes.
             Both:        1.02 GB reserved,      15.69 MB (  2%) committed. 

Chunk freelists:
   Non-Class:  1.88 MB
       Class:  2.07 MB
        Both:  3.95 MB

MaxMetaspaceSize: unlimited
CompressedClassSpaceSize: 1.00 GB
Initial GC threshold: 21.00 MB
Current GC threshold: 21.00 MB
CDS: on
MetaspaceReclaimPolicy: balanced
 - commit_granule_bytes: 65536.
 - commit_granule_words: 8192.
 - virtual_space_node_default_size: 1048576.
 - enlarge_chunks_in_place: 1.
 - new_chunks_are_fully_committed: 0.
 - uncommit_free_chunks: 1.
 - use_allocation_guard: 0.
 - handle_deallocations: 1.


Internal statistics:

num_allocs_failed_limit: 0.
num_arena_births: 174.
num_arena_deaths: 0.
num_vsnodes_births: 3.
num_vsnodes_deaths: 0.
num_space_committed: 251.
num_space_uncommitted: 0.
num_chunks_returned_to_freelist: 0.
num_chunks_taken_from_freelist: 528.
num_chunk_merges: 0.
num_chunk_splits: 335.
num_chunks_enlarged: 231.
num_purges: 0.
num_inconsistent_stats: 0.

CodeHeap 'non-profiled nmethods': size=120000Kb used=1588Kb max_used=1588Kb free=118411Kb
 bounds [0x000001ec27f10000, 0x000001ec28180000, 0x000001ec2f440000]
CodeHeap 'profiled nmethods': size=120000Kb used=5998Kb max_used=5998Kb free=114002Kb
 bounds [0x000001ec209e0000, 0x000001ec20fc0000, 0x000001ec27f10000]
CodeHeap 'non-nmethods': size=5760Kb used=1260Kb max_used=1346Kb free=4499Kb
 bounds [0x000001ec20440000, 0x000001ec206b0000, 0x000001ec209e0000]
 total_blobs=3506 nmethods=2958 adapters=458
 compilation: enabled
              stopped_count=0, restarted_count=0
 full_count=0

Compilation events (20 events):
Event: 2.452 Thread 0x000001ec3bdbd0e0 2996   !   2       sun.nio.fs.WindowsNativeDispatcher::CreateFile (41 bytes)
Event: 2.452 Thread 0x000001ec3bdbd0e0 nmethod 2996 0x000001ec20fb5210 code [0x000001ec20fb53e0, 0x000001ec20fb55d8]
Event: 2.463 Thread 0x000001ec3da59540 nmethod 2966 0x000001ec2809ba10 code [0x000001ec2809bba0, 0x000001ec2809c3b8]
Event: 2.463 Thread 0x000001ec3da59540 3001       4       jdk.nio.zipfs.ZipPath::<init> (67 bytes)
Event: 2.467 Thread 0x000001ec3da59540 nmethod 3001 0x000001ec2809c690 code [0x000001ec2809c820, 0x000001ec2809cc68]
Event: 2.467 Thread 0x000001ec3da59540 2971       4       java.time.ZoneOffset::equals (36 bytes)
Event: 2.467 Thread 0x000001ec3da59540 nmethod 2971 0x000001ec2809cd90 code [0x000001ec2809cf20, 0x000001ec2809cff8]
Event: 2.467 Thread 0x000001ec3da59540 2972       4       java.time.zone.ZoneRules::findOffsetInfo (74 bytes)
Event: 2.469 Thread 0x000001ec3bdbd0e0 3006       2       java.util.concurrent.atomic.AtomicLong::compareAndSet (13 bytes)
Event: 2.469 Thread 0x000001ec3bdbd0e0 nmethod 3006 0x000001ec20fb5810 code [0x000001ec20fb59a0, 0x000001ec20fb5ab8]
Event: 2.477 Thread 0x000001ec3bdbd0e0 3009       2       sun.nio.fs.WindowsChannelFactory$Flags::toFlags (320 bytes)
Event: 2.478 Thread 0x000001ec3bdbd0e0 nmethod 3009 0x000001ec20fb5b90 code [0x000001ec20fb5e80, 0x000001ec20fb6e18]
Event: 2.478 Thread 0x000001ec3bdbd0e0 3008       2       sun.nio.fs.WindowsChannelFactory::newFileChannel (130 bytes)
Event: 2.478 Thread 0x000001ec3bdbd0e0 nmethod 3008 0x000001ec20fb7490 code [0x000001ec20fb7680, 0x000001ec20fb79e8]
Event: 2.478 Thread 0x000001ec3bdbd0e0 3010       2       sun.nio.fs.WindowsChannelFactory$Flags::<init> (20 bytes)
Event: 2.478 Thread 0x000001ec3bdbd0e0 nmethod 3010 0x000001ec20fb7b90 code [0x000001ec20fb7d20, 0x000001ec20fb7e38]
Event: 2.478 Thread 0x000001ec3bdbd0e0 3011   !   2       sun.nio.fs.WindowsChannelFactory::open (457 bytes)
Event: 2.480 Thread 0x000001ec3bdbd0e0 nmethod 3011 0x000001ec20fb7f10 code [0x000001ec20fb8160, 0x000001ec20fb8a28]
Event: 2.485 Thread 0x000001ec3bdbd0e0 3014 % !   3       jdk.nio.zipfs.ZipFileSystem::iteratorOf @ 54 (150 bytes)
Event: 2.486 Thread 0x000001ec3bdbd0e0 nmethod 3014% 0x000001ec20fb8f10 code [0x000001ec20fb92a0, 0x000001ec20fbaa48]

GC Heap History (15 events):
Event: 0.658 GC heap before
{Heap before GC invocations=0 (full 0):
 garbage-first heap   total 262144K, used 32768K [0x0000000701400000, 0x0000000800000000)
  region size 2048K, 11 young (22528K), 0 survivors (0K)
 Metaspace       used 3282K, committed 3392K, reserved 1056768K
  class space    used 289K, committed 320K, reserved 1048576K
}
Event: 0.661 GC heap after
{Heap after GC invocations=1 (full 0):
 garbage-first heap   total 262144K, used 22310K [0x0000000701400000, 0x0000000800000000)
  region size 2048K, 2 young (4096K), 2 survivors (4096K)
 Metaspace       used 3282K, committed 3392K, reserved 1056768K
  class space    used 289K, committed 320K, reserved 1048576K
}
Event: 1.039 GC heap before
{Heap before GC invocations=1 (full 0):
 garbage-first heap   total 262144K, used 40742K [0x0000000701400000, 0x0000000800000000)
  region size 2048K, 11 young (22528K), 2 survivors (4096K)
 Metaspace       used 6402K, committed 6528K, reserved 1056768K
  class space    used 673K, committed 768K, reserved 1048576K
}
Event: 1.042 GC heap after
{Heap after GC invocations=2 (full 0):
 garbage-first heap   total 262144K, used 23591K [0x0000000701400000, 0x0000000800000000)
  region size 2048K, 1 young (2048K), 1 survivors (2048K)
 Metaspace       used 6402K, committed 6528K, reserved 1056768K
  class space    used 673K, committed 768K, reserved 1048576K
}
Event: 1.959 GC heap before
{Heap before GC invocations=2 (full 0):
 garbage-first heap   total 262144K, used 85031K [0x0000000701400000, 0x0000000800000000)
  region size 2048K, 30 young (61440K), 1 survivors (2048K)
 Metaspace       used 14572K, committed 14848K, reserved 1064960K
  class space    used 1668K, committed 1792K, reserved 1048576K
}
Event: 1.964 GC heap after
{Heap after GC invocations=3 (full 0):
 garbage-first heap   total 262144K, used 30292K [0x0000000701400000, 0x0000000800000000)
  region size 2048K, 4 young (8192K), 4 survivors (8192K)
 Metaspace       used 14572K, committed 14848K, reserved 1064960K
  class space    used 1668K, committed 1792K, reserved 1048576K
}
Event: 2.239 GC heap before
{Heap before GC invocations=3 (full 0):
 garbage-first heap   total 262144K, used 122452K [0x0000000701400000, 0x0000000800000000)
  region size 2048K, 49 young (100352K), 4 survivors (8192K)
 Metaspace       used 15663K, committed 15872K, reserved 1064960K
  class space    used 1788K, committed 1920K, reserved 1048576K
}
Event: 2.255 GC heap after
{Heap after GC invocations=4 (full 0):
 garbage-first heap   total 262144K, used 63782K [0x0000000701400000, 0x0000000800000000)
  region size 2048K, 7 young (14336K), 7 survivors (14336K)
 Metaspace       used 15663K, committed 15872K, reserved 1064960K
  class space    used 1788K, committed 1920K, reserved 1048576K
}
Event: 2.330 GC heap before
{Heap before GC invocations=4 (full 0):
 garbage-first heap   total 262144K, used 139558K [0x0000000701400000, 0x0000000800000000)
  region size 2048K, 45 young (92160K), 7 survivors (14336K)
 Metaspace       used 15803K, committed 16064K, reserved 1064960K
  class space    used 1789K, committed 1920K, reserved 1048576K
}
Event: 2.341 GC heap after
{Heap after GC invocations=5 (full 0):
 garbage-first heap   total 262144K, used 79399K [0x0000000701400000, 0x0000000800000000)
  region size 2048K, 6 young (12288K), 6 survivors (12288K)
 Metaspace       used 15803K, committed 16064K, reserved 1064960K
  class space    used 1789K, committed 1920K, reserved 1048576K
}
Event: 2.378 GC heap before
{Heap before GC invocations=5 (full 0):
 garbage-first heap   total 262144K, used 138791K [0x0000000701400000, 0x0000000800000000)
  region size 2048K, 35 young (71680K), 6 survivors (12288K)
 Metaspace       used 15812K, committed 16064K, reserved 1064960K
  class space    used 1790K, committed 1920K, reserved 1048576K
}
Event: 2.384 GC heap after
{Heap after GC invocations=6 (full 0):
 garbage-first heap   total 262144K, used 90515K [0x0000000701400000, 0x0000000800000000)
  region size 2048K, 5 young (10240K), 5 survivors (10240K)
 Metaspace       used 15812K, committed 16064K, reserved 1064960K
  class space    used 1790K, committed 1920K, reserved 1048576K
}
Event: 2.433 GC heap before
{Heap before GC invocations=6 (full 0):
 garbage-first heap   total 262144K, used 172435K [0x0000000701400000, 0x0000000800000000)
  region size 2048K, 46 young (94208K), 5 survivors (10240K)
 Metaspace       used 15818K, committed 16064K, reserved 1064960K
  class space    used 1790K, committed 1920K, reserved 1048576K
}
Event: 2.439 GC heap after
{Heap after GC invocations=7 (full 0):
 garbage-first heap   total 262144K, used 102897K [0x0000000701400000, 0x0000000800000000)
  region size 2048K, 6 young (12288K), 6 survivors (12288K)
 Metaspace       used 15818K, committed 16064K, reserved 1064960K
  class space    used 1790K, committed 1920K, reserved 1048576K
}
Event: 2.488 GC heap before
{Heap before GC invocations=7 (full 0):
 garbage-first heap   total 262144K, used 184817K [0x0000000701400000, 0x0000000800000000)
  region size 2048K, 46 young (94208K), 6 survivors (12288K)
 Metaspace       used 15826K, committed 16064K, reserved 1064960K
  class space    used 1790K, committed 1920K, reserved 1048576K
}

Deoptimization events (20 events):
Event: 2.449 Thread 0x000001ec3d6697f0 DEOPT PACKING pc=0x000001ec20f2a7f8 sp=0x0000004dc6efeb40
Event: 2.449 Thread 0x000001ec3d6697f0 DEOPT UNPACKING pc=0x000001ec20492b43 sp=0x0000004dc6efe000 mode 0
Event: 2.449 Thread 0x000001ec3d669320 DEOPT PACKING pc=0x000001ec20f292d0 sp=0x0000004dc6dfea80
Event: 2.449 Thread 0x000001ec3d669320 DEOPT UNPACKING pc=0x000001ec20492b43 sp=0x0000004dc6dfdf08 mode 0
Event: 2.450 Thread 0x000001ec3d66c810 DEOPT PACKING pc=0x000001ec20f292d0 sp=0x0000004dc77fe5b0
Event: 2.450 Thread 0x000001ec3d66c810 DEOPT UNPACKING pc=0x000001ec20492b43 sp=0x0000004dc77fda38 mode 0
Event: 2.451 Thread 0x000001ec3d669320 DEOPT PACKING pc=0x000001ec20f2934b sp=0x0000004dc6dfea80
Event: 2.451 Thread 0x000001ec3d669320 DEOPT UNPACKING pc=0x000001ec20492b43 sp=0x0000004dc6dfdf08 mode 0
Event: 2.456 Thread 0x000001ec3d669320 DEOPT PACKING pc=0x000001ec20f2934b sp=0x0000004dc6dfea80
Event: 2.456 Thread 0x000001ec3d669320 DEOPT UNPACKING pc=0x000001ec20492b43 sp=0x0000004dc6dfdf08 mode 0
Event: 2.457 Thread 0x000001ec3d6697f0 DEOPT PACKING pc=0x000001ec20f292d0 sp=0x0000004dc6efe720
Event: 2.457 Thread 0x000001ec3d6697f0 DEOPT UNPACKING pc=0x000001ec20492b43 sp=0x0000004dc6efdba8 mode 0
Event: 2.458 Thread 0x000001ec3d66c810 DEOPT PACKING pc=0x000001ec20f292d0 sp=0x0000004dc77fe5b0
Event: 2.458 Thread 0x000001ec3d66c810 DEOPT UNPACKING pc=0x000001ec20492b43 sp=0x0000004dc77fda38 mode 0
Event: 2.460 Thread 0x000001ec3d6697f0 DEOPT PACKING pc=0x000001ec20f292d0 sp=0x0000004dc6efe720
Event: 2.460 Thread 0x000001ec3d6697f0 DEOPT UNPACKING pc=0x000001ec20492b43 sp=0x0000004dc6efdba8 mode 0
Event: 2.461 Thread 0x000001ec3d669320 DEOPT PACKING pc=0x000001ec20f2934b sp=0x0000004dc6dfea80
Event: 2.461 Thread 0x000001ec3d669320 DEOPT UNPACKING pc=0x000001ec20492b43 sp=0x0000004dc6dfdf08 mode 0
Event: 2.462 Thread 0x000001ec3d669320 DEOPT PACKING pc=0x000001ec20f292d0 sp=0x0000004dc6dfea80
Event: 2.462 Thread 0x000001ec3d669320 DEOPT UNPACKING pc=0x000001ec20492b43 sp=0x0000004dc6dfdf08 mode 0

Classes unloaded (0 events):
No events

Classes redefined (0 events):
No events

Internal exceptions (20 events):
Event: 2.204 Thread 0x000001ec18bfc750 Exception <a 'sun/nio/fs/WindowsException'{0x000000070bc3c858}> (0x000000070bc3c858) 
thrown [t:\workspace\open\src\hotspot\share\prims\jni.cpp, line 516]
Event: 2.206 Thread 0x000001ec18bfc750 Exception <a 'sun/nio/fs/WindowsException'{0x000000070bc3e300}> (0x000000070bc3e300) 
thrown [t:\workspace\open\src\hotspot\share\prims\jni.cpp, line 516]
Event: 2.206 Thread 0x000001ec18bfc750 Exception <a 'sun/nio/fs/WindowsException'{0x000000070bc3ead8}> (0x000000070bc3ead8) 
thrown [t:\workspace\open\src\hotspot\share\prims\jni.cpp, line 516]
Event: 2.208 Thread 0x000001ec18bfc750 Exception <a 'sun/nio/fs/WindowsException'{0x000000070bc40448}> (0x000000070bc40448) 
thrown [t:\workspace\open\src\hotspot\share\prims\jni.cpp, line 516]
Event: 2.208 Thread 0x000001ec18bfc750 Exception <a 'sun/nio/fs/WindowsException'{0x000000070bc40c38}> (0x000000070bc40c38) 
thrown [t:\workspace\open\src\hotspot\share\prims\jni.cpp, line 516]
Event: 2.210 Thread 0x000001ec18bfc750 Exception <a 'sun/nio/fs/WindowsException'{0x000000070bc42548}> (0x000000070bc42548) 
thrown [t:\workspace\open\src\hotspot\share\prims\jni.cpp, line 516]
Event: 2.211 Thread 0x000001ec18bfc750 Exception <a 'sun/nio/fs/WindowsException'{0x000000070bc43470}> (0x000000070bc43470) 
thrown [t:\workspace\open\src\hotspot\share\prims\jni.cpp, line 516]
Event: 2.211 Thread 0x000001ec18bfc750 Exception <a 'sun/nio/fs/WindowsException'{0x000000070bc443f0}> (0x000000070bc443f0) 
thrown [t:\workspace\open\src\hotspot\share\prims\jni.cpp, line 516]
Event: 2.211 Thread 0x000001ec18bfc750 Exception <a 'sun/nio/fs/WindowsException'{0x000000070bc453c8}> (0x000000070bc453c8) 
thrown [t:\workspace\open\src\hotspot\share\prims\jni.cpp, line 516]
Event: 2.211 Thread 0x000001ec18bfc750 Exception <a 'sun/nio/fs/WindowsException'{0x000000070bc45cc8}> (0x000000070bc45cc8) 
thrown [t:\workspace\open\src\hotspot\share\prims\jni.cpp, line 516]
Event: 2.213 Thread 0x000001ec18bfc750 Exception <a 'sun/nio/fs/WindowsException'{0x000000070bc475f0}> (0x000000070bc475f0) 
thrown [t:\workspace\open\src\hotspot\share\prims\jni.cpp, line 516]
Event: 2.214 Thread 0x000001ec18bfc750 Exception <a 'sun/nio/fs/WindowsException'{0x000000070bc485b8}> (0x000000070bc485b8) 
thrown [t:\workspace\open\src\hotspot\share\prims\jni.cpp, line 516]
Event: 2.215 Thread 0x000001ec18bfc750 Exception <a 'sun/nio/fs/WindowsException'{0x000000070bc55078}> (0x000000070bc55078) 
thrown [t:\workspace\open\src\hotspot\share\prims\jni.cpp, line 516]
Event: 2.215 Thread 0x000001ec18bfc750 Exception <a 'sun/nio/fs/WindowsException'{0x000000070bc55480}> (0x000000070bc55480) 
thrown [t:\workspace\open\src\hotspot\share\prims\jni.cpp, line 516]
Event: 2.216 Thread 0x000001ec18bfc750 Exception <a 'sun/nio/fs/WindowsException'{0x000000070bc55c58}> (0x000000070bc55c58) 
thrown [t:\workspace\open\src\hotspot\share\prims\jni.cpp, line 516]
Event: 2.216 Thread 0x000001ec18bfc750 Exception <a 'sun/nio/fs/WindowsException'{0x000000070bc56208}> (0x000000070bc56208) 
thrown [t:\workspace\open\src\hotspot\share\prims\jni.cpp, line 516]
Event: 2.218 Thread 0x000001ec18bfc750 Exception <a 'sun/nio/fs/WindowsException'{0x000000070bc56f40}> (0x000000070bc56f40) 
thrown [t:\workspace\open\src\hotspot\share\prims\jni.cpp, line 516]
Event: 2.218 Thread 0x000001ec18bfc750 Exception <a 'sun/nio/fs/WindowsException'{0x000000070bc575c0}> (0x000000070bc575c0) 
thrown [t:\workspace\open\src\hotspot\share\prims\jni.cpp, line 516]
Event: 2.219 Thread 0x000001ec18bfc750 Exception <a 'sun/nio/fs/WindowsException'{0x000000070bc5bfc0}> (0x000000070bc5bfc0) 
thrown [t:\workspace\open\src\hotspot\share\prims\jni.cpp, line 516]
Event: 2.219 Thread 0x000001ec18bfc750 Exception <a 'sun/nio/fs/WindowsException'{0x000000070bc5c3c8}> (0x000000070bc5c3c8) 
thrown [t:\workspace\open\src\hotspot\share\prims\jni.cpp, line 516]

VM Operations (20 events):
Event: 2.151 Executing VM operation: HandshakeAllThreads done
Event: 2.152 Executing VM operation: HandshakeAllThreads
Event: 2.152 Executing VM operation: HandshakeAllThreads done
Event: 2.171 Executing VM operation: HandshakeAllThreads
Event: 2.171 Executing VM operation: HandshakeAllThreads done
Event: 2.239 Executing VM operation: G1CollectForAllocation
Event: 2.239 Executing VM operation: G1CollectForAllocation done
Event: 2.239 Executing VM operation: G1CollectForAllocation
Event: 2.255 Executing VM operation: G1CollectForAllocation done
Event: 2.330 Executing VM operation: G1CollectForAllocation
Event: 2.342 Executing VM operation: G1CollectForAllocation done
Event: 2.378 Executing VM operation: G1CollectForAllocation
Event: 2.378 Executing VM operation: G1CollectForAllocation done
Event: 2.378 Executing VM operation: G1CollectForAllocation
Event: 2.384 Executing VM operation: G1CollectForAllocation done
Event: 2.433 Executing VM operation: G1CollectForAllocation
Event: 2.433 Executing VM operation: G1CollectForAllocation done
Event: 2.433 Executing VM operation: G1CollectForAllocation
Event: 2.439 Executing VM operation: G1CollectForAllocation done
Event: 2.488 Executing VM operation: G1CollectForAllocation

Events (20 events):
Event: 2.169 loading class java/time/zone/ZoneOffsetTransitionRule$1
Event: 2.169 loading class java/time/zone/ZoneOffsetTransitionRule$1 done
Event: 2.169 loading class java/util/concurrent/TimeUnit$1
Event: 2.170 loading class java/util/concurrent/TimeUnit$1 done
Event: 2.171 loading class java/nio/channels/NonWritableChannelException
Event: 2.171 loading class java/nio/channels/NonWritableChannelException done
Event: 2.171 loading class java/nio/channels/ClosedChannelException
Event: 2.171 loading class java/nio/channels/ClosedChannelException done
Event: 2.177 loading class java/net/NetworkInterface$1
Event: 2.177 loading class java/net/NetworkInterface$1 done
Event: 2.196 loading class sun/security/provider/AbstractDrbg$NonceProvider
Event: 2.196 loading class sun/security/provider/AbstractDrbg$NonceProvider done
Event: 2.198 loading class java/nio/channels/Channels$1
Event: 2.198 loading class java/nio/channels/Channels$1 done
Event: 2.274 loading class java/io/DataOutputStream
Event: 2.274 loading class java/io/DataOutputStream done
Event: 2.274 loading class java/util/concurrent/CompletableFuture$Signaller
Event: 2.274 loading class java/util/concurrent/CompletableFuture$Signaller done
Event: 2.369 loading class jdk/internal/access/foreign/MemorySegmentProxy
Event: 2.369 loading class jdk/internal/access/foreign/MemorySegmentProxy done


Dynamic libraries:
0x00007ff75f5b0000 - 0x00007ff75f5c0000 	C:\Program Files\Java\jdk-17.0.2\bin\java.exe
0x00007ff8ca2d0000 - 0x00007ff8ca4c8000 	C:\WINDOWS\SYSTEM32\ntdll.dll
0x00007ff8c90d0000 - 0x00007ff8c918f000 	C:\WINDOWS\System32\KERNEL32.DLL
0x00007ff8c7e40000 - 0x00007ff8c811a000 	C:\WINDOWS\System32\KERNELBASE.dll
0x00007ff8c8120000 - 0x00007ff8c8220000 	C:\WINDOWS\System32\ucrtbase.dll
0x00007ff89c940000 - 0x00007ff89c95a000 	C:\Program Files\Java\jdk-17.0.2\bin\VCRUNTIME140.dll
0x00007ff897590000 - 0x00007ff8975a8000 	C:\Program Files\Java\jdk-17.0.2\bin\jli.dll
0x00007ff8c99e0000 - 0x00007ff8c9a8e000 	C:\WINDOWS\System32\ADVAPI32.dll
0x00007ff8c9550000 - 0x00007ff8c95ee000 	C:\WINDOWS\System32\msvcrt.dll
0x00007ff8c9b60000 - 0x00007ff8c9bfc000 	C:\WINDOWS\System32\sechost.dll
0x00007ff8c8e60000 - 0x00007ff8c8f86000 	C:\WINDOWS\System32\RPCRT4.dll
0x00007ff8c8cc0000 - 0x00007ff8c8e5d000 	C:\WINDOWS\System32\USER32.dll
0x00007ff8c8270000 - 0x00007ff8c8292000 	C:\WINDOWS\System32\win32u.dll
0x00007ff8b7400000 - 0x00007ff8b769a000 	C:\WINDOWS\WinSxS\amd64_microsoft.windows.common-controls_6595b64144ccf1df_6.0.19041.1110_none_60b5254171f9507e\COMCTL32.dll
0x00007ff8c8c90000 - 0x00007ff8c8cbb000 	C:\WINDOWS\System32\GDI32.dll
0x00007ff8c7a80000 - 0x00007ff8c7b90000 	C:\WINDOWS\System32\gdi32full.dll
0x00007ff8c79e0000 - 0x00007ff8c7a7d000 	C:\WINDOWS\System32\msvcp_win.dll
0x00007ff8bd0d0000 - 0x00007ff8bd0da000 	C:\WINDOWS\SYSTEM32\VERSION.dll
0x00007ff8c9d30000 - 0x00007ff8c9d60000 	C:\WINDOWS\System32\IMM32.DLL
0x00007ff8a5560000 - 0x00007ff8a556c000 	C:\Program Files\Java\jdk-17.0.2\bin\vcruntime140_1.dll
0x00007ff8923e0000 - 0x00007ff89246d000 	C:\Program Files\Java\jdk-17.0.2\bin\msvcp140.dll
0x00007ff86d5b0000 - 0x00007ff86e171000 	C:\Program Files\Java\jdk-17.0.2\bin\server\jvm.dll
0x00007ff8c9670000 - 0x00007ff8c9678000 	C:\WINDOWS\System32\PSAPI.DLL
0x00007ff8b86d0000 - 0x00007ff8b86f7000 	C:\WINDOWS\SYSTEM32\WINMM.dll
0x00007ff8c33f0000 - 0x00007ff8c33f9000 	C:\WINDOWS\SYSTEM32\WSOCK32.dll
0x00007ff8c9680000 - 0x00007ff8c96eb000 	C:\WINDOWS\System32\WS2_32.dll
0x00007ff8c6230000 - 0x00007ff8c6242000 	C:\WINDOWS\SYSTEM32\kernel.appcore.dll
0x00007ff8a1fb0000 - 0x00007ff8a1fba000 	C:\Program Files\Java\jdk-17.0.2\bin\jimage.dll
0x00007ff8c5870000 - 0x00007ff8c5a54000 	C:\WINDOWS\SYSTEM32\DBGHELP.DLL
0x00007ff8b6a60000 - 0x00007ff8b6a94000 	C:\WINDOWS\SYSTEM32\dbgcore.DLL
0x00007ff8c82a0000 - 0x00007ff8c8322000 	C:\WINDOWS\System32\bcryptPrimitives.dll
0x00007ff8a8cf0000 - 0x00007ff8a8cfe000 	C:\Program Files\Java\jdk-17.0.2\bin\instrument.dll
0x00007ff8970e0000 - 0x00007ff897105000 	C:\Program Files\Java\jdk-17.0.2\bin\java.dll
0x00007ff8901c0000 - 0x00007ff890296000 	C:\Program Files\Java\jdk-17.0.2\bin\jsvml.dll
0x00007ff8c8540000 - 0x00007ff8c8c84000 	C:\WINDOWS\System32\SHELL32.dll
0x00007ff8c5a80000 - 0x00007ff8c6213000 	C:\WINDOWS\SYSTEM32\windows.storage.dll
0x00007ff8c9190000 - 0x00007ff8c94e4000 	C:\WINDOWS\System32\combase.dll
0x00007ff8c73d0000 - 0x00007ff8c73fe000 	C:\WINDOWS\SYSTEM32\Wldp.dll
0x00007ff8c8f90000 - 0x00007ff8c903d000 	C:\WINDOWS\System32\SHCORE.dll
0x00007ff8c9d60000 - 0x00007ff8c9db5000 	C:\WINDOWS\System32\shlwapi.dll
0x00007ff8c7920000 - 0x00007ff8c793f000 	C:\WINDOWS\SYSTEM32\profapi.dll
0x00007ff893330000 - 0x00007ff893348000 	C:\Program Files\Java\jdk-17.0.2\bin\zip.dll
0x00007ff894180000 - 0x00007ff894199000 	C:\Program Files\Java\jdk-17.0.2\bin\net.dll
0x00007ff8be710000 - 0x00007ff8be81a000 	C:\WINDOWS\SYSTEM32\WINHTTP.dll
0x00007ff8c70c0000 - 0x00007ff8c712a000 	C:\WINDOWS\system32\mswsock.dll
0x00007ff894160000 - 0x00007ff894176000 	C:\Program Files\Java\jdk-17.0.2\bin\nio.dll
0x00007ff8a8320000 - 0x00007ff8a833a000 	C:\Users\stijn\AppData\Local\JetBrains\Toolbox\apps\IDEA-U\ch-0\223.8617.56\bin\breakgen64.dll
0x00007ff8c3430000 - 0x00007ff8c3439000 	C:\Program Files\Java\jdk-17.0.2\bin\management.dll
0x00007ff8b8660000 - 0x00007ff8b866b000 	C:\Program Files\Java\jdk-17.0.2\bin\management_ext.dll
0x00007ff892360000 - 0x00007ff892377000 	C:\WINDOWS\system32\napinsp.dll
0x00007ff892340000 - 0x00007ff89235b000 	C:\WINDOWS\system32\pnrpnsp.dll
0x00007ff8c27f0000 - 0x00007ff8c2805000 	C:\WINDOWS\system32\wshbth.dll
0x00007ff8c3390000 - 0x00007ff8c33ad000 	C:\WINDOWS\system32\NLAapi.dll
0x00007ff8c6db0000 - 0x00007ff8c6dec000 	C:\WINDOWS\SYSTEM32\IPHLPAPI.DLL
0x00007ff8c6df0000 - 0x00007ff8c6ebb000 	C:\WINDOWS\SYSTEM32\DNSAPI.dll
0x00007ff8c9d20000 - 0x00007ff8c9d28000 	C:\WINDOWS\System32\NSI.dll
0x00007ff8922b0000 - 0x00007ff8922c2000 	C:\WINDOWS\System32\winrnr.dll
0x00007ff8c00c0000 - 0x00007ff8c00ca000 	C:\Windows\System32\rasadhlp.dll
0x00007ff8bd3d0000 - 0x00007ff8bd450000 	C:\WINDOWS\System32\fwpuclnt.dll
0x00007ff8c7c00000 - 0x00007ff8c7c27000 	C:\WINDOWS\System32\bcrypt.dll
0x00007ff8a1d90000 - 0x00007ff8a1da0000 	C:\Program Files\Java\jdk-17.0.2\bin\verify.dll
0x00007ff8c72b0000 - 0x00007ff8c72c8000 	C:\WINDOWS\SYSTEM32\CRYPTSP.dll
0x00007ff8c69e0000 - 0x00007ff8c6a14000 	C:\WINDOWS\system32\rsaenh.dll
0x00007ff8c78e0000 - 0x00007ff8c790e000 	C:\WINDOWS\SYSTEM32\USERENV.dll
0x00007ff8c72d0000 - 0x00007ff8c72dc000 	C:\WINDOWS\SYSTEM32\CRYPTBASE.dll
0x00007ff8bf2a0000 - 0x00007ff8bf2b7000 	C:\WINDOWS\SYSTEM32\dhcpcsvc6.DLL
0x00007ff8c02d0000 - 0x00007ff8c02ed000 	C:\WINDOWS\SYSTEM32\dhcpcsvc.DLL

dbghelp: loaded successfully - version: 4.0.5 - missing functions: none
symbol engine: initialized successfully - sym options: 0x614 - pdb path: .;C:\Program Files\Java\jdk-17.0.2\bin;C:\WINDOWS\SYSTEM32;C:\WINDOWS\WinSxS\amd64_microsoft.windows.common-controls_6595b64144ccf1df_6.0.19041.1110_none_60b5254171f9507e;C:\Program Files\Java\jdk-17.0.2\bin\server;C:\Users\stijn\AppData\Local\JetBrains\Toolbox\apps\IDEA-U\ch-0\223.8617.56\bin

VM Arguments:
jvm_args: -Dfabric.dli.config=C:\Users\stijn\Desktop\Upgraded-Vanilla-Companion-Mod\.gradle\loom-cache\launch.cfg -Dfabric.dli.env=client -Dfabric.dli.main=net.fabricmc.loader.impl.launch.knot.KnotClient -javaagent:C:\Users\stijn\AppData\Local\JetBrains\Toolbox\apps\IDEA-U\ch-0\223.8617.56\lib\idea_rt.jar=64976:C:\Users\stijn\AppData\Local\JetBrains\Toolbox\apps\IDEA-U\ch-0\223.8617.56\bin -Dfile.encoding=UTF-8 
java_command: net.fabricmc.devlaunchinjector.Main
java_class_path (initial): C:\Users\stijn\Desktop\Upgraded-Vanilla-Companion-Mod\build\classes\java\main;C:\Users\stijn\Desktop\Upgraded-Vanilla-Companion-Mod\build\resources\main;C:\Users\stijn\.gradle\caches\modules-2\files-2.1\com.electronwill.night-config\toml\3.6.5\76d244e23fd69c681c2effcdaa602950167ec406\toml-3.6.5.jar;C:\Users\stijn\.gradle\caches\modules-2\files-2.1\com.electronwill.night-config\core\3.6.5\96a255af6a7a2e23d2be6f393b7cabb80aa180a4\core-3.6.5.jar;C:\Users\stijn\.gradle\caches\modules-2\files-2.1\com.google.code.findbugs\jsr305\3.0.2\25ea2e8b0c338a877313bd4672d3fe056ea78f0d\jsr305-3.0.2.jar;C:\Users\stijn\.gradle\caches\modules-2\files-2.1\javax.annotation\javax.annotation-api\1.3.2\934c04d3cfef185a8008e7bf34331b79730a9d43\javax.annotation-api-1.3.2.jar;C:\Users\stijn\.gradle\caches\modules-2\files-2.1\com.github.LlamaLad7\MixinExtras\0.1.1\509f2869426473a0faec75539db756367065816d\MixinExtras-0.1.1.jar;C:\Users\stijn\.gradle\caches\modules-2\files-2.1\blue.endless\jankson\1.2.0\3a596049034f2952c0b2d40ca41f9b98856d5fb4\jankson-1.2.0.jar;C:\Users\stijn\.gradle\caches\modules-2\files-2.1\com.moandjiezana.toml\toml4j\0.7.2\a03337911d0bd2c40932aca3946edb30d0e7d0c\toml4j-0.7.2.jar;C:\Users\stijn\.gradle\caches\modules-2\files-2.1\org.yaml\snakeyaml\1.27\359d62567480b07a679dc643f82fc926b100eed5\snakeyaml-1.27.jar;C:\Users\stijn\.gradle\caches\modules-2\files-2.1\com.google.code.gson\gson\2.8.9\8a432c1d6825781e21a02db2e2c33c5fde2833b9\gson-2.8.9.jar;C:\Users\stijn\.gradle\caches\modules-2\files-2.1\net.fabricmc\tiny-mappings-parser\0.3.0+build.17\2f10540a290e382a7cd35c16ec3900046a4e252\tiny-mappings-parser-0.3.0+build.17.jar;C:\Users\stijn\.gradle\caches\modules-2\files-2.1\net.fabricmc\sponge-mixin\0.11.4+mixin.0.8.5\c1dc27696aa4006e492c2485c9ccbcb26045a971\sponge-mixin-0.11.4+mixin.0.8.5.jar;C:\Users\stijn\.gradle\caches\modules-2\files-2.1\net.fabricmc\tiny-remapper\0.8.2\2cc6565989469ec38893bfb7802b31c0d0d11ea0\tiny-remapper-0.8.2.jar;C:\Users\st
Launcher Type: SUN_STANDARD

[Global flags]
     intx CICompilerCount                          = 4                                         {product} {ergonomic}
     uint ConcGCThreads                            = 3                                         {product} {ergonomic}
     uint G1ConcRefinementThreads                  = 10                                        {product} {ergonomic}
   size_t G1HeapRegionSize                         = 2097152                                   {product} {ergonomic}
    uintx GCDrainStackTargetSize                   = 64                                        {product} {ergonomic}
   size_t InitialHeapSize                          = 268435456                                 {product} {ergonomic}
   size_t MarkStackSize                            = 4194304                                   {product} {ergonomic}
   size_t MaxHeapSize                              = 4273995776                                {product} {ergonomic}
   size_t MaxNewSize                               = 2562719744                                {product} {ergonomic}
   size_t MinHeapDeltaBytes                        = 2097152                                   {product} {ergonomic}
   size_t MinHeapSize                              = 8388608                                   {product} {ergonomic}
    uintx NonNMethodCodeHeapSize                   = 5839372                                {pd product} {ergonomic}
    uintx NonProfiledCodeHeapSize                  = 122909434                              {pd product} {ergonomic}
    uintx ProfiledCodeHeapSize                     = 122909434                              {pd product} {ergonomic}
    uintx ReservedCodeCacheSize                    = 251658240                              {pd product} {ergonomic}
     bool SegmentedCodeCache                       = true                                      {product} {ergonomic}
   size_t SoftMaxHeapSize                          = 4273995776                             {manageable} {ergonomic}
     bool UseCompressedClassPointers               = true                           {product lp64_product} {ergonomic}
     bool UseCompressedOops                        = true                           {product lp64_product} {ergonomic}
     bool UseG1GC                                  = true                                      {product} {ergonomic}
     bool UseLargePagesIndividualAllocation        = false                                  {pd product} {ergonomic}

Logging:
Log output configuration:
 #0: stdout all=warning uptime,level,tags
 #1: stderr all=off uptime,level,tags

Environment Variables:
JAVA_HOME=C:\Program Files\Java\jdk-17.0.2\
PATH=C:\Python311\Scripts\;C:\Python311\;C:\Program Files\Eclipse Adoptium\jdk-17.0.6.10-hotspot\bin;C:\Program Files\Microsoft\jdk-17.0.6.10-hotspot\bin;D:\Oculus\Support\oculus-runtime;C:\Program Files (x86)\Common Files\Oracle\Java\javapath;C:\Program Files\Microsoft MPI\Bin\;C:\Program Files (x86)\Common Files\Intel\Shared Libraries\redist\intel64\compiler;C:\Windows\system32;C:\Windows;C:\Windows\System32\Wbem;C:\Windows\System32\WindowsPowerShell\v1.0\;C:\Windows\System32\OpenSSH\;C:\Program Files (x86)\NVIDIA Corporation\PhysX\Common;C:\WINDOWS\system32;C:\WINDOWS;C:\WINDOWS\System32\Wbem;C:\WINDOWS\System32\WindowsPowerShell\v1.0\;C:\WINDOWS\System32\OpenSSH\;C:\Go\bin;C:\Program Files\WorldPainter;C:\Program Files\Prio;C:\Program Files\dotnet\;C:\Program Files (x86)\Microsoft SQL Server\150\Tools\Binn\;C:\Program Files\Microsoft SQL Server\150\Tools\Binn\;C:\Program Files (x86)\Microsoft SQL Server\150\DTS\Binn\;C:\Program Files\Microsoft SQL Server\150\DTS\Binn\;C:\Program Files\Microsoft SQL Server\Client SDK\ODBC\170\Tools\Binn\;C:\Program Files\Azure Data Studio\bin;C:\Program Files\Docker\Docker\resources\bin;C:\ProgramData\DockerDesktop\version-bin;C:\Program Files\Java\jdk-16.0.2\bin;C:\Program Files\Java\scripts;C:\sqlite3;D:\vclibs\SDL2-2.24.0\lib\x64;C:\Program Files\MongoDB\Server\6.0\bin;C:\Program Files\MongoDB\Tools\100\bin;C:\Program Files\NVIDIA Corporation\NVIDIA NvDLISR;C:\apache-maven-3.8.7\bin;C:\Program Files\ArangoDB3 3.10.3\usr\bin;C:\Program Files\Git\cmd;C:\Program Files\nodejs\;C:\ProgramData\chocolatey\bin;C:\Users\stijn\AppData\Local\Microsoft\WindowsApps;C:\Users\stijn\go\bin;C:\Program Files\Azure Data Studio\bin;C:\Users\stijn\AppData\Local\Programs\Microsoft VS Code\bin;C:\Users\stijn\AppData\Local\GitHubDesktop\bin;C:\Program Files\JetBrains\IntelliJ IDEA 2021.3.2\bin;C:\msys64\mingw64\bin;C:\Users\stijn\.dotnet\tools;C:\Users\stijn\AppData\Local\JetBrains\Toolbox\scripts;C:\FFmpeg\bin;C:\Program Files\Microsoft JDBC DRIVER 11.
USERNAME=Stijn Arts
OS=Windows_NT
PROCESSOR_IDENTIFIER=Intel64 Family 6 Model 158 Stepping 10, GenuineIntel



---------------  S Y S T E M  ---------------

OS:
 Windows 10 , 64 bit Build 19041 (10.0.19041.2788)
OS uptime: 0 days 1:04 hours

CPU: total 12 (initial active 12) (6 cores per cpu, 2 threads per core) family 6 model 158 stepping 10 microcode 0xd6, cx8, cmov, fxsr, ht, mmx, 3dnowpref, sse, sse2, sse3, ssse3, sse4.1, sse4.2, popcnt, lzcnt, tsc, tscinvbit, avx, avx2, aes, erms, clmul, bmi1, bmi2, adx, fma, vzeroupper, clflush, clflushopt

Memory: 4k page, system-wide physical 16303M (10568M free)
TotalPageFile size 26303M (AvailPageFile size 101M)
current process WorkingSet (physical memory assigned to process): 346M, peak: 346M
current process commit charge ("private bytes"): 449M, peak: 703M

vm_info: Java HotSpot(TM) 64-Bit Server VM (17.0.2+8-LTS-86) for windows-amd64 JRE (17.0.2+8-LTS-86), built on Dec  7 2021 21:51:03 by "mach5one" with MS VC++ 16.8 / 16.9 (VS2019)

END.
