#
# There is insufficient memory for the Java Runtime Environment to continue.
# Native memory allocation (mmap) failed to map 276824064 bytes for G1 virtual space
# Possible reasons:
#   The system is out of physical RAM or swap space
#   The process is running with CompressedOops enabled, and the Java Heap may be blocking the growth of the native heap
# Possible solutions:
#   Reduce memory load on the system
#   Increase physical memory or swap space
#   Check if swap backing store is full
#   Decrease Java heap size (-Xmx/-Xms)
#   Decrease number of Java threads
#   Decrease Java thread stack sizes (-Xss)
#   Set larger code cache with -XX:ReservedCodeCacheSize=
#   JVM is running with Zero Based Compressed Oops mode in which the Java heap is
#     placed in the first 32GB address space. The Java Heap base address is the
#     maximum limit for the native heap growth. Please use -XX:HeapBaseMinAddress
#     to set the Java Heap base and to place the Java Heap above 32GB virtual address.
# This output file may be truncated or incomplete.
#
#  Out of Memory Error (os_windows.cpp:3532), pid=18400, tid=15788
#
# JRE version: Java(TM) SE Runtime Environment (17.0.2+8) (build 17.0.2+8-LTS-86)
# Java VM: Java HotSpot(TM) 64-Bit Server VM (17.0.2+8-LTS-86, mixed mode, sharing, tiered, compressed oops, compressed class ptrs, g1 gc, windows-amd64)
# No core dump will be written. Minidumps are not enabled by default on client versions of Windows
#

---------------  S U M M A R Y ------------

Command Line: -Dfabric.dli.config=C:\Users\stijn\Desktop\Upgraded-Vanilla-Companion-Mod\.gradle\loom-cache\launch.cfg -Dfabric.dli.env=client -Dfabric.dli.main=net.fabricmc.loader.impl.launch.knot.KnotClient -javaagent:C:\Users\stijn\AppData\Local\JetBrains\Toolbox\apps\IDEA-U\ch-0\223.8617.56\lib\idea_rt.jar=64992:C:\Users\stijn\AppData\Local\JetBrains\Toolbox\apps\IDEA-U\ch-0\223.8617.56\bin -Dfile.encoding=UTF-8 net.fabricmc.devlaunchinjector.Main

Host: Intel(R) Core(TM) i7-8750H CPU @ 2.20GHz, 12 cores, 15G,  Windows 10 , 64 bit Build 19041 (10.0.19041.2788)
Time: Wed May 10 12:33:44 2023 W. Europe Daylight Time elapsed time: 3.022452 seconds (0d 0h 0m 3s)

---------------  T H R E A D  ---------------

Current thread (0x0000019a68339740):  VMThread "VM Thread" [stack: 0x0000009703900000,0x0000009703a00000] [id=15788]

Stack: [0x0000009703900000,0x0000009703a00000]
Native frames: (J=compiled Java code, j=interpreted, Vv=VM code, C=native code)
V  [jvm.dll+0x670baa]
V  [jvm.dll+0x7cfcb4]
V  [jvm.dll+0x7d145e]
V  [jvm.dll+0x7d1ac3]
V  [jvm.dll+0x242bc5]
V  [jvm.dll+0x66dac9]
V  [jvm.dll+0x662412]
V  [jvm.dll+0x300c0b]
V  [jvm.dll+0x3081a6]
V  [jvm.dll+0x357d0e]
V  [jvm.dll+0x357f3f]
V  [jvm.dll+0x2d7ec8]
V  [jvm.dll+0x2d6194]
V  [jvm.dll+0x2d579c]
V  [jvm.dll+0x3190eb]
V  [jvm.dll+0x7d5f9b]
V  [jvm.dll+0x7d6cd4]
V  [jvm.dll+0x7d71ec]
V  [jvm.dll+0x7d75c4]
V  [jvm.dll+0x7d7690]
V  [jvm.dll+0x77ff7a]
V  [jvm.dll+0x66fa35]
C  [ucrtbase.dll+0x21bb2]
C  [KERNEL32.DLL+0x17604]
C  [ntdll.dll+0x526a1]

VM_Operation (0x0000009705bfe540): G1CollectForAllocation, mode: safepoint, requested by thread 0x0000019a6bae7af0


---------------  P R O C E S S  ---------------

Threads class SMR info:
_java_thread_list=0x0000019a6af5e570, length=27, elements={
0x0000019a451bb3f0, 0x0000019a6833d330, 0x0000019a6833ddb0, 0x0000019a6834e530,
0x0000019a6834ec00, 0x0000019a683517e0, 0x0000019a68353db0, 0x0000019a68359e90,
0x0000019a6835d950, 0x0000019a68368aa0, 0x0000019a68deb960, 0x0000019a693d91a0,
0x0000019a69b10de0, 0x0000019a69b112b0, 0x0000019a6b271020, 0x0000019a6bae67b0,
0x0000019a6bae7620, 0x0000019a6bae7150, 0x0000019a6bae5940, 0x0000019a6bae5e10,
0x0000019a6bae6c80, 0x0000019a6bae62e0, 0x0000019a6bae7fc0, 0x0000019a6bae8490,
0x0000019a6bae7af0, 0x0000019a6bae8960, 0x0000019a6bae8e30
}

Java Threads: ( => current thread )
  0x0000019a451bb3f0 JavaThread "main" [_thread_blocked, id=9332, stack(0x0000009703300000,0x0000009703400000)]
  0x0000019a6833d330 JavaThread "Reference Handler" daemon [_thread_blocked, id=4608, stack(0x0000009703a00000,0x0000009703b00000)]
  0x0000019a6833ddb0 JavaThread "Finalizer" daemon [_thread_blocked, id=16824, stack(0x0000009703b00000,0x0000009703c00000)]
  0x0000019a6834e530 JavaThread "Signal Dispatcher" daemon [_thread_blocked, id=18388, stack(0x0000009703c00000,0x0000009703d00000)]
  0x0000019a6834ec00 JavaThread "Attach Listener" daemon [_thread_blocked, id=508, stack(0x0000009703d00000,0x0000009703e00000)]
  0x0000019a683517e0 JavaThread "Service Thread" daemon [_thread_blocked, id=18420, stack(0x0000009703e00000,0x0000009703f00000)]
  0x0000019a68353db0 JavaThread "Monitor Deflation Thread" daemon [_thread_blocked, id=13240, stack(0x0000009703f00000,0x0000009704000000)]
  0x0000019a68359e90 JavaThread "C2 CompilerThread0" daemon [_thread_blocked, id=7924, stack(0x0000009704000000,0x0000009704100000)]
  0x0000019a6835d950 JavaThread "C1 CompilerThread0" daemon [_thread_blocked, id=4504, stack(0x0000009704100000,0x0000009704200000)]
  0x0000019a68368aa0 JavaThread "Sweeper thread" daemon [_thread_blocked, id=1036, stack(0x0000009704200000,0x0000009704300000)]
  0x0000019a68deb960 JavaThread "Common-Cleaner" daemon [_thread_blocked, id=17932, stack(0x0000009704300000,0x0000009704400000)]
  0x0000019a693d91a0 JavaThread "C2 CompilerThread1" daemon [_thread_in_native, id=19088, stack(0x0000009704400000,0x0000009704500000)]
  0x0000019a69b10de0 JavaThread "Monitor Ctrl-Break" daemon [_thread_in_native, id=4352, stack(0x0000009704500000,0x0000009704600000)]
  0x0000019a69b112b0 JavaThread "Notification Thread" daemon [_thread_blocked, id=18732, stack(0x0000009704600000,0x0000009704700000)]
  0x0000019a6b271020 JavaThread "C2 CompilerThread2" daemon [_thread_blocked, id=9792, stack(0x0000009704f00000,0x0000009705000000)]
  0x0000019a6bae67b0 JavaThread "pool-2-thread-1" [_thread_blocked, id=18072, stack(0x0000009705200000,0x0000009705300000)]
  0x0000019a6bae7620 JavaThread "pool-2-thread-2" [_thread_blocked, id=11188, stack(0x0000009705300000,0x0000009705400000)]
  0x0000019a6bae7150 JavaThread "pool-2-thread-3" [_thread_blocked, id=8916, stack(0x0000009705400000,0x0000009705500000)]
  0x0000019a6bae5940 JavaThread "pool-2-thread-4" [_thread_blocked, id=4104, stack(0x0000009705500000,0x0000009705600000)]
  0x0000019a6bae5e10 JavaThread "pool-2-thread-5" [_thread_blocked, id=18796, stack(0x0000009705600000,0x0000009705700000)]
  0x0000019a6bae6c80 JavaThread "pool-2-thread-6" [_thread_blocked, id=17100, stack(0x0000009705700000,0x0000009705800000)]
  0x0000019a6bae62e0 JavaThread "pool-2-thread-7" [_thread_blocked, id=10860, stack(0x0000009705800000,0x0000009705900000)]
  0x0000019a6bae7fc0 JavaThread "pool-2-thread-8" [_thread_blocked, id=19280, stack(0x0000009705900000,0x0000009705a00000)]
  0x0000019a6bae8490 JavaThread "pool-2-thread-9" [_thread_blocked, id=18476, stack(0x0000009705a00000,0x0000009705b00000)]
  0x0000019a6bae7af0 JavaThread "pool-2-thread-10" [_thread_blocked, id=11208, stack(0x0000009705b00000,0x0000009705c00000)]
  0x0000019a6bae8960 JavaThread "pool-2-thread-11" [_thread_blocked, id=1440, stack(0x0000009705c00000,0x0000009705d00000)]
  0x0000019a6bae8e30 JavaThread "pool-2-thread-12" [_thread_blocked, id=15288, stack(0x0000009705d00000,0x0000009705e00000)]

Other Threads:
=>0x0000019a68339740 VMThread "VM Thread" [stack: 0x0000009703900000,0x0000009703a00000] [id=15788]
  0x0000019a45227930 WatcherThread [stack: 0x0000009704700000,0x0000009704800000] [id=19168]
  0x0000019a45208c00 GCTaskThread "GC Thread#0" [stack: 0x0000009703400000,0x0000009703500000] [id=7568]
  0x0000019a699b34a0 GCTaskThread "GC Thread#1" [stack: 0x0000009704800000,0x0000009704900000] [id=4776]
  0x0000019a69803ef0 GCTaskThread "GC Thread#2" [stack: 0x0000009704900000,0x0000009704a00000] [id=9904]
  0x0000019a696acea0 GCTaskThread "GC Thread#3" [stack: 0x0000009704a00000,0x0000009704b00000] [id=9680]
  0x0000019a696b1160 GCTaskThread "GC Thread#4" [stack: 0x0000009704b00000,0x0000009704c00000] [id=9676]
  0x0000019a696b1410 GCTaskThread "GC Thread#5" [stack: 0x0000009704c00000,0x0000009704d00000] [id=9664]
  0x0000019a6a008b30 GCTaskThread "GC Thread#6" [stack: 0x0000009704d00000,0x0000009704e00000] [id=10424]
  0x0000019a6a19e570 GCTaskThread "GC Thread#7" [stack: 0x0000009704e00000,0x0000009704f00000] [id=9336]
  0x0000019a6b09cc20 GCTaskThread "GC Thread#8" [stack: 0x0000009705000000,0x0000009705100000] [id=12780]
  0x0000019a6b8c2a20 GCTaskThread "GC Thread#9" [stack: 0x0000009705100000,0x0000009705200000] [id=18996]
  0x0000019a4521aa10 ConcurrentGCThread "G1 Main Marker" [stack: 0x0000009703500000,0x0000009703600000] [id=12700]
  0x0000019a4521bbc0 ConcurrentGCThread "G1 Conc#0" [stack: 0x0000009703600000,0x0000009703700000] [id=16232]
  0x0000019a681f24d0 ConcurrentGCThread "G1 Refine#0" [stack: 0x0000009703700000,0x0000009703800000] [id=18324]
  0x0000019a6d82ccd0 ConcurrentGCThread "G1 Refine#1" [stack: 0x0000009705e00000,0x0000009705f00000] [id=15736]
  0x0000019a6b3b0060 ConcurrentGCThread "G1 Refine#2" [stack: 0x0000009705f00000,0x0000009706000000] [id=16208]
  0x0000019a6bc7ecc0 ConcurrentGCThread "G1 Refine#3" [stack: 0x0000009706000000,0x0000009706100000] [id=7976]
  0x0000019a6a602ff0 ConcurrentGCThread "G1 Refine#4" [stack: 0x0000009706100000,0x0000009706200000] [id=16092]
  0x0000019a6a86fed0 ConcurrentGCThread "G1 Refine#5" [stack: 0x0000009706200000,0x0000009706300000] [id=19004]
  0x0000019a681f4b10 ConcurrentGCThread "G1 Service" [stack: 0x0000009703800000,0x0000009703900000] [id=7048]

Threads with active compile tasks:
C2 CompilerThread0     3049 3105       4       java.time.zone.ZoneRules::getOffsetInfo (278 bytes)
C2 CompilerThread1     3049 3018       4       org.objectweb.asm.ClassReader::accept (1412 bytes)
C2 CompilerThread2     3049 3092       4       jdk.nio.zipfs.ZipFileSystem::makeParentDirs (141 bytes)

VM state: at safepoint (normal execution)

VM Mutex/Monitor currently owned by a thread:  ([mutex/lock_event])
[0x0000019a451b7200] Threads_lock - owner thread: 0x0000019a68339740
[0x0000019a451b7c20] Heap_lock - owner thread: 0x0000019a6bae7af0

Heap address: 0x0000000701400000, size: 4076 MB, Compressed Oops mode: Zero based, Oop shift amount: 3

CDS archive(s) mapped at: [0x0000000800000000-0x0000000800bc0000-0x0000000800bc0000), size 12320768, SharedBaseAddress: 0x0000000800000000, ArchiveRelocationMode: 0.
Compressed class space mapped at: 0x0000000800c00000-0x0000000840c00000, reserved size: 1073741824
Narrow klass base: 0x0000000800000000, Narrow klass shift: 0, Narrow klass range: 0x100000000

GC Precious Log:
 CPUs: 12 total, 12 available
 Memory: 16303M
 Large Page Support: Disabled
 NUMA Support: Disabled
 Compressed Oops: Enabled (Zero based)
 Heap Region Size: 2M
 Heap Min Capacity: 8M
 Heap Initial Capacity: 256M
 Heap Max Capacity: 4076M
 Pre-touch: Disabled
 Parallel Workers: 10
 Concurrent Workers: 3
 Concurrent Refinement Workers: 10
 Periodic GC: Disabled

Heap:
 garbage-first heap   total 262144K, used 128999K [0x0000000701400000, 0x0000000800000000)
  region size 2048K, 6 young (12288K), 6 survivors (12288K)
 Metaspace       used 15848K, committed 16064K, reserved 1064960K
  class space    used 1791K, committed 1920K, reserved 1048576K

Heap Regions: E=young(eden), S=young(survivor), O=old, HS=humongous(starts), HC=humongous(continues), CS=collection set, F=free, OA=open archive, CA=closed archive, TAMS=top-at-mark-start (previous, next)
|   0|0x0000000701400000, 0x0000000701600000, 0x0000000701600000|100%|HS|  |TAMS 0x0000000701400000, 0x0000000701400000| Complete 
|   1|0x0000000701600000, 0x0000000701800000, 0x0000000701800000|100%|HS|  |TAMS 0x0000000701600000, 0x0000000701600000| Complete 
|   2|0x0000000701800000, 0x0000000701a00000, 0x0000000701a00000|100%|HC|  |TAMS 0x0000000701800000, 0x0000000701800000| Complete 
|   3|0x0000000701a00000, 0x0000000701c00000, 0x0000000701c00000|100%|HS|  |TAMS 0x0000000701a00000, 0x0000000701a00000| Complete 
|   4|0x0000000701c00000, 0x0000000701e00000, 0x0000000701e00000|100%|HS|  |TAMS 0x0000000701c00000, 0x0000000701c00000| Complete 
|   5|0x0000000701e00000, 0x0000000702000000, 0x0000000702000000|100%|HS|  |TAMS 0x0000000701e00000, 0x0000000701e00000| Complete 
|   6|0x0000000702000000, 0x0000000702200000, 0x0000000702200000|100%| O|  |TAMS 0x0000000702000000, 0x0000000702000000| Untracked 
|   7|0x0000000702200000, 0x0000000702400000, 0x0000000702400000|100%| O|  |TAMS 0x0000000702200000, 0x0000000702200000| Untracked 
|   8|0x0000000702400000, 0x0000000702600000, 0x0000000702600000|100%| O|  |TAMS 0x0000000702400000, 0x0000000702400000| Untracked 
|   9|0x0000000702600000, 0x0000000702800000, 0x0000000702800000|100%| O|  |TAMS 0x0000000702600000, 0x0000000702600000| Untracked 
|  10|0x0000000702800000, 0x0000000702a00000, 0x0000000702a00000|100%| O|  |TAMS 0x0000000702800000, 0x0000000702800000| Untracked 
|  11|0x0000000702a00000, 0x0000000702c00000, 0x0000000702c00000|100%| O|  |TAMS 0x0000000702a00000, 0x0000000702a00000| Untracked 
|  12|0x0000000702c00000, 0x0000000702e00000, 0x0000000702e00000|100%| O|  |TAMS 0x0000000702c00000, 0x0000000702c00000| Untracked 
|  13|0x0000000702e00000, 0x0000000703000000, 0x0000000703000000|100%| O|  |TAMS 0x0000000702e00000, 0x0000000702e00000| Untracked 
|  14|0x0000000703000000, 0x0000000703200000, 0x0000000703200000|100%| O|  |TAMS 0x0000000703000000, 0x0000000703000000| Untracked 
|  15|0x0000000703200000, 0x0000000703400000, 0x0000000703400000|100%| O|  |TAMS 0x0000000703200000, 0x0000000703200000| Untracked 
|  16|0x0000000703400000, 0x0000000703600000, 0x0000000703600000|100%| O|  |TAMS 0x0000000703400000, 0x0000000703400000| Untracked 
|  17|0x0000000703600000, 0x0000000703800000, 0x0000000703800000|100%| O|  |TAMS 0x0000000703600000, 0x0000000703600000| Untracked 
|  18|0x0000000703800000, 0x0000000703a00000, 0x0000000703a00000|100%| O|  |TAMS 0x0000000703800000, 0x0000000703800000| Untracked 
|  19|0x0000000703a00000, 0x0000000703c00000, 0x0000000703c00000|100%| O|  |TAMS 0x0000000703a00000, 0x0000000703a00000| Untracked 
|  20|0x0000000703c00000, 0x0000000703e00000, 0x0000000703e00000|100%| O|  |TAMS 0x0000000703c00000, 0x0000000703c00000| Untracked 
|  21|0x0000000703e00000, 0x0000000704000000, 0x0000000704000000|100%| O|  |TAMS 0x0000000703e00000, 0x0000000703e00000| Untracked 
|  22|0x0000000704000000, 0x0000000704200000, 0x0000000704200000|100%| O|  |TAMS 0x0000000704000000, 0x0000000704000000| Untracked 
|  23|0x0000000704200000, 0x0000000704400000, 0x0000000704400000|100%| O|  |TAMS 0x0000000704200000, 0x0000000704200000| Untracked 
|  24|0x0000000704400000, 0x0000000704600000, 0x0000000704600000|100%| O|  |TAMS 0x0000000704400000, 0x0000000704400000| Untracked 
|  25|0x0000000704600000, 0x0000000704800000, 0x0000000704800000|100%| O|  |TAMS 0x0000000704600000, 0x0000000704600000| Untracked 
|  26|0x0000000704800000, 0x0000000704a00000, 0x0000000704a00000|100%| O|  |TAMS 0x0000000704800000, 0x0000000704800000| Untracked 
|  27|0x0000000704a00000, 0x0000000704c00000, 0x0000000704c00000|100%| O|  |TAMS 0x0000000704a00000, 0x0000000704a00000| Untracked 
|  28|0x0000000704c00000, 0x0000000704e00000, 0x0000000704e00000|100%| O|  |TAMS 0x0000000704c00000, 0x0000000704c00000| Untracked 
|  29|0x0000000704e00000, 0x0000000705000000, 0x0000000705000000|100%| O|  |TAMS 0x0000000704e00000, 0x0000000704e00000| Untracked 
|  30|0x0000000705000000, 0x0000000705200000, 0x0000000705200000|100%| O|  |TAMS 0x0000000705000000, 0x0000000705000000| Untracked 
|  31|0x0000000705200000, 0x0000000705400000, 0x0000000705400000|100%| O|  |TAMS 0x0000000705200000, 0x0000000705200000| Untracked 
|  32|0x0000000705400000, 0x0000000705600000, 0x0000000705600000|100%| O|  |TAMS 0x0000000705400000, 0x0000000705400000| Untracked 
|  33|0x0000000705600000, 0x0000000705800000, 0x0000000705800000|100%| O|  |TAMS 0x0000000705600000, 0x0000000705600000| Untracked 
|  34|0x0000000705800000, 0x0000000705a00000, 0x0000000705a00000|100%| O|  |TAMS 0x0000000705800000, 0x0000000705800000| Untracked 
|  35|0x0000000705a00000, 0x0000000705c00000, 0x0000000705c00000|100%| O|  |TAMS 0x0000000705a00000, 0x0000000705a00000| Untracked 
|  36|0x0000000705c00000, 0x0000000705e00000, 0x0000000705e00000|100%| O|  |TAMS 0x0000000705c00000, 0x0000000705c00000| Untracked 
|  37|0x0000000705e00000, 0x0000000706000000, 0x0000000706000000|100%| O|  |TAMS 0x0000000705e00000, 0x0000000705e00000| Untracked 
|  38|0x0000000706000000, 0x0000000706200000, 0x0000000706200000|100%| O|  |TAMS 0x0000000706000000, 0x0000000706000000| Untracked 
|  39|0x0000000706200000, 0x0000000706400000, 0x0000000706400000|100%| O|  |TAMS 0x0000000706200000, 0x0000000706200000| Untracked 
|  40|0x0000000706400000, 0x0000000706600000, 0x0000000706600000|100%| O|  |TAMS 0x0000000706400000, 0x0000000706400000| Untracked 
|  41|0x0000000706600000, 0x0000000706800000, 0x0000000706800000|100%| O|  |TAMS 0x0000000706600000, 0x0000000706600000| Untracked 
|  42|0x0000000706800000, 0x0000000706a00000, 0x0000000706a00000|100%| O|  |TAMS 0x0000000706800000, 0x0000000706800000| Untracked 
|  43|0x0000000706a00000, 0x0000000706c00000, 0x0000000706c00000|100%| O|  |TAMS 0x0000000706a00000, 0x0000000706a00000| Untracked 
|  44|0x0000000706c00000, 0x0000000706e00000, 0x0000000706e00000|100%| O|  |TAMS 0x0000000706c00000, 0x0000000706c00000| Untracked 
|  45|0x0000000706e00000, 0x0000000707000000, 0x0000000707000000|100%|HS|  |TAMS 0x0000000706e00000, 0x0000000706e00000| Complete 
|  46|0x0000000707000000, 0x0000000707200000, 0x0000000707200000|100%| O|  |TAMS 0x0000000707000000, 0x0000000707000000| Untracked 
|  47|0x0000000707200000, 0x0000000707400000, 0x0000000707400000|100%| O|  |TAMS 0x0000000707200000, 0x0000000707200000| Untracked 
|  48|0x0000000707400000, 0x0000000707600000, 0x0000000707600000|100%| O|  |TAMS 0x0000000707400000, 0x0000000707400000| Untracked 
|  49|0x0000000707600000, 0x0000000707800000, 0x0000000707800000|100%| O|  |TAMS 0x0000000707600000, 0x0000000707600000| Untracked 
|  50|0x0000000707800000, 0x0000000707a00000, 0x0000000707a00000|100%| O|  |TAMS 0x0000000707800000, 0x0000000707800000| Untracked 
|  51|0x0000000707a00000, 0x0000000707c00000, 0x0000000707c00000|100%| O|  |TAMS 0x0000000707a00000, 0x0000000707a00000| Untracked 
|  52|0x0000000707c00000, 0x0000000707e00000, 0x0000000707e00000|100%| O|  |TAMS 0x0000000707c00000, 0x0000000707c00000| Untracked 
|  53|0x0000000707e00000, 0x0000000708000000, 0x0000000708000000|100%| O|  |TAMS 0x0000000707e00000, 0x0000000707e00000| Untracked 
|  54|0x0000000708000000, 0x0000000708200000, 0x0000000708200000|100%| O|  |TAMS 0x0000000708000000, 0x0000000708000000| Untracked 
|  55|0x0000000708200000, 0x0000000708400000, 0x0000000708400000|100%| O|  |TAMS 0x0000000708200000, 0x0000000708200000| Untracked 
|  56|0x0000000708400000, 0x0000000708600000, 0x0000000708600000|100%| O|  |TAMS 0x0000000708400000, 0x0000000708400000| Untracked 
|  57|0x0000000708600000, 0x0000000708600000, 0x0000000708800000|  0%| F|  |TAMS 0x0000000708600000, 0x0000000708600000| Untracked 
|  58|0x0000000708800000, 0x0000000708800000, 0x0000000708a00000|  0%| F|  |TAMS 0x0000000708800000, 0x0000000708800000| Untracked 
|  59|0x0000000708a00000, 0x0000000708a00000, 0x0000000708c00000|  0%| F|  |TAMS 0x0000000708a00000, 0x0000000708a00000| Untracked 
|  60|0x0000000708c00000, 0x0000000708c00000, 0x0000000708e00000|  0%| F|  |TAMS 0x0000000708c00000, 0x0000000708c00000| Untracked 
|  61|0x0000000708e00000, 0x0000000708e00000, 0x0000000709000000|  0%| F|  |TAMS 0x0000000708e00000, 0x0000000708e00000| Untracked 
|  62|0x0000000709000000, 0x0000000709000000, 0x0000000709200000|  0%| F|  |TAMS 0x0000000709000000, 0x0000000709000000| Untracked 
|  63|0x0000000709200000, 0x0000000709200000, 0x0000000709400000|  0%| F|  |TAMS 0x0000000709200000, 0x0000000709200000| Untracked 
|  64|0x0000000709400000, 0x0000000709400000, 0x0000000709600000|  0%| F|  |TAMS 0x0000000709400000, 0x0000000709400000| Untracked 
|  65|0x0000000709600000, 0x0000000709600000, 0x0000000709800000|  0%| F|  |TAMS 0x0000000709600000, 0x0000000709600000| Untracked 
|  66|0x0000000709800000, 0x0000000709800000, 0x0000000709a00000|  0%| F|  |TAMS 0x0000000709800000, 0x0000000709800000| Untracked 
|  67|0x0000000709a00000, 0x0000000709a00000, 0x0000000709c00000|  0%| F|  |TAMS 0x0000000709a00000, 0x0000000709a00000| Untracked 
|  68|0x0000000709c00000, 0x0000000709c00000, 0x0000000709e00000|  0%| F|  |TAMS 0x0000000709c00000, 0x0000000709c00000| Untracked 
|  69|0x0000000709e00000, 0x0000000709e00000, 0x000000070a000000|  0%| F|  |TAMS 0x0000000709e00000, 0x0000000709e00000| Untracked 
|  70|0x000000070a000000, 0x000000070a000000, 0x000000070a200000|  0%| F|  |TAMS 0x000000070a000000, 0x000000070a000000| Untracked 
|  71|0x000000070a200000, 0x000000070a200000, 0x000000070a400000|  0%| F|  |TAMS 0x000000070a200000, 0x000000070a200000| Untracked 
|  72|0x000000070a400000, 0x000000070a400000, 0x000000070a600000|  0%| F|  |TAMS 0x000000070a400000, 0x000000070a400000| Untracked 
|  73|0x000000070a600000, 0x000000070a600000, 0x000000070a800000|  0%| F|  |TAMS 0x000000070a600000, 0x000000070a600000| Untracked 
|  74|0x000000070a800000, 0x000000070a800000, 0x000000070aa00000|  0%| F|  |TAMS 0x000000070a800000, 0x000000070a800000| Untracked 
|  75|0x000000070aa00000, 0x000000070aa00000, 0x000000070ac00000|  0%| F|  |TAMS 0x000000070aa00000, 0x000000070aa00000| Untracked 
|  76|0x000000070ac00000, 0x000000070ac00000, 0x000000070ae00000|  0%| F|  |TAMS 0x000000070ac00000, 0x000000070ac00000| Untracked 
|  77|0x000000070ae00000, 0x000000070ae00000, 0x000000070b000000|  0%| F|  |TAMS 0x000000070ae00000, 0x000000070ae00000| Untracked 
|  78|0x000000070b000000, 0x000000070b000000, 0x000000070b200000|  0%| F|  |TAMS 0x000000070b000000, 0x000000070b000000| Untracked 
|  79|0x000000070b200000, 0x000000070b200000, 0x000000070b400000|  0%| F|  |TAMS 0x000000070b200000, 0x000000070b200000| Untracked 
|  80|0x000000070b400000, 0x000000070b400000, 0x000000070b600000|  0%| F|  |TAMS 0x000000070b400000, 0x000000070b400000| Untracked 
|  81|0x000000070b600000, 0x000000070b600000, 0x000000070b800000|  0%| F|  |TAMS 0x000000070b600000, 0x000000070b600000| Untracked 
|  82|0x000000070b800000, 0x000000070b800000, 0x000000070ba00000|  0%| F|  |TAMS 0x000000070b800000, 0x000000070b800000| Untracked 
|  83|0x000000070ba00000, 0x000000070bbf9dd0, 0x000000070bc00000| 98%| S|CS|TAMS 0x000000070ba00000, 0x000000070ba00000| Complete 
|  84|0x000000070bc00000, 0x000000070be00000, 0x000000070be00000|100%| S|CS|TAMS 0x000000070bc00000, 0x000000070bc00000| Complete 
|  85|0x000000070be00000, 0x000000070c000000, 0x000000070c000000|100%| S|CS|TAMS 0x000000070be00000, 0x000000070be00000| Complete 
|  86|0x000000070c000000, 0x000000070c200000, 0x000000070c200000|100%| S|CS|TAMS 0x000000070c000000, 0x000000070c000000| Complete 
|  87|0x000000070c200000, 0x000000070c400000, 0x000000070c400000|100%| S|CS|TAMS 0x000000070c200000, 0x000000070c200000| Complete 
|  88|0x000000070c400000, 0x000000070c600000, 0x000000070c600000|100%| S|CS|TAMS 0x000000070c400000, 0x000000070c400000| Complete 
|  89|0x000000070c600000, 0x000000070c600000, 0x000000070c800000|  0%| F|  |TAMS 0x000000070c600000, 0x000000070c600000| Untracked 
|  90|0x000000070c800000, 0x000000070c800000, 0x000000070ca00000|  0%| F|  |TAMS 0x000000070c800000, 0x000000070c800000| Untracked 
|  91|0x000000070ca00000, 0x000000070ca00000, 0x000000070cc00000|  0%| F|  |TAMS 0x000000070ca00000, 0x000000070ca00000| Untracked 
|  92|0x000000070cc00000, 0x000000070cc00000, 0x000000070ce00000|  0%| F|  |TAMS 0x000000070cc00000, 0x000000070cc00000| Untracked 
|  93|0x000000070ce00000, 0x000000070ce00000, 0x000000070d000000|  0%| F|  |TAMS 0x000000070ce00000, 0x000000070ce00000| Untracked 
|  94|0x000000070d000000, 0x000000070d000000, 0x000000070d200000|  0%| F|  |TAMS 0x000000070d000000, 0x000000070d000000| Untracked 
|  95|0x000000070d200000, 0x000000070d200000, 0x000000070d400000|  0%| F|  |TAMS 0x000000070d200000, 0x000000070d200000| Untracked 
|  96|0x000000070d400000, 0x000000070d400000, 0x000000070d600000|  0%| F|  |TAMS 0x000000070d400000, 0x000000070d400000| Untracked 
|  97|0x000000070d600000, 0x000000070d600000, 0x000000070d800000|  0%| F|  |TAMS 0x000000070d600000, 0x000000070d600000| Untracked 
|  98|0x000000070d800000, 0x000000070d800000, 0x000000070da00000|  0%| F|  |TAMS 0x000000070d800000, 0x000000070d800000| Untracked 
|  99|0x000000070da00000, 0x000000070da00000, 0x000000070dc00000|  0%| F|  |TAMS 0x000000070da00000, 0x000000070da00000| Untracked 
| 100|0x000000070dc00000, 0x000000070dc00000, 0x000000070de00000|  0%| F|  |TAMS 0x000000070dc00000, 0x000000070dc00000| Untracked 
| 101|0x000000070de00000, 0x000000070de00000, 0x000000070e000000|  0%| F|  |TAMS 0x000000070de00000, 0x000000070de00000| Untracked 
| 102|0x000000070e000000, 0x000000070e000000, 0x000000070e200000|  0%| F|  |TAMS 0x000000070e000000, 0x000000070e000000| Untracked 
| 103|0x000000070e200000, 0x000000070e200000, 0x000000070e400000|  0%| F|  |TAMS 0x000000070e200000, 0x000000070e200000| Untracked 
| 104|0x000000070e400000, 0x000000070e400000, 0x000000070e600000|  0%| F|  |TAMS 0x000000070e400000, 0x000000070e400000| Untracked 
| 105|0x000000070e600000, 0x000000070e600000, 0x000000070e800000|  0%| F|  |TAMS 0x000000070e600000, 0x000000070e600000| Untracked 
| 106|0x000000070e800000, 0x000000070e800000, 0x000000070ea00000|  0%| F|  |TAMS 0x000000070e800000, 0x000000070e800000| Untracked 
| 107|0x000000070ea00000, 0x000000070ea00000, 0x000000070ec00000|  0%| F|  |TAMS 0x000000070ea00000, 0x000000070ea00000| Untracked 
| 108|0x000000070ec00000, 0x000000070ec00000, 0x000000070ee00000|  0%| F|  |TAMS 0x000000070ec00000, 0x000000070ec00000| Untracked 
| 109|0x000000070ee00000, 0x000000070ee00000, 0x000000070f000000|  0%| F|  |TAMS 0x000000070ee00000, 0x000000070ee00000| Untracked 
| 110|0x000000070f000000, 0x000000070f000000, 0x000000070f200000|  0%| F|  |TAMS 0x000000070f000000, 0x000000070f000000| Untracked 
| 111|0x000000070f200000, 0x000000070f200000, 0x000000070f400000|  0%| F|  |TAMS 0x000000070f200000, 0x000000070f200000| Untracked 
| 112|0x000000070f400000, 0x000000070f400000, 0x000000070f600000|  0%| F|  |TAMS 0x000000070f400000, 0x000000070f400000| Untracked 
| 113|0x000000070f600000, 0x000000070f600000, 0x000000070f800000|  0%| F|  |TAMS 0x000000070f600000, 0x000000070f600000| Untracked 
| 114|0x000000070f800000, 0x000000070f800000, 0x000000070fa00000|  0%| F|  |TAMS 0x000000070f800000, 0x000000070f800000| Untracked 
| 115|0x000000070fa00000, 0x000000070fa00000, 0x000000070fc00000|  0%| F|  |TAMS 0x000000070fa00000, 0x000000070fa00000| Untracked 
| 116|0x000000070fc00000, 0x000000070fc00000, 0x000000070fe00000|  0%| F|  |TAMS 0x000000070fc00000, 0x000000070fc00000| Untracked 
| 117|0x000000070fe00000, 0x000000070fe00000, 0x0000000710000000|  0%| F|  |TAMS 0x000000070fe00000, 0x000000070fe00000| Untracked 
| 118|0x0000000710000000, 0x0000000710000000, 0x0000000710200000|  0%| F|  |TAMS 0x0000000710000000, 0x0000000710000000| Untracked 
| 119|0x0000000710200000, 0x0000000710200000, 0x0000000710400000|  0%| F|  |TAMS 0x0000000710200000, 0x0000000710200000| Untracked 
| 120|0x0000000710400000, 0x0000000710400000, 0x0000000710600000|  0%| F|  |TAMS 0x0000000710400000, 0x0000000710400000| Untracked 
| 121|0x0000000710600000, 0x0000000710600000, 0x0000000710800000|  0%| F|  |TAMS 0x0000000710600000, 0x0000000710600000| Untracked 
| 122|0x0000000710800000, 0x0000000710800000, 0x0000000710a00000|  0%| F|  |TAMS 0x0000000710800000, 0x0000000710800000| Untracked 
| 123|0x0000000710a00000, 0x0000000710a00000, 0x0000000710c00000|  0%| F|  |TAMS 0x0000000710a00000, 0x0000000710a00000| Untracked 
| 124|0x0000000710c00000, 0x0000000710c00000, 0x0000000710e00000|  0%| F|  |TAMS 0x0000000710c00000, 0x0000000710c00000| Untracked 
| 125|0x0000000710e00000, 0x0000000710e00000, 0x0000000711000000|  0%| F|  |TAMS 0x0000000710e00000, 0x0000000710e00000| Untracked 
| 126|0x0000000711000000, 0x0000000711000000, 0x0000000711200000|  0%| F|  |TAMS 0x0000000711000000, 0x0000000711000000| Untracked 
| 127|0x0000000711200000, 0x0000000711200000, 0x0000000711400000|  0%| F|  |TAMS 0x0000000711200000, 0x0000000711200000| Untracked 

Card table byte_map: [0x0000019a5c760000,0x0000019a5cf60000] _byte_map_base: 0x0000019a58f56000

Marking Bits (Prev, Next): (CMBitMap*) 0x0000019a45209210, (CMBitMap*) 0x0000019a45209250
 Prev Bits: [0x0000019a5d760000, 0x0000019a61710000)
 Next Bits: [0x0000019a61710000, 0x0000019a656c0000)

Polling page: 0x0000019a43100000

Metaspace:

Usage:
  Non-class:     13.73 MB used.
      Class:      1.75 MB used.
       Both:     15.48 MB used.

Virtual space:
  Non-class space:       16.00 MB reserved,      13.81 MB ( 86%) committed,  2 nodes.
      Class space:        1.00 GB reserved,       1.88 MB ( <1%) committed,  1 nodes.
             Both:        1.02 GB reserved,      15.69 MB (  2%) committed. 

Chunk freelists:
   Non-Class:  1.88 MB
       Class:  2.07 MB
        Both:  3.95 MB

MaxMetaspaceSize: unlimited
CompressedClassSpaceSize: 1.00 GB
Initial GC threshold: 21.00 MB
Current GC threshold: 21.00 MB
CDS: on
MetaspaceReclaimPolicy: balanced
 - commit_granule_bytes: 65536.
 - commit_granule_words: 8192.
 - virtual_space_node_default_size: 1048576.
 - enlarge_chunks_in_place: 1.
 - new_chunks_are_fully_committed: 0.
 - uncommit_free_chunks: 1.
 - use_allocation_guard: 0.
 - handle_deallocations: 1.


Internal statistics:

num_allocs_failed_limit: 0.
num_arena_births: 174.
num_arena_deaths: 0.
num_vsnodes_births: 3.
num_vsnodes_deaths: 0.
num_space_committed: 251.
num_space_uncommitted: 0.
num_chunks_returned_to_freelist: 0.
num_chunks_taken_from_freelist: 531.
num_chunk_merges: 0.
num_chunk_splits: 332.
num_chunks_enlarged: 228.
num_purges: 0.
num_inconsistent_stats: 0.

CodeHeap 'non-profiled nmethods': size=120000Kb used=1701Kb max_used=1701Kb free=118299Kb
 bounds [0x0000019a544d0000, 0x0000019a54740000, 0x0000019a5ba00000]
CodeHeap 'profiled nmethods': size=120000Kb used=6333Kb max_used=6333Kb free=113667Kb
 bounds [0x0000019a4cfa0000, 0x0000019a4d5d0000, 0x0000019a544d0000]
CodeHeap 'non-nmethods': size=5760Kb used=1238Kb max_used=1303Kb free=4521Kb
 bounds [0x0000019a4ca00000, 0x0000019a4cc70000, 0x0000019a4cfa0000]
 total_blobs=3617 nmethods=3071 adapters=458
 compilation: enabled
              stopped_count=0, restarted_count=0
 full_count=0

Compilation events (20 events):
Event: 2.979 Thread 0x0000019a68359e90 nmethod 3060 0x0000019a54676e10 code [0x0000019a54676fa0, 0x0000019a54677308]
Event: 2.979 Thread 0x0000019a68359e90 3037   !   4       java.nio.ByteBuffer::wrap (21 bytes)
Event: 2.981 Thread 0x0000019a68359e90 nmethod 3037 0x0000019a54677510 code [0x0000019a546776a0, 0x0000019a54677958]
Event: 2.981 Thread 0x0000019a68359e90 3040       4       java.nio.HeapByteBuffer::<init> (23 bytes)
Event: 2.985 Thread 0x0000019a68359e90 nmethod 3040 0x0000019a54677c90 code [0x0000019a54677e20, 0x0000019a54678238]
Event: 2.985 Thread 0x0000019a68359e90 3104       4       java.time.zone.ZoneRules::findTransitionArray (89 bytes)
Event: 2.989 Thread 0x0000019a6835d950 3108       2       sun.nio.fs.WindowsChannelFactory$Flags::toFlags (320 bytes)
Event: 2.990 Thread 0x0000019a6835d950 nmethod 3108 0x0000019a4d5be290 code [0x0000019a4d5be580, 0x0000019a4d5bf518]
Event: 2.990 Thread 0x0000019a6835d950 3107       2       sun.nio.fs.WindowsChannelFactory::newFileChannel (130 bytes)
Event: 2.990 Thread 0x0000019a6835d950 nmethod 3107 0x0000019a4d5bfb90 code [0x0000019a4d5bfd80, 0x0000019a4d5c00e8]
Event: 2.990 Thread 0x0000019a6835d950 3109       2       sun.nio.fs.WindowsChannelFactory$Flags::<init> (20 bytes)
Event: 2.990 Thread 0x0000019a6835d950 nmethod 3109 0x0000019a4d5c0290 code [0x0000019a4d5c0420, 0x0000019a4d5c0538]
Event: 2.990 Thread 0x0000019a6835d950 3110   !   2       sun.nio.fs.WindowsChannelFactory::open (457 bytes)
Event: 2.991 Thread 0x0000019a6835d950 nmethod 3110 0x0000019a4d5c0610 code [0x0000019a4d5c0860, 0x0000019a4d5c1128]
Event: 2.995 Thread 0x0000019a6835d950 3111 %     3       org.objectweb.asm.ClassReader::readMethod @ 103 (1066 bytes)
Event: 2.997 Thread 0x0000019a68359e90 nmethod 3104 0x0000019a54678510 code [0x0000019a546786e0, 0x0000019a54678eb8]
Event: 2.997 Thread 0x0000019a68359e90 3105       4       java.time.zone.ZoneRules::getOffsetInfo (278 bytes)
Event: 3.001 Thread 0x0000019a6835d950 nmethod 3111% 0x0000019a4d5c1610 code [0x0000019a4d5c1d80, 0x0000019a4d5c6a48]
Event: 3.005 Thread 0x0000019a6835d950 3114       3       org.objectweb.asm.ClassReader::readMethod (1066 bytes)
Event: 3.010 Thread 0x0000019a6835d950 nmethod 3114 0x0000019a4d5c8890 code [0x0000019a4d5c8fe0, 0x0000019a4d5cd808]

GC Heap History (15 events):
Event: 0.861 GC heap before
{Heap before GC invocations=0 (full 0):
 garbage-first heap   total 262144K, used 32768K [0x0000000701400000, 0x0000000800000000)
  region size 2048K, 11 young (22528K), 0 survivors (0K)
 Metaspace       used 3302K, committed 3392K, reserved 1056768K
  class space    used 289K, committed 320K, reserved 1048576K
}
Event: 0.865 GC heap after
{Heap after GC invocations=1 (full 0):
 garbage-first heap   total 262144K, used 22160K [0x0000000701400000, 0x0000000800000000)
  region size 2048K, 2 young (4096K), 2 survivors (4096K)
 Metaspace       used 3302K, committed 3392K, reserved 1056768K
  class space    used 289K, committed 320K, reserved 1048576K
}
Event: 1.235 GC heap before
{Heap before GC invocations=1 (full 0):
 garbage-first heap   total 262144K, used 40592K [0x0000000701400000, 0x0000000800000000)
  region size 2048K, 11 young (22528K), 2 survivors (4096K)
 Metaspace       used 6482K, committed 6656K, reserved 1056768K
  class space    used 664K, committed 768K, reserved 1048576K
}
Event: 1.238 GC heap after
{Heap after GC invocations=2 (full 0):
 garbage-first heap   total 262144K, used 23223K [0x0000000701400000, 0x0000000800000000)
  region size 2048K, 1 young (2048K), 1 survivors (2048K)
 Metaspace       used 6482K, committed 6656K, reserved 1056768K
  class space    used 664K, committed 768K, reserved 1048576K
}
Event: 2.424 GC heap before
{Heap before GC invocations=2 (full 0):
 garbage-first heap   total 262144K, used 82615K [0x0000000701400000, 0x0000000800000000)
  region size 2048K, 29 young (59392K), 1 survivors (2048K)
 Metaspace       used 14590K, committed 14848K, reserved 1064960K
  class space    used 1669K, committed 1792K, reserved 1048576K
}
Event: 2.427 GC heap after
{Heap after GC invocations=3 (full 0):
 garbage-first heap   total 262144K, used 29644K [0x0000000701400000, 0x0000000800000000)
  region size 2048K, 4 young (8192K), 4 survivors (8192K)
 Metaspace       used 14590K, committed 14848K, reserved 1064960K
  class space    used 1669K, committed 1792K, reserved 1048576K
}
Event: 2.783 GC heap before
{Heap before GC invocations=3 (full 0):
 garbage-first heap   total 262144K, used 177100K [0x0000000701400000, 0x0000000800000000)
  region size 2048K, 76 young (155648K), 4 survivors (8192K)
 Metaspace       used 15823K, committed 16064K, reserved 1064960K
  class space    used 1790K, committed 1920K, reserved 1048576K
}
Event: 2.803 GC heap after
{Heap after GC invocations=4 (full 0):
 garbage-first heap   total 262144K, used 73935K [0x0000000701400000, 0x0000000800000000)
  region size 2048K, 10 young (20480K), 10 survivors (20480K)
 Metaspace       used 15823K, committed 16064K, reserved 1064960K
  class space    used 1790K, committed 1920K, reserved 1048576K
}
Event: 2.857 GC heap before
{Heap before GC invocations=4 (full 0):
 garbage-first heap   total 262144K, used 159951K [0x0000000701400000, 0x0000000800000000)
  region size 2048K, 53 young (108544K), 10 survivors (20480K)
 Metaspace       used 15833K, committed 16064K, reserved 1064960K
  class space    used 1790K, committed 1920K, reserved 1048576K
}
Event: 2.870 GC heap after
{Heap after GC invocations=5 (full 0):
 garbage-first heap   total 262144K, used 89444K [0x0000000701400000, 0x0000000800000000)
  region size 2048K, 7 young (14336K), 7 survivors (14336K)
 Metaspace       used 15833K, committed 16064K, reserved 1064960K
  class space    used 1790K, committed 1920K, reserved 1048576K
}
Event: 2.902 GC heap before
{Heap before GC invocations=5 (full 0):
 garbage-first heap   total 262144K, used 136548K [0x0000000701400000, 0x0000000800000000)
  region size 2048K, 31 young (63488K), 7 survivors (14336K)
 Metaspace       used 15839K, committed 16064K, reserved 1064960K
  class space    used 1791K, committed 1920K, reserved 1048576K
}
Event: 2.908 GC heap after
{Heap after GC invocations=6 (full 0):
 garbage-first heap   total 262144K, used 98695K [0x0000000701400000, 0x0000000800000000)
  region size 2048K, 4 young (8192K), 4 survivors (8192K)
 Metaspace       used 15839K, committed 16064K, reserved 1064960K
  class space    used 1791K, committed 1920K, reserved 1048576K
}
Event: 2.955 GC heap before
{Heap before GC invocations=6 (full 0):
 garbage-first heap   total 262144K, used 186759K [0x0000000701400000, 0x0000000800000000)
  region size 2048K, 46 young (94208K), 4 survivors (8192K)
 Metaspace       used 15841K, committed 16064K, reserved 1064960K
  class space    used 1791K, committed 1920K, reserved 1048576K
}
Event: 2.961 GC heap after
{Heap after GC invocations=7 (full 0):
 garbage-first heap   total 262144K, used 115883K [0x0000000701400000, 0x0000000800000000)
  region size 2048K, 6 young (12288K), 6 survivors (12288K)
 Metaspace       used 15841K, committed 16064K, reserved 1064960K
  class space    used 1791K, committed 1920K, reserved 1048576K
}
Event: 3.014 GC heap before
{Heap before GC invocations=7 (full 0):
 garbage-first heap   total 262144K, used 193707K [0x0000000701400000, 0x0000000800000000)
  region size 2048K, 45 young (92160K), 6 survivors (12288K)
 Metaspace       used 15848K, committed 16064K, reserved 1064960K
  class space    used 1791K, committed 1920K, reserved 1048576K
}

Deoptimization events (20 events):
Event: 2.780 Thread 0x0000019a6bae8960 DEOPT PACKING pc=0x0000019a4d578148 sp=0x0000009705cfe9a0
Event: 2.781 Thread 0x0000019a6bae8960 DEOPT UNPACKING pc=0x0000019a4ca52b43 sp=0x0000009705cfde60 mode 0
Event: 2.782 Thread 0x0000019a6bae7fc0 DEOPT PACKING pc=0x0000019a4d578148 sp=0x00000097059fef90
Event: 2.782 Thread 0x0000019a6bae7fc0 DEOPT UNPACKING pc=0x0000019a4ca52b43 sp=0x00000097059fe450 mode 0
Event: 2.805 Thread 0x0000019a6bae8490 DEOPT PACKING pc=0x0000019a4d578148 sp=0x0000009705afee60
Event: 2.805 Thread 0x0000019a6bae8490 DEOPT UNPACKING pc=0x0000019a4ca52b43 sp=0x0000009705afe320 mode 0
Event: 2.807 Thread 0x0000019a6bae8490 DEOPT PACKING pc=0x0000019a4d578148 sp=0x0000009705afee60
Event: 2.807 Thread 0x0000019a6bae8490 DEOPT UNPACKING pc=0x0000019a4ca52b43 sp=0x0000009705afe320 mode 0
Event: 2.808 Thread 0x0000019a6bae8960 DEOPT PACKING pc=0x0000019a4d578148 sp=0x0000009705cfe9a0
Event: 2.808 Thread 0x0000019a6bae8960 DEOPT UNPACKING pc=0x0000019a4ca52b43 sp=0x0000009705cfde60 mode 0
Event: 2.810 Thread 0x0000019a6bae8960 DEOPT PACKING pc=0x0000019a4d578148 sp=0x0000009705cfe9a0
Event: 2.810 Thread 0x0000019a6bae8960 DEOPT UNPACKING pc=0x0000019a4ca52b43 sp=0x0000009705cfde60 mode 0
Event: 2.972 Thread 0x0000019a6bae6c80 Uncommon trap: trap_request=0xffffff45 fr.pc=0x0000019a5467018c relative=0x0000000000003d6c
Event: 2.972 Thread 0x0000019a6bae6c80 Uncommon trap: reason=unstable_if action=reinterpret pc=0x0000019a5467018c method=org.objectweb.asm.ClassReader.readField(Lorg/objectweb/asm/ClassVisitor;Lorg/objectweb/asm/Context;I)I @ 200 c2
Event: 2.972 Thread 0x0000019a6bae6c80 DEOPT PACKING pc=0x0000019a5467018c sp=0x00000097057feae0
Event: 2.972 Thread 0x0000019a6bae6c80 DEOPT UNPACKING pc=0x0000019a4ca523a3 sp=0x00000097057feab8 mode 2
Event: 2.972 Thread 0x0000019a6bae6c80 Uncommon trap: trap_request=0xffffff45 fr.pc=0x0000019a5465af54 relative=0x0000000000001c74
Event: 2.972 Thread 0x0000019a6bae6c80 Uncommon trap: reason=unstable_if action=reinterpret pc=0x0000019a5465af54 method=org.objectweb.asm.ClassReader.readMethod(Lorg/objectweb/asm/ClassVisitor;Lorg/objectweb/asm/Context;I)I @ 335 c2
Event: 2.972 Thread 0x0000019a6bae6c80 DEOPT PACKING pc=0x0000019a5465af54 sp=0x00000097057feae0
Event: 2.972 Thread 0x0000019a6bae6c80 DEOPT UNPACKING pc=0x0000019a4ca523a3 sp=0x00000097057fea98 mode 2

Classes unloaded (0 events):
No events

Classes redefined (0 events):
No events

Internal exceptions (20 events):
Event: 2.652 Thread 0x0000019a451bb3f0 Exception <a 'sun/nio/fs/WindowsException'{0x000000070baa0938}> (0x000000070baa0938) 
thrown [t:\workspace\open\src\hotspot\share\prims\jni.cpp, line 516]
Event: 2.654 Thread 0x0000019a451bb3f0 Exception <a 'sun/nio/fs/WindowsException'{0x000000070baa2330}> (0x000000070baa2330) 
thrown [t:\workspace\open\src\hotspot\share\prims\jni.cpp, line 516]
Event: 2.655 Thread 0x0000019a451bb3f0 Exception <a 'sun/nio/fs/WindowsException'{0x000000070baa2b08}> (0x000000070baa2b08) 
thrown [t:\workspace\open\src\hotspot\share\prims\jni.cpp, line 516]
Event: 2.657 Thread 0x0000019a451bb3f0 Exception <a 'sun/nio/fs/WindowsException'{0x000000070baa4528}> (0x000000070baa4528) 
thrown [t:\workspace\open\src\hotspot\share\prims\jni.cpp, line 516]
Event: 2.657 Thread 0x0000019a451bb3f0 Exception <a 'sun/nio/fs/WindowsException'{0x000000070baa4d18}> (0x000000070baa4d18) 
thrown [t:\workspace\open\src\hotspot\share\prims\jni.cpp, line 516]
Event: 2.659 Thread 0x0000019a451bb3f0 Exception <a 'sun/nio/fs/WindowsException'{0x000000070baa6628}> (0x000000070baa6628) 
thrown [t:\workspace\open\src\hotspot\share\prims\jni.cpp, line 516]
Event: 2.660 Thread 0x0000019a451bb3f0 Exception <a 'sun/nio/fs/WindowsException'{0x000000070baa7550}> (0x000000070baa7550) 
thrown [t:\workspace\open\src\hotspot\share\prims\jni.cpp, line 516]
Event: 2.660 Thread 0x0000019a451bb3f0 Exception <a 'sun/nio/fs/WindowsException'{0x000000070baa84d0}> (0x000000070baa84d0) 
thrown [t:\workspace\open\src\hotspot\share\prims\jni.cpp, line 516]
Event: 2.660 Thread 0x0000019a451bb3f0 Exception <a 'sun/nio/fs/WindowsException'{0x000000070baa9438}> (0x000000070baa9438) 
thrown [t:\workspace\open\src\hotspot\share\prims\jni.cpp, line 516]
Event: 2.660 Thread 0x0000019a451bb3f0 Exception <a 'sun/nio/fs/WindowsException'{0x000000070baa9d38}> (0x000000070baa9d38) 
thrown [t:\workspace\open\src\hotspot\share\prims\jni.cpp, line 516]
Event: 2.662 Thread 0x0000019a451bb3f0 Exception <a 'sun/nio/fs/WindowsException'{0x000000070baab718}> (0x000000070baab718) 
thrown [t:\workspace\open\src\hotspot\share\prims\jni.cpp, line 516]
Event: 2.663 Thread 0x0000019a451bb3f0 Exception <a 'sun/nio/fs/WindowsException'{0x000000070baac6e0}> (0x000000070baac6e0) 
thrown [t:\workspace\open\src\hotspot\share\prims\jni.cpp, line 516]
Event: 2.665 Thread 0x0000019a451bb3f0 Exception <a 'sun/nio/fs/WindowsException'{0x000000070bab91a0}> (0x000000070bab91a0) 
thrown [t:\workspace\open\src\hotspot\share\prims\jni.cpp, line 516]
Event: 2.665 Thread 0x0000019a451bb3f0 Exception <a 'sun/nio/fs/WindowsException'{0x000000070bab95a8}> (0x000000070bab95a8) 
thrown [t:\workspace\open\src\hotspot\share\prims\jni.cpp, line 516]
Event: 2.665 Thread 0x0000019a451bb3f0 Exception <a 'sun/nio/fs/WindowsException'{0x000000070bab9d80}> (0x000000070bab9d80) 
thrown [t:\workspace\open\src\hotspot\share\prims\jni.cpp, line 516]
Event: 2.665 Thread 0x0000019a451bb3f0 Exception <a 'sun/nio/fs/WindowsException'{0x000000070baba330}> (0x000000070baba330) 
thrown [t:\workspace\open\src\hotspot\share\prims\jni.cpp, line 516]
Event: 2.667 Thread 0x0000019a451bb3f0 Exception <a 'sun/nio/fs/WindowsException'{0x000000070babb068}> (0x000000070babb068) 
thrown [t:\workspace\open\src\hotspot\share\prims\jni.cpp, line 516]
Event: 2.667 Thread 0x0000019a451bb3f0 Exception <a 'sun/nio/fs/WindowsException'{0x000000070babb6e8}> (0x000000070babb6e8) 
thrown [t:\workspace\open\src\hotspot\share\prims\jni.cpp, line 516]
Event: 2.669 Thread 0x0000019a451bb3f0 Exception <a 'sun/nio/fs/WindowsException'{0x000000070bac4640}> (0x000000070bac4640) 
thrown [t:\workspace\open\src\hotspot\share\prims\jni.cpp, line 516]
Event: 2.669 Thread 0x0000019a451bb3f0 Exception <a 'sun/nio/fs/WindowsException'{0x000000070bac4a48}> (0x000000070bac4a48) 
thrown [t:\workspace\open\src\hotspot\share\prims\jni.cpp, line 516]

VM Operations (20 events):
Event: 2.603 Executing VM operation: HandshakeAllThreads done
Event: 2.625 Executing VM operation: HandshakeAllThreads
Event: 2.625 Executing VM operation: HandshakeAllThreads done
Event: 2.743 Executing VM operation: ICBufferFull
Event: 2.747 Executing VM operation: ICBufferFull done
Event: 2.783 Executing VM operation: G1CollectForAllocation
Event: 2.783 Executing VM operation: G1CollectForAllocation done
Event: 2.783 Executing VM operation: G1CollectForAllocation
Event: 2.803 Executing VM operation: G1CollectForAllocation done
Event: 2.856 Executing VM operation: G1CollectForAllocation
Event: 2.871 Executing VM operation: G1CollectForAllocation done
Event: 2.901 Executing VM operation: G1CollectForAllocation
Event: 2.902 Executing VM operation: G1CollectForAllocation done
Event: 2.902 Executing VM operation: G1CollectForAllocation
Event: 2.908 Executing VM operation: G1CollectForAllocation done
Event: 2.955 Executing VM operation: G1CollectForAllocation
Event: 2.955 Executing VM operation: G1CollectForAllocation done
Event: 2.955 Executing VM operation: G1CollectForAllocation
Event: 2.961 Executing VM operation: G1CollectForAllocation done
Event: 3.014 Executing VM operation: G1CollectForAllocation

Events (20 events):
Event: 2.600 loading class java/util/concurrent/TimeUnit$1
Event: 2.600 loading class java/util/concurrent/TimeUnit$1 done
Event: 2.604 loading class java/nio/channels/NonWritableChannelException
Event: 2.604 loading class java/nio/channels/NonWritableChannelException done
Event: 2.604 loading class java/nio/channels/ClosedChannelException
Event: 2.604 loading class java/nio/channels/ClosedChannelException done
Event: 2.619 loading class java/net/NetworkInterface$1
Event: 2.619 loading class java/net/NetworkInterface$1 done
Event: 2.643 loading class sun/security/provider/AbstractDrbg$NonceProvider
Event: 2.643 loading class sun/security/provider/AbstractDrbg$NonceProvider done
Event: 2.645 loading class java/nio/channels/Channels$1
Event: 2.645 loading class java/nio/channels/Channels$1 done
Event: 2.667 loading class java/lang/invoke/MethodHandle$1
Event: 2.667 loading class java/lang/invoke/MethodHandle$1 done
Event: 2.713 loading class java/io/DataOutputStream
Event: 2.713 loading class java/io/DataOutputStream done
Event: 2.713 loading class java/util/concurrent/CompletableFuture$Signaller
Event: 2.713 loading class java/util/concurrent/CompletableFuture$Signaller done
Event: 2.777 loading class jdk/internal/access/foreign/MemorySegmentProxy
Event: 2.777 loading class jdk/internal/access/foreign/MemorySegmentProxy done


Dynamic libraries:
0x00007ff75f5b0000 - 0x00007ff75f5c0000 	C:\Program Files\Java\jdk-17.0.2\bin\java.exe
0x00007ff8ca2d0000 - 0x00007ff8ca4c8000 	C:\WINDOWS\SYSTEM32\ntdll.dll
0x00007ff8c90d0000 - 0x00007ff8c918f000 	C:\WINDOWS\System32\KERNEL32.DLL
0x00007ff8c7e40000 - 0x00007ff8c811a000 	C:\WINDOWS\System32\KERNELBASE.dll
0x00007ff8c8120000 - 0x00007ff8c8220000 	C:\WINDOWS\System32\ucrtbase.dll
0x00007ff897590000 - 0x00007ff8975a8000 	C:\Program Files\Java\jdk-17.0.2\bin\jli.dll
0x00007ff89c940000 - 0x00007ff89c95a000 	C:\Program Files\Java\jdk-17.0.2\bin\VCRUNTIME140.dll
0x00007ff8c99e0000 - 0x00007ff8c9a8e000 	C:\WINDOWS\System32\ADVAPI32.dll
0x00007ff8c9550000 - 0x00007ff8c95ee000 	C:\WINDOWS\System32\msvcrt.dll
0x00007ff8c9b60000 - 0x00007ff8c9bfc000 	C:\WINDOWS\System32\sechost.dll
0x00007ff8c8e60000 - 0x00007ff8c8f86000 	C:\WINDOWS\System32\RPCRT4.dll
0x00007ff8c8cc0000 - 0x00007ff8c8e5d000 	C:\WINDOWS\System32\USER32.dll
0x00007ff8c8270000 - 0x00007ff8c8292000 	C:\WINDOWS\System32\win32u.dll
0x00007ff8b7400000 - 0x00007ff8b769a000 	C:\WINDOWS\WinSxS\amd64_microsoft.windows.common-controls_6595b64144ccf1df_6.0.19041.1110_none_60b5254171f9507e\COMCTL32.dll
0x00007ff8c8c90000 - 0x00007ff8c8cbb000 	C:\WINDOWS\System32\GDI32.dll
0x00007ff8c7a80000 - 0x00007ff8c7b90000 	C:\WINDOWS\System32\gdi32full.dll
0x00007ff8c79e0000 - 0x00007ff8c7a7d000 	C:\WINDOWS\System32\msvcp_win.dll
0x00007ff8bd0d0000 - 0x00007ff8bd0da000 	C:\WINDOWS\SYSTEM32\VERSION.dll
0x00007ff8c9d30000 - 0x00007ff8c9d60000 	C:\WINDOWS\System32\IMM32.DLL
0x00007ff8a5560000 - 0x00007ff8a556c000 	C:\Program Files\Java\jdk-17.0.2\bin\vcruntime140_1.dll
0x00007ff8923e0000 - 0x00007ff89246d000 	C:\Program Files\Java\jdk-17.0.2\bin\msvcp140.dll
0x00007ff86d5b0000 - 0x00007ff86e171000 	C:\Program Files\Java\jdk-17.0.2\bin\server\jvm.dll
0x00007ff8c9670000 - 0x00007ff8c9678000 	C:\WINDOWS\System32\PSAPI.DLL
0x00007ff8c33f0000 - 0x00007ff8c33f9000 	C:\WINDOWS\SYSTEM32\WSOCK32.dll
0x00007ff8b86d0000 - 0x00007ff8b86f7000 	C:\WINDOWS\SYSTEM32\WINMM.dll
0x00007ff8c9680000 - 0x00007ff8c96eb000 	C:\WINDOWS\System32\WS2_32.dll
0x00007ff8c6230000 - 0x00007ff8c6242000 	C:\WINDOWS\SYSTEM32\kernel.appcore.dll
0x00007ff8a1fb0000 - 0x00007ff8a1fba000 	C:\Program Files\Java\jdk-17.0.2\bin\jimage.dll
0x00007ff8c5870000 - 0x00007ff8c5a54000 	C:\WINDOWS\SYSTEM32\DBGHELP.DLL
0x00007ff8b6a60000 - 0x00007ff8b6a94000 	C:\WINDOWS\SYSTEM32\dbgcore.DLL
0x00007ff8c82a0000 - 0x00007ff8c8322000 	C:\WINDOWS\System32\bcryptPrimitives.dll
0x00007ff8c1450000 - 0x00007ff8c145e000 	C:\Program Files\Java\jdk-17.0.2\bin\instrument.dll
0x00007ff8970e0000 - 0x00007ff897105000 	C:\Program Files\Java\jdk-17.0.2\bin\java.dll
0x00007ff8901c0000 - 0x00007ff890296000 	C:\Program Files\Java\jdk-17.0.2\bin\jsvml.dll
0x00007ff8c8540000 - 0x00007ff8c8c84000 	C:\WINDOWS\System32\SHELL32.dll
0x00007ff8c5a80000 - 0x00007ff8c6213000 	C:\WINDOWS\SYSTEM32\windows.storage.dll
0x00007ff8c9190000 - 0x00007ff8c94e4000 	C:\WINDOWS\System32\combase.dll
0x00007ff8c73d0000 - 0x00007ff8c73fe000 	C:\WINDOWS\SYSTEM32\Wldp.dll
0x00007ff8c8f90000 - 0x00007ff8c903d000 	C:\WINDOWS\System32\SHCORE.dll
0x00007ff8c9d60000 - 0x00007ff8c9db5000 	C:\WINDOWS\System32\shlwapi.dll
0x00007ff8c7920000 - 0x00007ff8c793f000 	C:\WINDOWS\SYSTEM32\profapi.dll
0x00007ff893330000 - 0x00007ff893348000 	C:\Program Files\Java\jdk-17.0.2\bin\zip.dll
0x00007ff894180000 - 0x00007ff894199000 	C:\Program Files\Java\jdk-17.0.2\bin\net.dll
0x00007ff8be710000 - 0x00007ff8be81a000 	C:\WINDOWS\SYSTEM32\WINHTTP.dll
0x00007ff8c70c0000 - 0x00007ff8c712a000 	C:\WINDOWS\system32\mswsock.dll
0x00007ff894160000 - 0x00007ff894176000 	C:\Program Files\Java\jdk-17.0.2\bin\nio.dll
0x00007ff8a6a90000 - 0x00007ff8a6aaa000 	C:\Users\stijn\AppData\Local\JetBrains\Toolbox\apps\IDEA-U\ch-0\223.8617.56\bin\breakgen64.dll
0x00007ff8c3430000 - 0x00007ff8c3439000 	C:\Program Files\Java\jdk-17.0.2\bin\management.dll
0x00007ff8b8660000 - 0x00007ff8b866b000 	C:\Program Files\Java\jdk-17.0.2\bin\management_ext.dll
0x00007ff892360000 - 0x00007ff892377000 	C:\WINDOWS\system32\napinsp.dll
0x00007ff892340000 - 0x00007ff89235b000 	C:\WINDOWS\system32\pnrpnsp.dll
0x00007ff8c27f0000 - 0x00007ff8c2805000 	C:\WINDOWS\system32\wshbth.dll
0x00007ff8c3390000 - 0x00007ff8c33ad000 	C:\WINDOWS\system32\NLAapi.dll
0x00007ff8c6db0000 - 0x00007ff8c6dec000 	C:\WINDOWS\SYSTEM32\IPHLPAPI.DLL
0x00007ff8c6df0000 - 0x00007ff8c6ebb000 	C:\WINDOWS\SYSTEM32\DNSAPI.dll
0x00007ff8c9d20000 - 0x00007ff8c9d28000 	C:\WINDOWS\System32\NSI.dll
0x00007ff8922b0000 - 0x00007ff8922c2000 	C:\WINDOWS\System32\winrnr.dll
0x00007ff8c00c0000 - 0x00007ff8c00ca000 	C:\Windows\System32\rasadhlp.dll
0x00007ff8bd3d0000 - 0x00007ff8bd450000 	C:\WINDOWS\System32\fwpuclnt.dll
0x00007ff8c7c00000 - 0x00007ff8c7c27000 	C:\WINDOWS\System32\bcrypt.dll
0x00007ff8a1d90000 - 0x00007ff8a1da0000 	C:\Program Files\Java\jdk-17.0.2\bin\verify.dll
0x00007ff8c72b0000 - 0x00007ff8c72c8000 	C:\WINDOWS\SYSTEM32\CRYPTSP.dll
0x00007ff8c69e0000 - 0x00007ff8c6a14000 	C:\WINDOWS\system32\rsaenh.dll
0x00007ff8c78e0000 - 0x00007ff8c790e000 	C:\WINDOWS\SYSTEM32\USERENV.dll
0x00007ff8c72d0000 - 0x00007ff8c72dc000 	C:\WINDOWS\SYSTEM32\CRYPTBASE.dll
0x00007ff8bf2a0000 - 0x00007ff8bf2b7000 	C:\WINDOWS\SYSTEM32\dhcpcsvc6.DLL
0x00007ff8c02d0000 - 0x00007ff8c02ed000 	C:\WINDOWS\SYSTEM32\dhcpcsvc.DLL

dbghelp: loaded successfully - version: 4.0.5 - missing functions: none
symbol engine: initialized successfully - sym options: 0x614 - pdb path: .;C:\Program Files\Java\jdk-17.0.2\bin;C:\WINDOWS\SYSTEM32;C:\WINDOWS\WinSxS\amd64_microsoft.windows.common-controls_6595b64144ccf1df_6.0.19041.1110_none_60b5254171f9507e;C:\Program Files\Java\jdk-17.0.2\bin\server;C:\Users\stijn\AppData\Local\JetBrains\Toolbox\apps\IDEA-U\ch-0\223.8617.56\bin

VM Arguments:
jvm_args: -Dfabric.dli.config=C:\Users\stijn\Desktop\Upgraded-Vanilla-Companion-Mod\.gradle\loom-cache\launch.cfg -Dfabric.dli.env=client -Dfabric.dli.main=net.fabricmc.loader.impl.launch.knot.KnotClient -javaagent:C:\Users\stijn\AppData\Local\JetBrains\Toolbox\apps\IDEA-U\ch-0\223.8617.56\lib\idea_rt.jar=64992:C:\Users\stijn\AppData\Local\JetBrains\Toolbox\apps\IDEA-U\ch-0\223.8617.56\bin -Dfile.encoding=UTF-8 
java_command: net.fabricmc.devlaunchinjector.Main
java_class_path (initial): C:\Users\stijn\Desktop\Upgraded-Vanilla-Companion-Mod\build\classes\java\main;C:\Users\stijn\Desktop\Upgraded-Vanilla-Companion-Mod\build\resources\main;C:\Users\stijn\.gradle\caches\modules-2\files-2.1\com.electronwill.night-config\toml\3.6.5\76d244e23fd69c681c2effcdaa602950167ec406\toml-3.6.5.jar;C:\Users\stijn\.gradle\caches\modules-2\files-2.1\com.electronwill.night-config\core\3.6.5\96a255af6a7a2e23d2be6f393b7cabb80aa180a4\core-3.6.5.jar;C:\Users\stijn\.gradle\caches\modules-2\files-2.1\com.google.code.findbugs\jsr305\3.0.2\25ea2e8b0c338a877313bd4672d3fe056ea78f0d\jsr305-3.0.2.jar;C:\Users\stijn\.gradle\caches\modules-2\files-2.1\javax.annotation\javax.annotation-api\1.3.2\934c04d3cfef185a8008e7bf34331b79730a9d43\javax.annotation-api-1.3.2.jar;C:\Users\stijn\.gradle\caches\modules-2\files-2.1\com.github.LlamaLad7\MixinExtras\0.1.1\509f2869426473a0faec75539db756367065816d\MixinExtras-0.1.1.jar;C:\Users\stijn\.gradle\caches\modules-2\files-2.1\blue.endless\jankson\1.2.0\3a596049034f2952c0b2d40ca41f9b98856d5fb4\jankson-1.2.0.jar;C:\Users\stijn\.gradle\caches\modules-2\files-2.1\com.moandjiezana.toml\toml4j\0.7.2\a03337911d0bd2c40932aca3946edb30d0e7d0c\toml4j-0.7.2.jar;C:\Users\stijn\.gradle\caches\modules-2\files-2.1\org.yaml\snakeyaml\1.27\359d62567480b07a679dc643f82fc926b100eed5\snakeyaml-1.27.jar;C:\Users\stijn\.gradle\caches\modules-2\files-2.1\com.google.code.gson\gson\2.8.9\8a432c1d6825781e21a02db2e2c33c5fde2833b9\gson-2.8.9.jar;C:\Users\stijn\.gradle\caches\modules-2\files-2.1\net.fabricmc\tiny-mappings-parser\0.3.0+build.17\2f10540a290e382a7cd35c16ec3900046a4e252\tiny-mappings-parser-0.3.0+build.17.jar;C:\Users\stijn\.gradle\caches\modules-2\files-2.1\net.fabricmc\sponge-mixin\0.11.4+mixin.0.8.5\c1dc27696aa4006e492c2485c9ccbcb26045a971\sponge-mixin-0.11.4+mixin.0.8.5.jar;C:\Users\stijn\.gradle\caches\modules-2\files-2.1\net.fabricmc\tiny-remapper\0.8.2\2cc6565989469ec38893bfb7802b31c0d0d11ea0\tiny-remapper-0.8.2.jar;C:\Users\st
Launcher Type: SUN_STANDARD

[Global flags]
     intx CICompilerCount                          = 4                                         {product} {ergonomic}
     uint ConcGCThreads                            = 3                                         {product} {ergonomic}
     uint G1ConcRefinementThreads                  = 10                                        {product} {ergonomic}
   size_t G1HeapRegionSize                         = 2097152                                   {product} {ergonomic}
    uintx GCDrainStackTargetSize                   = 64                                        {product} {ergonomic}
   size_t InitialHeapSize                          = 268435456                                 {product} {ergonomic}
   size_t MarkStackSize                            = 4194304                                   {product} {ergonomic}
   size_t MaxHeapSize                              = 4273995776                                {product} {ergonomic}
   size_t MaxNewSize                               = 2562719744                                {product} {ergonomic}
   size_t MinHeapDeltaBytes                        = 2097152                                   {product} {ergonomic}
   size_t MinHeapSize                              = 8388608                                   {product} {ergonomic}
    uintx NonNMethodCodeHeapSize                   = 5839372                                {pd product} {ergonomic}
    uintx NonProfiledCodeHeapSize                  = 122909434                              {pd product} {ergonomic}
    uintx ProfiledCodeHeapSize                     = 122909434                              {pd product} {ergonomic}
    uintx ReservedCodeCacheSize                    = 251658240                              {pd product} {ergonomic}
     bool SegmentedCodeCache                       = true                                      {product} {ergonomic}
   size_t SoftMaxHeapSize                          = 4273995776                             {manageable} {ergonomic}
     bool UseCompressedClassPointers               = true                           {product lp64_product} {ergonomic}
     bool UseCompressedOops                        = true                           {product lp64_product} {ergonomic}
     bool UseG1GC                                  = true                                      {product} {ergonomic}
     bool UseLargePagesIndividualAllocation        = false                                  {pd product} {ergonomic}

Logging:
Log output configuration:
 #0: stdout all=warning uptime,level,tags
 #1: stderr all=off uptime,level,tags

Environment Variables:
JAVA_HOME=C:\Program Files\Java\jdk-17.0.2\
PATH=C:\Python311\Scripts\;C:\Python311\;C:\Program Files\Eclipse Adoptium\jdk-17.0.6.10-hotspot\bin;C:\Program Files\Microsoft\jdk-17.0.6.10-hotspot\bin;D:\Oculus\Support\oculus-runtime;C:\Program Files (x86)\Common Files\Oracle\Java\javapath;C:\Program Files\Microsoft MPI\Bin\;C:\Program Files (x86)\Common Files\Intel\Shared Libraries\redist\intel64\compiler;C:\Windows\system32;C:\Windows;C:\Windows\System32\Wbem;C:\Windows\System32\WindowsPowerShell\v1.0\;C:\Windows\System32\OpenSSH\;C:\Program Files (x86)\NVIDIA Corporation\PhysX\Common;C:\WINDOWS\system32;C:\WINDOWS;C:\WINDOWS\System32\Wbem;C:\WINDOWS\System32\WindowsPowerShell\v1.0\;C:\WINDOWS\System32\OpenSSH\;C:\Go\bin;C:\Program Files\WorldPainter;C:\Program Files\Prio;C:\Program Files\dotnet\;C:\Program Files (x86)\Microsoft SQL Server\150\Tools\Binn\;C:\Program Files\Microsoft SQL Server\150\Tools\Binn\;C:\Program Files (x86)\Microsoft SQL Server\150\DTS\Binn\;C:\Program Files\Microsoft SQL Server\150\DTS\Binn\;C:\Program Files\Microsoft SQL Server\Client SDK\ODBC\170\Tools\Binn\;C:\Program Files\Azure Data Studio\bin;C:\Program Files\Docker\Docker\resources\bin;C:\ProgramData\DockerDesktop\version-bin;C:\Program Files\Java\jdk-16.0.2\bin;C:\Program Files\Java\scripts;C:\sqlite3;D:\vclibs\SDL2-2.24.0\lib\x64;C:\Program Files\MongoDB\Server\6.0\bin;C:\Program Files\MongoDB\Tools\100\bin;C:\Program Files\NVIDIA Corporation\NVIDIA NvDLISR;C:\apache-maven-3.8.7\bin;C:\Program Files\ArangoDB3 3.10.3\usr\bin;C:\Program Files\Git\cmd;C:\Program Files\nodejs\;C:\ProgramData\chocolatey\bin;C:\Users\stijn\AppData\Local\Microsoft\WindowsApps;C:\Users\stijn\go\bin;C:\Program Files\Azure Data Studio\bin;C:\Users\stijn\AppData\Local\Programs\Microsoft VS Code\bin;C:\Users\stijn\AppData\Local\GitHubDesktop\bin;C:\Program Files\JetBrains\IntelliJ IDEA 2021.3.2\bin;C:\msys64\mingw64\bin;C:\Users\stijn\.dotnet\tools;C:\Users\stijn\AppData\Local\JetBrains\Toolbox\scripts;C:\FFmpeg\bin;C:\Program Files\Microsoft JDBC DRIVER 11.
USERNAME=Stijn Arts
OS=Windows_NT
PROCESSOR_IDENTIFIER=Intel64 Family 6 Model 158 Stepping 10, GenuineIntel



---------------  S Y S T E M  ---------------

OS:
 Windows 10 , 64 bit Build 19041 (10.0.19041.2788)
OS uptime: 0 days 1:05 hours

CPU: total 12 (initial active 12) (6 cores per cpu, 2 threads per core) family 6 model 158 stepping 10 microcode 0xd6, cx8, cmov, fxsr, ht, mmx, 3dnowpref, sse, sse2, sse3, ssse3, sse4.1, sse4.2, popcnt, lzcnt, tsc, tscinvbit, avx, avx2, aes, erms, clmul, bmi1, bmi2, adx, fma, vzeroupper, clflush, clflushopt

Memory: 4k page, system-wide physical 16303M (8525M free)
TotalPageFile size 26303M (AvailPageFile size 147M)
current process WorkingSet (physical memory assigned to process): 367M, peak: 367M
current process commit charge ("private bytes"): 427M, peak: 691M

vm_info: Java HotSpot(TM) 64-Bit Server VM (17.0.2+8-LTS-86) for windows-amd64 JRE (17.0.2+8-LTS-86), built on Dec  7 2021 21:51:03 by "mach5one" with MS VC++ 16.8 / 16.9 (VS2019)

END.
